#
# There is insufficient memory for the Java Runtime Environment to continue.
# Native memory allocation (malloc) failed to allocate 358000 bytes for Chunk::new
# Possible reasons:
#   The system is out of physical RAM or swap space
#   The process is running with CompressedOops enabled, and the Java Heap may be blocking the growth of the native heap
# Possible solutions:
#   Reduce memory load on the system
#   Increase physical memory or swap space
#   Check if swap backing store is full
#   Decrease Java heap size (-Xmx/-Xms)
#   Decrease number of Java threads
#   Decrease Java thread stack sizes (-Xss)
#   Set larger code cache with -XX:ReservedCodeCacheSize=
#   JVM is running with Unscaled Compressed Oops mode in which the Java heap is
#     placed in the first 4GB address space. The Java Heap base address is the
#     maximum limit for the native heap growth. Please use -XX:HeapBaseMinAddress
#     to set the Java Heap base and to place the Java Heap above 4GB virtual address.
# This output file may be truncated or incomplete.
#
#  Out of Memory Error (arena.cpp:189), pid=16272, tid=13392
#
# JRE version: Java(TM) SE Runtime Environment (17.0.1+12) (build 17.0.1+12-LTS-39)
# Java VM: Java HotSpot(TM) 64-Bit Server VM (17.0.1+12-LTS-39, mixed mode, sharing, tiered, compressed oops, compressed class ptrs, g1 gc, windows-amd64)
# No core dump will be written. Minidumps are not enabled by default on client versions of Windows
#

---------------  S U M M A R Y ------------

Command Line: -Dmaven.multiModuleProjectDirectory=C:\Users\yoniy\IdeaProjects\HMO_Prototype\client -Dmaven.home=C:\Program Files\JetBrains\IntelliJ IDEA 2021.1.3\plugins\maven\lib\maven3 -Dclassworlds.conf=C:\Program Files\JetBrains\IntelliJ IDEA 2021.1.3\plugins\maven\lib\maven3\bin\m2.conf -Dmaven.ext.class.path=C:\Program Files\JetBrains\IntelliJ IDEA 2021.1.3\plugins\maven\lib\maven-event-listener.jar -javaagent:C:\Program Files\JetBrains\IntelliJ IDEA 2021.1.3\lib\idea_rt.jar=54663:C:\Program Files\JetBrains\IntelliJ IDEA 2021.1.3\bin -Dfile.encoding=UTF-8 org.codehaus.classworlds.Launcher -Didea.version=2021.1.3 -Dexec:args=localhost 3004 clean javafx:run -X

Host: Intel(R) Core(TM) i5-8250U CPU @ 1.60GHz, 8 cores, 7G,  Windows 10 , 64 bit Build 19041 (10.0.19041.1348)
Time: Tue Jan 11 10:16:23 2022  Windows 10 , 64 bit Build 19041 (10.0.19041.1348) elapsed time: 0.476980 seconds (0d 0h 0m 0s)

---------------  T H R E A D  ---------------

Current thread (0x0000018e46d837b0):  JavaThread "C2 CompilerThread0" daemon [_thread_in_native, id=13392, stack(0x00000060aee00000,0x00000060aef00000)]


Current CompileTask:
C2:    477  771  s!   4       jdk.internal.loader.URLClassPath::getLoader (194 bytes)

Stack: [0x00000060aee00000,0x00000060aef00000]
Native frames: (J=compiled Java code, j=interpreted, Vv=VM code, C=native code)
V  [jvm.dll+0x66fa1a]
V  [jvm.dll+0x7ce5a4]
V  [jvm.dll+0x7cfd4e]
V  [jvm.dll+0x7d03b3]
V  [jvm.dll+0x242b05]
V  [jvm.dll+0xaa05b]
V  [jvm.dll+0xaa5ec]
V  [jvm.dll+0x35fa07]
V  [jvm.dll+0x329f51]
V  [jvm.dll+0x3293fa]
V  [jvm.dll+0x215bf1]
V  [jvm.dll+0x215011]
V  [jvm.dll+0x1a168d]
V  [jvm.dll+0x224848]
V  [jvm.dll+0x2229ac]
V  [jvm.dll+0x78435b]
V  [jvm.dll+0x77e91a]
V  [jvm.dll+0x66e845]
C  [ucrtbase.dll+0x21bb2]
C  [KERNEL32.DLL+0x17034]
C  [ntdll.dll+0x52651]


---------------  P R O C E S S  ---------------

Threads class SMR info:
_java_thread_list=0x0000018e4808cc90, length=14, elements={
0x0000018e28d13990, 0x0000018e46d5e0f0, 0x0000018e46d5ee70, 0x0000018e46d727a0,
0x0000018e46d75070, 0x0000018e46d75930, 0x0000018e46d77600, 0x0000018e46d837b0,
0x0000018e46da4170, 0x0000018e46db7240, 0x0000018e46d466c0, 0x0000018e478fe9d0,
0x0000018e479003c0, 0x0000018e480967b0
}

Java Threads: ( => current thread )
  0x0000018e28d13990 JavaThread "main" [_thread_in_vm, id=1552, stack(0x00000060ae100000,0x00000060ae200000)]
  0x0000018e46d5e0f0 JavaThread "Reference Handler" daemon [_thread_blocked, id=6632, stack(0x00000060ae800000,0x00000060ae900000)]
  0x0000018e46d5ee70 JavaThread "Finalizer" daemon [_thread_blocked, id=13124, stack(0x00000060ae900000,0x00000060aea00000)]
  0x0000018e46d727a0 JavaThread "Signal Dispatcher" daemon [_thread_blocked, id=17000, stack(0x00000060aea00000,0x00000060aeb00000)]
  0x0000018e46d75070 JavaThread "Attach Listener" daemon [_thread_blocked, id=9784, stack(0x00000060aeb00000,0x00000060aec00000)]
  0x0000018e46d75930 JavaThread "Service Thread" daemon [_thread_blocked, id=17396, stack(0x00000060aec00000,0x00000060aed00000)]
  0x0000018e46d77600 JavaThread "Monitor Deflation Thread" daemon [_thread_blocked, id=908, stack(0x00000060aed00000,0x00000060aee00000)]
=>0x0000018e46d837b0 JavaThread "C2 CompilerThread0" daemon [_thread_in_native, id=13392, stack(0x00000060aee00000,0x00000060aef00000)]
  0x0000018e46da4170 JavaThread "C1 CompilerThread0" daemon [_thread_blocked, id=8136, stack(0x00000060aef00000,0x00000060af000000)]
  0x0000018e46db7240 JavaThread "Sweeper thread" daemon [_thread_blocked, id=14808, stack(0x00000060af000000,0x00000060af100000)]
  0x0000018e46d466c0 JavaThread "Common-Cleaner" daemon [_thread_blocked, id=10068, stack(0x00000060af100000,0x00000060af200000)]
  0x0000018e478fe9d0 JavaThread "Monitor Ctrl-Break" daemon [_thread_in_native, id=18364, stack(0x00000060af200000,0x00000060af300000)]
  0x0000018e479003c0 JavaThread "Notification Thread" daemon [_thread_blocked, id=15372, stack(0x00000060af300000,0x00000060af400000)]
  0x0000018e480967b0 JavaThread "C2 CompilerThread1" daemon [_thread_in_native, id=11528, stack(0x00000060af500000,0x00000060af600000)]

Other Threads:
  0x0000018e46d58d20 VMThread "VM Thread" [stack: 0x00000060ae700000,0x00000060ae800000] [id=8304]
  0x0000018e47906d30 WatcherThread [stack: 0x00000060af400000,0x00000060af500000] [id=10456]
  0x0000018e28d517d0 GCTaskThread "GC Thread#0" [stack: 0x00000060ae200000,0x00000060ae300000] [id=16100]
  0x0000018e28d632f0 ConcurrentGCThread "G1 Main Marker" [stack: 0x00000060ae300000,0x00000060ae400000] [id=4740]
  0x0000018e28d64c20 ConcurrentGCThread "G1 Conc#0" [stack: 0x00000060ae400000,0x00000060ae500000] [id=11888]
  0x0000018e28de0340 ConcurrentGCThread "G1 Refine#0" [stack: 0x00000060ae500000,0x00000060ae600000] [id=12748]
  0x0000018e28de0c70 ConcurrentGCThread "G1 Service" [stack: 0x00000060ae600000,0x00000060ae700000] [id=2924]

Threads with active compile tasks:
C2 CompilerThread0      545  771  s!   4       jdk.internal.loader.URLClassPath::getLoader (194 bytes)
C2 CompilerThread1      545  777   !   4       java.util.zip.ZipFile::getEntry (59 bytes)

VM state: not at safepoint (normal execution)

VM Mutex/Monitor currently owned by a thread:  ([mutex/lock_event])
[0x0000018e28d027e0] Metaspace_lock - owner thread: 0x0000018e28d13990

Heap address: 0x0000000081a00000, size: 2022 MB, Compressed Oops mode: 32-bit

CDS archive(s) mapped at: [0x0000000800000000-0x0000000800bc0000-0x0000000800bc0000), size 12320768, SharedBaseAddress: 0x0000000800000000, ArchiveRelocationMode: 0.
Compressed class space mapped at: 0x0000000800c00000-0x0000000840c00000, reserved size: 1073741824
Narrow klass base: 0x0000000800000000, Narrow klass shift: 0, Narrow klass range: 0x100000000

GC Precious Log:
 CPUs: 8 total, 8 available
 Memory: 8087M
 Large Page Support: Disabled
 NUMA Support: Disabled
 Compressed Oops: Enabled (32-bit)
 Heap Region Size: 1M
 Heap Min Capacity: 8M
 Heap Initial Capacity: 128M
 Heap Max Capacity: 2022M
 Pre-touch: Disabled
 Parallel Workers: 8
 Concurrent Workers: 2
 Concurrent Refinement Workers: 8
 Periodic GC: Disabled

Heap:
 garbage-first heap   total 131072K, used 12288K [0x0000000081a00000, 0x0000000100000000)
  region size 1024K, 14 young (14336K), 0 survivors (0K)
 Metaspace       used 3899K, committed 4096K, reserved 1056768K
  class space    used 395K, committed 512K, reserved 1048576K

Heap Regions: E=young(eden), S=young(survivor), O=old, HS=humongous(starts), HC=humongous(continues), CS=collection set, F=free, OA=open archive, CA=closed archive, TAMS=top-at-mark-start (previous, next)
|   0|0x0000000081a00000, 0x0000000081a00000, 0x0000000081b00000|  0%| F|  |TAMS 0x0000000081a00000, 0x0000000081a00000| Untracked 
|   1|0x0000000081b00000, 0x0000000081b00000, 0x0000000081c00000|  0%| F|  |TAMS 0x0000000081b00000, 0x0000000081b00000| Untracked 
|   2|0x0000000081c00000, 0x0000000081c00000, 0x0000000081d00000|  0%| F|  |TAMS 0x0000000081c00000, 0x0000000081c00000| Untracked 
|   3|0x0000000081d00000, 0x0000000081d00000, 0x0000000081e00000|  0%| F|  |TAMS 0x0000000081d00000, 0x0000000081d00000| Untracked 
|   4|0x0000000081e00000, 0x0000000081e00000, 0x0000000081f00000|  0%| F|  |TAMS 0x0000000081e00000, 0x0000000081e00000| Untracked 
|   5|0x0000000081f00000, 0x0000000081f00000, 0x0000000082000000|  0%| F|  |TAMS 0x0000000081f00000, 0x0000000081f00000| Untracked 
|   6|0x0000000082000000, 0x0000000082000000, 0x0000000082100000|  0%| F|  |TAMS 0x0000000082000000, 0x0000000082000000| Untracked 
|   7|0x0000000082100000, 0x0000000082100000, 0x0000000082200000|  0%| F|  |TAMS 0x0000000082100000, 0x0000000082100000| Untracked 
|   8|0x0000000082200000, 0x0000000082200000, 0x0000000082300000|  0%| F|  |TAMS 0x0000000082200000, 0x0000000082200000| Untracked 
|   9|0x0000000082300000, 0x0000000082300000, 0x0000000082400000|  0%| F|  |TAMS 0x0000000082300000, 0x0000000082300000| Untracked 
|  10|0x0000000082400000, 0x0000000082400000, 0x0000000082500000|  0%| F|  |TAMS 0x0000000082400000, 0x0000000082400000| Untracked 
|  11|0x0000000082500000, 0x0000000082500000, 0x0000000082600000|  0%| F|  |TAMS 0x0000000082500000, 0x0000000082500000| Untracked 
|  12|0x0000000082600000, 0x0000000082600000, 0x0000000082700000|  0%| F|  |TAMS 0x0000000082600000, 0x0000000082600000| Untracked 
|  13|0x0000000082700000, 0x0000000082700000, 0x0000000082800000|  0%| F|  |TAMS 0x0000000082700000, 0x0000000082700000| Untracked 
|  14|0x0000000082800000, 0x0000000082800000, 0x0000000082900000|  0%| F|  |TAMS 0x0000000082800000, 0x0000000082800000| Untracked 
|  15|0x0000000082900000, 0x0000000082900000, 0x0000000082a00000|  0%| F|  |TAMS 0x0000000082900000, 0x0000000082900000| Untracked 
|  16|0x0000000082a00000, 0x0000000082a00000, 0x0000000082b00000|  0%| F|  |TAMS 0x0000000082a00000, 0x0000000082a00000| Untracked 
|  17|0x0000000082b00000, 0x0000000082b00000, 0x0000000082c00000|  0%| F|  |TAMS 0x0000000082b00000, 0x0000000082b00000| Untracked 
|  18|0x0000000082c00000, 0x0000000082c00000, 0x0000000082d00000|  0%| F|  |TAMS 0x0000000082c00000, 0x0000000082c00000| Untracked 
|  19|0x0000000082d00000, 0x0000000082d00000, 0x0000000082e00000|  0%| F|  |TAMS 0x0000000082d00000, 0x0000000082d00000| Untracked 
|  20|0x0000000082e00000, 0x0000000082e00000, 0x0000000082f00000|  0%| F|  |TAMS 0x0000000082e00000, 0x0000000082e00000| Untracked 
|  21|0x0000000082f00000, 0x0000000082f00000, 0x0000000083000000|  0%| F|  |TAMS 0x0000000082f00000, 0x0000000082f00000| Untracked 
|  22|0x0000000083000000, 0x0000000083000000, 0x0000000083100000|  0%| F|  |TAMS 0x0000000083000000, 0x0000000083000000| Untracked 
|  23|0x0000000083100000, 0x0000000083100000, 0x0000000083200000|  0%| F|  |TAMS 0x0000000083100000, 0x0000000083100000| Untracked 
|  24|0x0000000083200000, 0x0000000083200000, 0x0000000083300000|  0%| F|  |TAMS 0x0000000083200000, 0x0000000083200000| Untracked 
|  25|0x0000000083300000, 0x0000000083300000, 0x0000000083400000|  0%| F|  |TAMS 0x0000000083300000, 0x0000000083300000| Untracked 
|  26|0x0000000083400000, 0x0000000083400000, 0x0000000083500000|  0%| F|  |TAMS 0x0000000083400000, 0x0000000083400000| Untracked 
|  27|0x0000000083500000, 0x0000000083500000, 0x0000000083600000|  0%| F|  |TAMS 0x0000000083500000, 0x0000000083500000| Untracked 
|  28|0x0000000083600000, 0x0000000083600000, 0x0000000083700000|  0%| F|  |TAMS 0x0000000083600000, 0x0000000083600000| Untracked 
|  29|0x0000000083700000, 0x0000000083700000, 0x0000000083800000|  0%| F|  |TAMS 0x0000000083700000, 0x0000000083700000| Untracked 
|  30|0x0000000083800000, 0x0000000083800000, 0x0000000083900000|  0%| F|  |TAMS 0x0000000083800000, 0x0000000083800000| Untracked 
|  31|0x0000000083900000, 0x0000000083900000, 0x0000000083a00000|  0%| F|  |TAMS 0x0000000083900000, 0x0000000083900000| Untracked 
|  32|0x0000000083a00000, 0x0000000083a00000, 0x0000000083b00000|  0%| F|  |TAMS 0x0000000083a00000, 0x0000000083a00000| Untracked 
|  33|0x0000000083b00000, 0x0000000083b00000, 0x0000000083c00000|  0%| F|  |TAMS 0x0000000083b00000, 0x0000000083b00000| Untracked 
|  34|0x0000000083c00000, 0x0000000083c00000, 0x0000000083d00000|  0%| F|  |TAMS 0x0000000083c00000, 0x0000000083c00000| Untracked 
|  35|0x0000000083d00000, 0x0000000083d00000, 0x0000000083e00000|  0%| F|  |TAMS 0x0000000083d00000, 0x0000000083d00000| Untracked 
|  36|0x0000000083e00000, 0x0000000083e00000, 0x0000000083f00000|  0%| F|  |TAMS 0x0000000083e00000, 0x0000000083e00000| Untracked 
|  37|0x0000000083f00000, 0x0000000083f00000, 0x0000000084000000|  0%| F|  |TAMS 0x0000000083f00000, 0x0000000083f00000| Untracked 
|  38|0x0000000084000000, 0x0000000084000000, 0x0000000084100000|  0%| F|  |TAMS 0x0000000084000000, 0x0000000084000000| Untracked 
|  39|0x0000000084100000, 0x0000000084100000, 0x0000000084200000|  0%| F|  |TAMS 0x0000000084100000, 0x0000000084100000| Untracked 
|  40|0x0000000084200000, 0x0000000084200000, 0x0000000084300000|  0%| F|  |TAMS 0x0000000084200000, 0x0000000084200000| Untracked 
|  41|0x0000000084300000, 0x0000000084300000, 0x0000000084400000|  0%| F|  |TAMS 0x0000000084300000, 0x0000000084300000| Untracked 
|  42|0x0000000084400000, 0x0000000084400000, 0x0000000084500000|  0%| F|  |TAMS 0x0000000084400000, 0x0000000084400000| Untracked 
|  43|0x0000000084500000, 0x0000000084500000, 0x0000000084600000|  0%| F|  |TAMS 0x0000000084500000, 0x0000000084500000| Untracked 
|  44|0x0000000084600000, 0x0000000084600000, 0x0000000084700000|  0%| F|  |TAMS 0x0000000084600000, 0x0000000084600000| Untracked 
|  45|0x0000000084700000, 0x0000000084700000, 0x0000000084800000|  0%| F|  |TAMS 0x0000000084700000, 0x0000000084700000| Untracked 
|  46|0x0000000084800000, 0x0000000084800000, 0x0000000084900000|  0%| F|  |TAMS 0x0000000084800000, 0x0000000084800000| Untracked 
|  47|0x0000000084900000, 0x0000000084900000, 0x0000000084a00000|  0%| F|  |TAMS 0x0000000084900000, 0x0000000084900000| Untracked 
|  48|0x0000000084a00000, 0x0000000084a00000, 0x0000000084b00000|  0%| F|  |TAMS 0x0000000084a00000, 0x0000000084a00000| Untracked 
|  49|0x0000000084b00000, 0x0000000084b00000, 0x0000000084c00000|  0%| F|  |TAMS 0x0000000084b00000, 0x0000000084b00000| Untracked 
|  50|0x0000000084c00000, 0x0000000084c00000, 0x0000000084d00000|  0%| F|  |TAMS 0x0000000084c00000, 0x0000000084c00000| Untracked 
|  51|0x0000000084d00000, 0x0000000084d00000, 0x0000000084e00000|  0%| F|  |TAMS 0x0000000084d00000, 0x0000000084d00000| Untracked 
|  52|0x0000000084e00000, 0x0000000084e00000, 0x0000000084f00000|  0%| F|  |TAMS 0x0000000084e00000, 0x0000000084e00000| Untracked 
|  53|0x0000000084f00000, 0x0000000084f00000, 0x0000000085000000|  0%| F|  |TAMS 0x0000000084f00000, 0x0000000084f00000| Untracked 
|  54|0x0000000085000000, 0x0000000085000000, 0x0000000085100000|  0%| F|  |TAMS 0x0000000085000000, 0x0000000085000000| Untracked 
|  55|0x0000000085100000, 0x0000000085100000, 0x0000000085200000|  0%| F|  |TAMS 0x0000000085100000, 0x0000000085100000| Untracked 
|  56|0x0000000085200000, 0x0000000085200000, 0x0000000085300000|  0%| F|  |TAMS 0x0000000085200000, 0x0000000085200000| Untracked 
|  57|0x0000000085300000, 0x0000000085300000, 0x0000000085400000|  0%| F|  |TAMS 0x0000000085300000, 0x0000000085300000| Untracked 
|  58|0x0000000085400000, 0x0000000085400000, 0x0000000085500000|  0%| F|  |TAMS 0x0000000085400000, 0x0000000085400000| Untracked 
|  59|0x0000000085500000, 0x0000000085500000, 0x0000000085600000|  0%| F|  |TAMS 0x0000000085500000, 0x0000000085500000| Untracked 
|  60|0x0000000085600000, 0x0000000085600000, 0x0000000085700000|  0%| F|  |TAMS 0x0000000085600000, 0x0000000085600000| Untracked 
|  61|0x0000000085700000, 0x0000000085700000, 0x0000000085800000|  0%| F|  |TAMS 0x0000000085700000, 0x0000000085700000| Untracked 
|  62|0x0000000085800000, 0x0000000085800000, 0x0000000085900000|  0%| F|  |TAMS 0x0000000085800000, 0x0000000085800000| Untracked 
|  63|0x0000000085900000, 0x0000000085900000, 0x0000000085a00000|  0%| F|  |TAMS 0x0000000085900000, 0x0000000085900000| Untracked 
|  64|0x0000000085a00000, 0x0000000085a00000, 0x0000000085b00000|  0%| F|  |TAMS 0x0000000085a00000, 0x0000000085a00000| Untracked 
|  65|0x0000000085b00000, 0x0000000085b00000, 0x0000000085c00000|  0%| F|  |TAMS 0x0000000085b00000, 0x0000000085b00000| Untracked 
|  66|0x0000000085c00000, 0x0000000085c00000, 0x0000000085d00000|  0%| F|  |TAMS 0x0000000085c00000, 0x0000000085c00000| Untracked 
|  67|0x0000000085d00000, 0x0000000085d00000, 0x0000000085e00000|  0%| F|  |TAMS 0x0000000085d00000, 0x0000000085d00000| Untracked 
|  68|0x0000000085e00000, 0x0000000085e00000, 0x0000000085f00000|  0%| F|  |TAMS 0x0000000085e00000, 0x0000000085e00000| Untracked 
|  69|0x0000000085f00000, 0x0000000085f00000, 0x0000000086000000|  0%| F|  |TAMS 0x0000000085f00000, 0x0000000085f00000| Untracked 
|  70|0x0000000086000000, 0x0000000086000000, 0x0000000086100000|  0%| F|  |TAMS 0x0000000086000000, 0x0000000086000000| Untracked 
|  71|0x0000000086100000, 0x0000000086100000, 0x0000000086200000|  0%| F|  |TAMS 0x0000000086100000, 0x0000000086100000| Untracked 
|  72|0x0000000086200000, 0x0000000086200000, 0x0000000086300000|  0%| F|  |TAMS 0x0000000086200000, 0x0000000086200000| Untracked 
|  73|0x0000000086300000, 0x0000000086300000, 0x0000000086400000|  0%| F|  |TAMS 0x0000000086300000, 0x0000000086300000| Untracked 
|  74|0x0000000086400000, 0x0000000086400000, 0x0000000086500000|  0%| F|  |TAMS 0x0000000086400000, 0x0000000086400000| Untracked 
|  75|0x0000000086500000, 0x0000000086500000, 0x0000000086600000|  0%| F|  |TAMS 0x0000000086500000, 0x0000000086500000| Untracked 
|  76|0x0000000086600000, 0x0000000086600000, 0x0000000086700000|  0%| F|  |TAMS 0x0000000086600000, 0x0000000086600000| Untracked 
|  77|0x0000000086700000, 0x0000000086700000, 0x0000000086800000|  0%| F|  |TAMS 0x0000000086700000, 0x0000000086700000| Untracked 
|  78|0x0000000086800000, 0x0000000086800000, 0x0000000086900000|  0%| F|  |TAMS 0x0000000086800000, 0x0000000086800000| Untracked 
|  79|0x0000000086900000, 0x0000000086900000, 0x0000000086a00000|  0%| F|  |TAMS 0x0000000086900000, 0x0000000086900000| Untracked 
|  80|0x0000000086a00000, 0x0000000086a00000, 0x0000000086b00000|  0%| F|  |TAMS 0x0000000086a00000, 0x0000000086a00000| Untracked 
|  81|0x0000000086b00000, 0x0000000086b00000, 0x0000000086c00000|  0%| F|  |TAMS 0x0000000086b00000, 0x0000000086b00000| Untracked 
|  82|0x0000000086c00000, 0x0000000086c00000, 0x0000000086d00000|  0%| F|  |TAMS 0x0000000086c00000, 0x0000000086c00000| Untracked 
|  83|0x0000000086d00000, 0x0000000086d00000, 0x0000000086e00000|  0%| F|  |TAMS 0x0000000086d00000, 0x0000000086d00000| Untracked 
|  84|0x0000000086e00000, 0x0000000086e00000, 0x0000000086f00000|  0%| F|  |TAMS 0x0000000086e00000, 0x0000000086e00000| Untracked 
|  85|0x0000000086f00000, 0x0000000086f00000, 0x0000000087000000|  0%| F|  |TAMS 0x0000000086f00000, 0x0000000086f00000| Untracked 
|  86|0x0000000087000000, 0x0000000087000000, 0x0000000087100000|  0%| F|  |TAMS 0x0000000087000000, 0x0000000087000000| Untracked 
|  87|0x0000000087100000, 0x0000000087100000, 0x0000000087200000|  0%| F|  |TAMS 0x0000000087100000, 0x0000000087100000| Untracked 
|  88|0x0000000087200000, 0x0000000087200000, 0x0000000087300000|  0%| F|  |TAMS 0x0000000087200000, 0x0000000087200000| Untracked 
|  89|0x0000000087300000, 0x0000000087300000, 0x0000000087400000|  0%| F|  |TAMS 0x0000000087300000, 0x0000000087300000| Untracked 
|  90|0x0000000087400000, 0x0000000087400000, 0x0000000087500000|  0%| F|  |TAMS 0x0000000087400000, 0x0000000087400000| Untracked 
|  91|0x0000000087500000, 0x0000000087500000, 0x0000000087600000|  0%| F|  |TAMS 0x0000000087500000, 0x0000000087500000| Untracked 
|  92|0x0000000087600000, 0x0000000087600000, 0x0000000087700000|  0%| F|  |TAMS 0x0000000087600000, 0x0000000087600000| Untracked 
|  93|0x0000000087700000, 0x0000000087700000, 0x0000000087800000|  0%| F|  |TAMS 0x0000000087700000, 0x0000000087700000| Untracked 
|  94|0x0000000087800000, 0x0000000087800000, 0x0000000087900000|  0%| F|  |TAMS 0x0000000087800000, 0x0000000087800000| Untracked 
|  95|0x0000000087900000, 0x0000000087900000, 0x0000000087a00000|  0%| F|  |TAMS 0x0000000087900000, 0x0000000087900000| Untracked 
|  96|0x0000000087a00000, 0x0000000087a00000, 0x0000000087b00000|  0%| F|  |TAMS 0x0000000087a00000, 0x0000000087a00000| Untracked 
|  97|0x0000000087b00000, 0x0000000087b00000, 0x0000000087c00000|  0%| F|  |TAMS 0x0000000087b00000, 0x0000000087b00000| Untracked 
|  98|0x0000000087c00000, 0x0000000087c00000, 0x0000000087d00000|  0%| F|  |TAMS 0x0000000087c00000, 0x0000000087c00000| Untracked 
|  99|0x0000000087d00000, 0x0000000087d00000, 0x0000000087e00000|  0%| F|  |TAMS 0x0000000087d00000, 0x0000000087d00000| Untracked 
| 100|0x0000000087e00000, 0x0000000087e00000, 0x0000000087f00000|  0%| F|  |TAMS 0x0000000087e00000, 0x0000000087e00000| Untracked 
| 101|0x0000000087f00000, 0x0000000087f00000, 0x0000000088000000|  0%| F|  |TAMS 0x0000000087f00000, 0x0000000087f00000| Untracked 
| 102|0x0000000088000000, 0x0000000088000000, 0x0000000088100000|  0%| F|  |TAMS 0x0000000088000000, 0x0000000088000000| Untracked 
| 103|0x0000000088100000, 0x0000000088100000, 0x0000000088200000|  0%| F|  |TAMS 0x0000000088100000, 0x0000000088100000| Untracked 
| 104|0x0000000088200000, 0x0000000088200000, 0x0000000088300000|  0%| F|  |TAMS 0x0000000088200000, 0x0000000088200000| Untracked 
| 105|0x0000000088300000, 0x0000000088300000, 0x0000000088400000|  0%| F|  |TAMS 0x0000000088300000, 0x0000000088300000| Untracked 
| 106|0x0000000088400000, 0x0000000088400000, 0x0000000088500000|  0%| F|  |TAMS 0x0000000088400000, 0x0000000088400000| Untracked 
| 107|0x0000000088500000, 0x0000000088500000, 0x0000000088600000|  0%| F|  |TAMS 0x0000000088500000, 0x0000000088500000| Untracked 
| 108|0x0000000088600000, 0x0000000088600000, 0x0000000088700000|  0%| F|  |TAMS 0x0000000088600000, 0x0000000088600000| Untracked 
| 109|0x0000000088700000, 0x0000000088700000, 0x0000000088800000|  0%| F|  |TAMS 0x0000000088700000, 0x0000000088700000| Untracked 
| 110|0x0000000088800000, 0x0000000088800000, 0x0000000088900000|  0%| F|  |TAMS 0x0000000088800000, 0x0000000088800000| Untracked 
| 111|0x0000000088900000, 0x0000000088900000, 0x0000000088a00000|  0%| F|  |TAMS 0x0000000088900000, 0x0000000088900000| Untracked 
| 112|0x0000000088a00000, 0x0000000088a00000, 0x0000000088b00000|  0%| F|  |TAMS 0x0000000088a00000, 0x0000000088a00000| Untracked 
| 113|0x0000000088b00000, 0x0000000088b00000, 0x0000000088c00000|  0%| F|  |TAMS 0x0000000088b00000, 0x0000000088b00000| Untracked 
| 114|0x0000000088c00000, 0x0000000088c81108, 0x0000000088d00000| 50%| E|  |TAMS 0x0000000088c00000, 0x0000000088c00000| Complete 
| 115|0x0000000088d00000, 0x0000000088e00000, 0x0000000088e00000|100%| E|  |TAMS 0x0000000088d00000, 0x0000000088d00000| Complete 
| 116|0x0000000088e00000, 0x0000000088f00000, 0x0000000088f00000|100%| E|CS|TAMS 0x0000000088e00000, 0x0000000088e00000| Complete 
| 117|0x0000000088f00000, 0x0000000089000000, 0x0000000089000000|100%| E|CS|TAMS 0x0000000088f00000, 0x0000000088f00000| Complete 
| 118|0x0000000089000000, 0x0000000089100000, 0x0000000089100000|100%| E|CS|TAMS 0x0000000089000000, 0x0000000089000000| Complete 
| 119|0x0000000089100000, 0x0000000089200000, 0x0000000089200000|100%| E|CS|TAMS 0x0000000089100000, 0x0000000089100000| Complete 
| 120|0x0000000089200000, 0x0000000089300000, 0x0000000089300000|100%| E|CS|TAMS 0x0000000089200000, 0x0000000089200000| Complete 
| 121|0x0000000089300000, 0x0000000089400000, 0x0000000089400000|100%| E|CS|TAMS 0x0000000089300000, 0x0000000089300000| Complete 
| 122|0x0000000089400000, 0x0000000089500000, 0x0000000089500000|100%| E|CS|TAMS 0x0000000089400000, 0x0000000089400000| Complete 
| 123|0x0000000089500000, 0x0000000089600000, 0x0000000089600000|100%| E|CS|TAMS 0x0000000089500000, 0x0000000089500000| Complete 
| 124|0x0000000089600000, 0x0000000089700000, 0x0000000089700000|100%| E|CS|TAMS 0x0000000089600000, 0x0000000089600000| Complete 
| 125|0x0000000089700000, 0x0000000089800000, 0x0000000089800000|100%| E|CS|TAMS 0x0000000089700000, 0x0000000089700000| Complete 
| 126|0x0000000089800000, 0x0000000089900000, 0x0000000089900000|100%| E|CS|TAMS 0x0000000089800000, 0x0000000089800000| Complete 
| 127|0x0000000089900000, 0x0000000089a00000, 0x0000000089a00000|100%| E|CS|TAMS 0x0000000089900000, 0x0000000089900000| Complete 

Card table byte_map: [0x0000018e3fc50000,0x0000018e40050000] _byte_map_base: 0x0000018e3f843000

Marking Bits (Prev, Next): (CMBitMap*) 0x0000018e28d52d00, (CMBitMap*) 0x0000018e28d52d40
 Prev Bits: [0x0000018e40450000, 0x0000018e423e8000)
 Next Bits: [0x0000018e423f0000, 0x0000018e44388000)

Polling page: 0x0000018e26cc0000

Metaspace:

Usage:
  Non-class:      3.42 MB used.
      Class:    395.19 KB used.
       Both:      3.81 MB used.

Virtual space:
  Non-class space:        8.00 MB reserved,       3.50 MB ( 44%) committed,  1 nodes.
      Class space:        1.00 GB reserved,     512.00 KB ( <1%) committed,  1 nodes.
             Both:        1.01 GB reserved,       4.00 MB ( <1%) committed. 

Chunk freelists:
   Non-Class:  2.48 MB
       Class:  3.53 MB
        Both:  6.02 MB

MaxMetaspaceSize: unlimited
CompressedClassSpaceSize: 1.00 GB
Initial GC threshold: 21.00 MB
Current GC threshold: 21.00 MB
CDS: on
MetaspaceReclaimPolicy: balanced
 - commit_granule_bytes: 65536.
 - commit_granule_words: 8192.
 - virtual_space_node_default_size: 1048576.
 - enlarge_chunks_in_place: 1.
 - new_chunks_are_fully_committed: 0.
 - uncommit_free_chunks: 1.
 - use_allocation_guard: 0.
 - handle_deallocations: 1.


Internal statistics:

num_allocs_failed_limit: 0.
num_arena_births: 24.
num_arena_deaths: 0.
num_vsnodes_births: 2.
num_vsnodes_deaths: 0.
num_space_committed: 64.
num_space_uncommitted: 0.
num_chunks_returned_to_freelist: 0.
num_chunks_taken_from_freelist: 108.
num_chunk_merges: 0.
num_chunk_splits: 75.
num_chunks_enlarged: 57.
num_purges: 0.
num_inconsistent_stats: 0.

CodeHeap 'non-profiled nmethods': size=120000Kb used=244Kb max_used=244Kb free=119755Kb
 bounds [0x0000018e37ff0000, 0x0000018e38260000, 0x0000018e3f520000]
CodeHeap 'profiled nmethods': size=120000Kb used=1573Kb max_used=1573Kb free=118426Kb
 bounds [0x0000018e30ac0000, 0x0000018e30d30000, 0x0000018e37ff0000]
CodeHeap 'non-nmethods': size=5760Kb used=1152Kb max_used=1168Kb free=4607Kb
 bounds [0x0000018e30520000, 0x0000018e30790000, 0x0000018e30ac0000]
 total_blobs=1281 nmethods=838 adapters=356
 compilation: enabled
              stopped_count=0, restarted_count=0
 full_count=0

Compilation events (20 events):
Event: 0.454 Thread 0x0000018e46da4170 nmethod 801 0x0000018e30c2c790 code [0x0000018e30c2c920, 0x0000018e30c2caf8]
Event: 0.454 Thread 0x0000018e46da4170  802       3       java.lang.invoke.MethodType$ConcurrentWeakInternSet$WeakEntry::<init> (15 bytes)
Event: 0.454 Thread 0x0000018e46da4170 nmethod 802 0x0000018e30c2cb90 code [0x0000018e30c2cd60, 0x0000018e30c2d168]
Event: 0.454 Thread 0x0000018e46da4170  803       3       java.lang.invoke.MemberName::getMethodOrFieldType (72 bytes)
Event: 0.455 Thread 0x0000018e46da4170 nmethod 803 0x0000018e30c2d290 code [0x0000018e30c2d5c0, 0x0000018e30c2e488]
Event: 0.455 Thread 0x0000018e46da4170  807       3       java.lang.invoke.MethodType::checkPtypes (76 bytes)
Event: 0.456 Thread 0x0000018e46da4170 nmethod 807 0x0000018e30c2e990 code [0x0000018e30c2ec00, 0x0000018e30c2f568]
Event: 0.456 Thread 0x0000018e46da4170  808       3       java.lang.invoke.LambdaForm$Name::initIndex (26 bytes)
Event: 0.456 Thread 0x0000018e46da4170 nmethod 808 0x0000018e30c2f910 code [0x0000018e30c2faa0, 0x0000018e30c2fc58]
Event: 0.456 Thread 0x0000018e46da4170  811       1       java.lang.invoke.MethodTypeForm::basicType (5 bytes)
Event: 0.456 Thread 0x0000018e46da4170 nmethod 811 0x0000018e3802b010 code [0x0000018e3802b1a0, 0x0000018e3802b278]
Event: 0.456 Thread 0x0000018e46da4170  812       3       java.util.Properties$LineReader::readLine (584 bytes)
Event: 0.458 Thread 0x0000018e46da4170 nmethod 812 0x0000018e30c2fd10 code [0x0000018e30c300e0, 0x0000018e30c32c58]
Event: 0.458 Thread 0x0000018e46da4170  813       3       java.lang.Module::isNamed (13 bytes)
Event: 0.458 Thread 0x0000018e46da4170 nmethod 813 0x0000018e30c33990 code [0x0000018e30c33b20, 0x0000018e30c33c98]
Event: 0.458 Thread 0x0000018e46da4170  817       3       jdk.internal.jimage.BasicImageReader::verifyLocation (39 bytes)
Event: 0.458 Thread 0x0000018e46da4170 nmethod 817 0x0000018e30c33d10 code [0x0000018e30c33ee0, 0x0000018e30c341a8]
Event: 0.458 Thread 0x0000018e46da4170  814       3       java.util.Arrays::copyOf (40 bytes)
Event: 0.459 Thread 0x0000018e46da4170 nmethod 814 0x0000018e30c34310 code [0x0000018e30c34500, 0x0000018e30c34be8]
Event: 0.459 Thread 0x0000018e46da4170  815       3       java.util.HashMap$ValueIterator::next (8 bytes)

GC Heap History (0 events):
No events

Deoptimization events (20 events):
Event: 0.188 Thread 0x0000018e28d13990 DEOPT PACKING pc=0x0000018e3800bca0 sp=0x00000060ae1fbfa0
Event: 0.188 Thread 0x0000018e28d13990 DEOPT UNPACKING pc=0x0000018e305723a3 sp=0x00000060ae1fbf40 mode 2
Event: 0.353 Thread 0x0000018e28d13990 DEOPT PACKING pc=0x0000018e30b1e765 sp=0x00000060ae1fd210
Event: 0.353 Thread 0x0000018e28d13990 DEOPT UNPACKING pc=0x0000018e30572b43 sp=0x00000060ae1fc660 mode 0
Event: 0.417 Thread 0x0000018e28d13990 Uncommon trap: trap_request=0xffffff45 fr.pc=0x0000018e380015e8 relative=0x0000000000000448
Event: 0.417 Thread 0x0000018e28d13990 Uncommon trap: reason=unstable_if action=reinterpret pc=0x0000018e380015e8 method=java.lang.StringLatin1.canEncode(I)Z @ 4 c2
Event: 0.417 Thread 0x0000018e28d13990 DEOPT PACKING pc=0x0000018e380015e8 sp=0x00000060ae1fdf50
Event: 0.417 Thread 0x0000018e28d13990 DEOPT UNPACKING pc=0x0000018e305723a3 sp=0x00000060ae1fde78 mode 2
Event: 0.417 Thread 0x0000018e28d13990 Uncommon trap: trap_request=0xffffff45 fr.pc=0x0000018e3800314c relative=0x000000000000042c
Event: 0.417 Thread 0x0000018e28d13990 Uncommon trap: reason=unstable_if action=reinterpret pc=0x0000018e3800314c method=java.lang.AbstractStringBuilder.isLatin1()Z @ 10 c2
Event: 0.417 Thread 0x0000018e28d13990 DEOPT PACKING pc=0x0000018e3800314c sp=0x00000060ae1fdf60
Event: 0.417 Thread 0x0000018e28d13990 DEOPT UNPACKING pc=0x0000018e305723a3 sp=0x00000060ae1fdee0 mode 2
Event: 0.417 Thread 0x0000018e28d13990 Uncommon trap: trap_request=0xffffff45 fr.pc=0x0000018e3800525c relative=0x000000000000005c
Event: 0.417 Thread 0x0000018e28d13990 Uncommon trap: reason=unstable_if action=reinterpret pc=0x0000018e3800525c method=java.lang.AbstractStringBuilder.isLatin1()Z @ 10 c2
Event: 0.417 Thread 0x0000018e28d13990 DEOPT PACKING pc=0x0000018e3800525c sp=0x00000060ae1fdf40
Event: 0.417 Thread 0x0000018e28d13990 DEOPT UNPACKING pc=0x0000018e305723a3 sp=0x00000060ae1fded0 mode 2
Event: 0.420 Thread 0x0000018e28d13990 Uncommon trap: trap_request=0xffffff45 fr.pc=0x0000018e38002638 relative=0x0000000000000038
Event: 0.420 Thread 0x0000018e28d13990 Uncommon trap: reason=unstable_if action=reinterpret pc=0x0000018e38002638 method=java.lang.StringLatin1.canEncode(I)Z @ 4 c2
Event: 0.420 Thread 0x0000018e28d13990 DEOPT PACKING pc=0x0000018e38002638 sp=0x00000060ae1fdee0
Event: 0.420 Thread 0x0000018e28d13990 DEOPT UNPACKING pc=0x0000018e305723a3 sp=0x00000060ae1fde70 mode 2

Classes unloaded (0 events):
No events

Classes redefined (0 events):
No events

Internal exceptions (4 events):
Event: 0.090 Thread 0x0000018e478fe9d0 Exception <a 'java/lang/NoSuchMethodError'{0x00000000898f0868}: 'java.lang.Object java.lang.invoke.DirectMethodHandle$Holder.invokeStaticInit(java.lang.Object)'> (0x00000000898f0868) 
thrown [t:\workspace\open\src\hotspot\share\interpreter\linkResolver.cpp, line 766]
Event: 0.100 Thread 0x0000018e478fe9d0 Exception <a 'java/lang/NoSuchMethodError'{0x00000000898fe708}: 'void java.lang.invoke.DirectMethodHandle$Holder.invokeStatic(java.lang.Object, java.lang.Object)'> (0x00000000898fe708) 
thrown [t:\workspace\open\src\hotspot\share\interpreter\linkResolver.cpp, line 766]
Event: 0.191 Thread 0x0000018e28d13990 Exception <a 'java/lang/NoSuchMethodError'{0x0000000089433658}: 'java.lang.Object java.lang.invoke.DirectMethodHandle$Holder.invokeStaticInit(java.lang.Object, int, int, int, int)'> (0x0000000089433658) 
thrown [t:\workspace\open\src\hotspot\share\interpreter\linkResolver.cpp, line 766]
Event: 0.242 Thread 0x0000018e28d13990 Exception <a 'java/lang/NoSuchMethodError'{0x000000008933cc08}: 'java.lang.Object java.lang.invoke.DirectMethodHandle$Holder.invokeStaticInit(java.lang.Object, java.lang.Object, int, int, int, int)'> (0x000000008933cc08) 
thrown [t:\workspace\open\src\hotspot\share\interpreter\linkResolver.cpp, line 766]

VM Operations (10 events):
Event: 0.056 Executing VM operation: HandshakeAllThreads
Event: 0.057 Executing VM operation: HandshakeAllThreads done
Event: 0.089 Executing VM operation: HandshakeAllThreads
Event: 0.089 Executing VM operation: HandshakeAllThreads done
Event: 0.166 Executing VM operation: HandshakeAllThreads
Event: 0.166 Executing VM operation: HandshakeAllThreads done
Event: 0.256 Executing VM operation: HandshakeAllThreads
Event: 0.256 Executing VM operation: HandshakeAllThreads done
Event: 0.335 Executing VM operation: HandshakeAllThreads
Event: 0.335 Executing VM operation: HandshakeAllThreads done

Events (20 events):
Event: 0.383 loading class jdk/internal/misc/ScopedMemoryAccess$Scope
Event: 0.383 loading class jdk/internal/misc/ScopedMemoryAccess$Scope done
Event: 0.384 loading class java/lang/TypeNotPresentException
Event: 0.384 loading class java/lang/TypeNotPresentException done
Event: 0.388 loading class java/util/concurrent/atomic/AtomicReference
Event: 0.388 loading class java/util/concurrent/atomic/AtomicReference done
Event: 0.393 loading class java/text/ParseException
Event: 0.393 loading class java/text/ParseException done
Event: 0.398 loading class sun/util/calendar/ZoneInfoFile$Checksum
Event: 0.398 loading class sun/util/calendar/ZoneInfoFile$Checksum done
Event: 0.399 loading class jdk/internal/module/ModulePatcher$PatchedModuleReader
Event: 0.400 loading class jdk/internal/module/ModulePatcher$PatchedModuleReader done
Event: 0.400 loading class sun/net/www/protocol/jrt/Handler
Event: 0.400 loading class sun/net/www/protocol/jrt/Handler done
Event: 0.416 loading class sun/text/resources/cldr/FormatData_en
Event: 0.416 loading class sun/text/resources/cldr/FormatData_en done
Event: 0.416 loading class sun/text/resources/cldr/FormatData_en_US
Event: 0.416 loading class sun/text/resources/cldr/FormatData_en_US done
Event: 0.447 loading class java/io/FilterReader
Event: 0.447 loading class java/io/FilterReader done


Dynamic libraries:
0x00007ff7f1fa0000 - 0x00007ff7f1fb0000 	C:\Program Files\Java\jdk-17.0.1\bin\java.exe
0x00007fff91c70000 - 0x00007fff91e65000 	C:\WINDOWS\SYSTEM32\ntdll.dll
0x00007fff8ff50000 - 0x00007fff9000e000 	C:\WINDOWS\System32\KERNEL32.DLL
0x00007fff8f510000 - 0x00007fff8f7d8000 	C:\WINDOWS\System32\KERNELBASE.dll
0x00007fff8f880000 - 0x00007fff8f980000 	C:\WINDOWS\System32\ucrtbase.dll
0x00007fff786e0000 - 0x00007fff786fa000 	C:\Program Files\Java\jdk-17.0.1\bin\VCRUNTIME140.dll
0x00007fff78700000 - 0x00007fff78718000 	C:\Program Files\Java\jdk-17.0.1\bin\jli.dll
0x00007fff90c00000 - 0x00007fff90cac000 	C:\WINDOWS\System32\ADVAPI32.dll
0x00007fff90db0000 - 0x00007fff90e4e000 	C:\WINDOWS\System32\msvcrt.dll
0x00007fff90e80000 - 0x00007fff90f1b000 	C:\WINDOWS\System32\sechost.dll
0x00007fff918f0000 - 0x00007fff91a1a000 	C:\WINDOWS\System32\RPCRT4.dll
0x00007fff90f90000 - 0x00007fff91131000 	C:\WINDOWS\System32\USER32.dll
0x00007fff8f980000 - 0x00007fff8f9a2000 	C:\WINDOWS\System32\win32u.dll
0x00007fff72d50000 - 0x00007fff72fea000 	C:\WINDOWS\WinSxS\amd64_microsoft.windows.common-controls_6595b64144ccf1df_6.0.19041.1110_none_60b5254171f9507e\COMCTL32.dll
0x00007fff90e50000 - 0x00007fff90e7b000 	C:\WINDOWS\System32\GDI32.dll
0x00007fff8fb10000 - 0x00007fff8fc1d000 	C:\WINDOWS\System32\gdi32full.dll
0x00007fff8f7e0000 - 0x00007fff8f87d000 	C:\WINDOWS\System32\msvcp_win.dll
0x00007fff85280000 - 0x00007fff8528a000 	C:\WINDOWS\SYSTEM32\VERSION.dll
0x00007fff90d80000 - 0x00007fff90db0000 	C:\WINDOWS\System32\IMM32.DLL
0x00007fff88d20000 - 0x00007fff88d2c000 	C:\Program Files\Java\jdk-17.0.1\bin\vcruntime140_1.dll
0x00007fff65970000 - 0x00007fff659fd000 	C:\Program Files\Java\jdk-17.0.1\bin\msvcp140.dll
0x00007fff499e0000 - 0x00007fff4a59e000 	C:\Program Files\Java\jdk-17.0.1\bin\server\jvm.dll
0x00007fff90f80000 - 0x00007fff90f88000 	C:\WINDOWS\System32\PSAPI.DLL
0x00007fff71f80000 - 0x00007fff71f89000 	C:\WINDOWS\SYSTEM32\WSOCK32.dll
0x00007fff7a1c0000 - 0x00007fff7a1e7000 	C:\WINDOWS\SYSTEM32\WINMM.dll
0x00007fff908a0000 - 0x00007fff9090b000 	C:\WINDOWS\System32\WS2_32.dll
0x00007fff8df20000 - 0x00007fff8df32000 	C:\WINDOWS\SYSTEM32\kernel.appcore.dll
0x00007fff786d0000 - 0x00007fff786da000 	C:\Program Files\Java\jdk-17.0.1\bin\jimage.dll
0x00007fff8d900000 - 0x00007fff8dae4000 	C:\WINDOWS\SYSTEM32\DBGHELP.DLL
0x00007fff76b70000 - 0x00007fff76b9c000 	C:\WINDOWS\SYSTEM32\dbgcore.DLL
0x00007fff8f480000 - 0x00007fff8f502000 	C:\WINDOWS\System32\bcryptPrimitives.dll
0x00007fff786c0000 - 0x00007fff786ce000 	C:\Program Files\Java\jdk-17.0.1\bin\instrument.dll
0x00007fff71520000 - 0x00007fff71545000 	C:\Program Files\Java\jdk-17.0.1\bin\java.dll
0x00007fff65890000 - 0x00007fff65966000 	C:\Program Files\Java\jdk-17.0.1\bin\svml.dll
0x00007fff911a0000 - 0x00007fff918e4000 	C:\WINDOWS\System32\SHELL32.dll
0x00007fff8d0a0000 - 0x00007fff8d834000 	C:\WINDOWS\SYSTEM32\windows.storage.dll
0x00007fff90010000 - 0x00007fff90365000 	C:\WINDOWS\System32\combase.dll
0x00007fff8edd0000 - 0x00007fff8edfe000 	C:\WINDOWS\SYSTEM32\Wldp.dll
0x00007fff8fcb0000 - 0x00007fff8fd5d000 	C:\WINDOWS\System32\SHCORE.dll
0x00007fff91140000 - 0x00007fff91195000 	C:\WINDOWS\System32\shlwapi.dll
0x00007fff8f2c0000 - 0x00007fff8f2df000 	C:\WINDOWS\SYSTEM32\profapi.dll
0x00007fff713e0000 - 0x00007fff713f8000 	C:\Program Files\Java\jdk-17.0.1\bin\zip.dll
0x00007fff713c0000 - 0x00007fff713d9000 	C:\Program Files\Java\jdk-17.0.1\bin\net.dll
0x00007fff7c0b0000 - 0x00007fff7c1bc000 	C:\WINDOWS\SYSTEM32\WINHTTP.dll
0x00007fff8eb30000 - 0x00007fff8eb9a000 	C:\WINDOWS\system32\mswsock.dll
0x00007fff713a0000 - 0x00007fff713b5000 	C:\Program Files\Java\jdk-17.0.1\bin\nio.dll
0x00007fff71380000 - 0x00007fff7139a000 	C:\Program Files\JetBrains\IntelliJ IDEA 2021.1.3\bin\breakgen64.dll
0x00007fff786b0000 - 0x00007fff786c0000 	C:\Program Files\Java\jdk-17.0.1\bin\verify.dll
0x00007fff8ed20000 - 0x00007fff8ed38000 	C:\WINDOWS\SYSTEM32\CRYPTSP.dll
0x00007fff8e440000 - 0x00007fff8e474000 	C:\WINDOWS\system32\rsaenh.dll
0x00007fff8fc80000 - 0x00007fff8fca7000 	C:\WINDOWS\System32\bcrypt.dll
0x00007fff8f240000 - 0x00007fff8f26e000 	C:\WINDOWS\SYSTEM32\USERENV.dll
0x00007fff8ed40000 - 0x00007fff8ed4c000 	C:\WINDOWS\SYSTEM32\CRYPTBASE.dll
0x00007fff8e7d0000 - 0x00007fff8e80b000 	C:\WINDOWS\SYSTEM32\IPHLPAPI.DLL
0x00007fff90880000 - 0x00007fff90888000 	C:\WINDOWS\System32\NSI.dll
0x00007fff88080000 - 0x00007fff88097000 	C:\WINDOWS\SYSTEM32\dhcpcsvc6.DLL
0x00007fff865d0000 - 0x00007fff865ed000 	C:\WINDOWS\SYSTEM32\dhcpcsvc.DLL
0x00007fff8e810000 - 0x00007fff8e8db000 	C:\WINDOWS\SYSTEM32\DNSAPI.dll
0x00007fff71080000 - 0x00007fff7108a000 	C:\Users\yoniy\AppData\Local\Temp\jansi-1.17.1-11265793946650668889.dll
0x00007fff71050000 - 0x00007fff7105a000 	C:\Users\yoniy\AppData\Local\Temp\jansi-1.17.1-818336974809497430.dll

dbghelp: loaded successfully - version: 4.0.5 - missing functions: none
symbol engine: initialized successfully - sym options: 0x614 - pdb path: .;C:\Program Files\Java\jdk-17.0.1\bin;C:\WINDOWS\SYSTEM32;C:\WINDOWS\WinSxS\amd64_microsoft.windows.common-controls_6595b64144ccf1df_6.0.19041.1110_none_60b5254171f9507e;C:\Program Files\Java\jdk-17.0.1\bin\server;C:\Program Files\JetBrains\IntelliJ IDEA 2021.1.3\bin;C:\Users\yoniy\AppData\Local\Temp

VM Arguments:
jvm_args: -Dmaven.multiModuleProjectDirectory=C:\Users\yoniy\IdeaProjects\HMO_Prototype\client -Dmaven.home=C:\Program Files\JetBrains\IntelliJ IDEA 2021.1.3\plugins\maven\lib\maven3 -Dclassworlds.conf=C:\Program Files\JetBrains\IntelliJ IDEA 2021.1.3\plugins\maven\lib\maven3\bin\m2.conf -Dmaven.ext.class.path=C:\Program Files\JetBrains\IntelliJ IDEA 2021.1.3\plugins\maven\lib\maven-event-listener.jar -javaagent:C:\Program Files\JetBrains\IntelliJ IDEA 2021.1.3\lib\idea_rt.jar=54663:C:\Program Files\JetBrains\IntelliJ IDEA 2021.1.3\bin -Dfile.encoding=UTF-8 
java_command: org.codehaus.classworlds.Launcher -Didea.version=2021.1.3 -Dexec:args=localhost 3004 clean javafx:run -X
java_class_path (initial): C:\Program Files\JetBrains\IntelliJ IDEA 2021.1.3\plugins\maven\lib\maven3\boot\plexus-classworlds-2.6.0.jar;C:\Program Files\JetBrains\IntelliJ IDEA 2021.1.3\plugins\maven\lib\maven3\boot\plexus-classworlds.license
Launcher Type: SUN_STANDARD

[Global flags]
     intx CICompilerCount                          = 4                                         {product} {ergonomic}
     uint ConcGCThreads                            = 2                                         {product} {ergonomic}
     uint G1ConcRefinementThreads                  = 8                                         {product} {ergonomic}
   size_t G1HeapRegionSize                         = 1048576                                   {product} {ergonomic}
    uintx GCDrainStackTargetSize                   = 64                                        {product} {ergonomic}
   size_t InitialHeapSize                          = 134217728                                 {product} {ergonomic}
   size_t MarkStackSize                            = 4194304                                   {product} {ergonomic}
   size_t MaxHeapSize                              = 2120220672                                {product} {ergonomic}
   size_t MaxNewSize                               = 1271922688                                {product} {ergonomic}
   size_t MinHeapDeltaBytes                        = 1048576                                   {product} {ergonomic}
   size_t MinHeapSize                              = 8388608                                   {product} {ergonomic}
    uintx NonNMethodCodeHeapSize                   = 5839372                                {pd product} {ergonomic}
    uintx NonProfiledCodeHeapSize                  = 122909434                              {pd product} {ergonomic}
    uintx ProfiledCodeHeapSize                     = 122909434                              {pd product} {ergonomic}
    uintx ReservedCodeCacheSize                    = 251658240                              {pd product} {ergonomic}
     bool SegmentedCodeCache                       = true                                      {product} {ergonomic}
   size_t SoftMaxHeapSize                          = 2120220672                             {manageable} {ergonomic}
     bool UseCompressedClassPointers               = true                           {product lp64_product} {ergonomic}
     bool UseCompressedOops                        = true                           {product lp64_product} {ergonomic}
     bool UseG1GC                                  = true                                      {product} {ergonomic}
     bool UseLargePagesIndividualAllocation        = false                                  {pd product} {ergonomic}

Logging:
Log output configuration:
 #0: stdout all=warning uptime,level,tags
 #1: stderr all=off uptime,level,tags

Environment Variables:
PATH=C:\Program Files\Common Files\Oracle\Java\javapath;C:\Program Files (x86)\Intel\iCLS Client\;C:\Program Files\Intel\iCLS Client\;C:\WINDOWS\system32;C:\WINDOWS;C:\WINDOWS\System32\Wbem;C:\WINDOWS\System32\WindowsPowerShell\v1.0\;C:\Program Files\Intel\WiFi\bin\;C:\Program Files\Common Files\Intel\WirelessCommon\;C:\Program Files (x86)\Intel\Intel(R) Management Engine Components\DAL;C:\Program Files\Intel\Intel(R) Management Engine Components\DAL;C:\Program Files (x86)\Intel\Intel(R) Management Engine Components\IPT;C:\Program Files\Intel\Intel(R) Management Engine Components\IPT;C:\WINDOWS\System32\OpenSSH\;C:\Program Files\Git\cmd;C:\Program Files\MySQL\MySQL Shell 8.0\bin\;C:\Users\yoniy\AppData\Local\Microsoft\WindowsApps;C:\Program Files\JetBrains\IntelliJ IDEA Community Edition 2021.2.3\bin;;C:\Users\yoniy\AppData\Local\GitHubDesktop\bin
USERNAME=yoniy
OS=Windows_NT
PROCESSOR_IDENTIFIER=Intel64 Family 6 Model 142 Stepping 10, GenuineIntel



---------------  S Y S T E M  ---------------

OS:
 Windows 10 , 64 bit Build 19041 (10.0.19041.1348)
OS uptime: 5 days 10:38 hours

CPU: total 8 (initial active 8) (4 cores per cpu, 2 threads per core) family 6 model 142 stepping 10 microcode 0xb4, cx8, cmov, fxsr, ht, mmx, 3dnowpref, sse, sse2, sse3, ssse3, sse4.1, sse4.2, popcnt, lzcnt, tsc, tscinvbit, avx, avx2, aes, erms, clmul, bmi1, bmi2, adx, fma, vzeroupper, clflush, clflushopt

Memory: 4k page, system-wide physical 8087M (775M free)
TotalPageFile size 12183M (AvailPageFile size 34M)
current process WorkingSet (physical memory assigned to process): 59M, peak: 59M
current process commit charge ("private bytes"): 222M, peak: 222M

vm_info: Java HotSpot(TM) 64-Bit Server VM (17.0.1+12-LTS-39) for windows-amd64 JRE (17.0.1+12-LTS-39), built on Sep 27 2021 18:41:35 by "mach5one" with MS VC++ 16.8 (VS2019)

END.
