#
# There is insufficient memory for the Java Runtime Environment to continue.
# Native memory allocation (malloc) failed to allocate 1048576 bytes for AllocateHeap
# Possible reasons:
#   The system is out of physical RAM or swap space
#   The process is running with CompressedOops enabled, and the Java Heap may be blocking the growth of the native heap
# Possible solutions:
#   Reduce memory load on the system
#   Increase physical memory or swap space
#   Check if swap backing store is full
#   Decrease Java heap size (-Xmx/-Xms)
#   Decrease number of Java threads
#   Decrease Java thread stack sizes (-Xss)
#   Set larger code cache with -XX:ReservedCodeCacheSize=
#   JVM is running with Unscaled Compressed Oops mode in which the Java heap is
#     placed in the first 4GB address space. The Java Heap base address is the
#     maximum limit for the native heap growth. Please use -XX:HeapBaseMinAddress
#     to set the Java Heap base and to place the Java Heap above 4GB virtual address.
# This output file may be truncated or incomplete.
#
#  Out of Memory Error (allocation.cpp:44), pid=16116, tid=6952
#
# JRE version:  (17.0.1+12) (build )
# Java VM: Java HotSpot(TM) 64-Bit Server VM (17.0.1+12-LTS-39, mixed mode, sharing, tiered, compressed oops, compressed class ptrs, g1 gc, windows-amd64)
# No core dump will be written. Minidumps are not enabled by default on client versions of Windows
#

---------------  S U M M A R Y ------------

Command Line: -Dmaven.multiModuleProjectDirectory=C:\Users\yoniy\IdeaProjects\HMO_Prototype -Dmaven.home=C:\Program Files\JetBrains\IntelliJ IDEA 2021.1.3\plugins\maven\lib\maven3 -Dclassworlds.conf=C:\Program Files\JetBrains\IntelliJ IDEA 2021.1.3\plugins\maven\lib\maven3\bin\m2.conf -Dmaven.ext.class.path=C:\Program Files\JetBrains\IntelliJ IDEA 2021.1.3\plugins\maven\lib\maven-event-listener.jar -javaagent:C:\Program Files\JetBrains\IntelliJ IDEA 2021.1.3\lib\idea_rt.jar=65434:C:\Program Files\JetBrains\IntelliJ IDEA 2021.1.3\bin -Dfile.encoding=UTF-8 org.codehaus.classworlds.Launcher -Didea.version=2021.1.3 clean

Host: Intel(R) Core(TM) i5-8250U CPU @ 1.60GHz, 8 cores, 7G,  Windows 10 , 64 bit Build 19041 (10.0.19041.1348)
Time: Thu Jan 13 17:24:26 2022  Windows 10 , 64 bit Build 19041 (10.0.19041.1348) elapsed time: 0.033401 seconds (0d 0h 0m 0s)

---------------  T H R E A D  ---------------

Current thread (0x0000012b5209faa0):  JavaThread "Unknown thread" [_thread_in_vm, id=6952, stack(0x0000000316a00000,0x0000000316b00000)]

Stack: [0x0000000316a00000,0x0000000316b00000]
Native frames: (J=compiled Java code, j=interpreted, Vv=VM code, C=native code)
V  [jvm.dll+0x66fa1a]
V  [jvm.dll+0x7ce5a4]
V  [jvm.dll+0x7cfd4e]
V  [jvm.dll+0x7d03b3]
V  [jvm.dll+0x242b05]
V  [jvm.dll+0xa4673]
V  [jvm.dll+0x2e0b47]
V  [jvm.dll+0x2d8a1b]
V  [jvm.dll+0x7a01e1]
V  [jvm.dll+0x365791]
V  [jvm.dll+0x77f6cc]
V  [jvm.dll+0x3e812f]
V  [jvm.dll+0x3e9bd1]
C  [jli.dll+0x527b]
C  [ucrtbase.dll+0x21bb2]
C  [KERNEL32.DLL+0x17034]
C  [ntdll.dll+0x52651]


---------------  P R O C E S S  ---------------

Threads class SMR info:
_java_thread_list=0x00007ffa8f477818, length=0, elements={
}

Java Threads: ( => current thread )

Other Threads:
  0x0000012b520dc8d0 GCTaskThread "GC Thread#0" [stack: 0x0000000316b00000,0x0000000316c00000] [id=16148]

[error occurred during error reporting (printing all threads), id 0xc0000005, EXCEPTION_ACCESS_VIOLATION (0xc0000005) at pc=0x00007ffa8ecc5a90]

VM state: not at safepoint (not fully initialized)

VM Mutex/Monitor currently owned by a thread:  ([mutex/lock_event])
[0x0000012b5209a600] Heap_lock - owner thread: 0x0000012b5209faa0

Heap address: 0x0000000081a00000, size: 2022 MB, Compressed Oops mode: 32-bit

CDS archive(s) mapped at: [0x0000000000000000-0x0000000000000000-0x0000000000000000), size 0, SharedBaseAddress: 0x0000000800000000, ArchiveRelocationMode: 0.
Narrow klass base: 0x0000000000000000, Narrow klass shift: 0, Narrow klass range: 0x0

GC Precious Log:
<Empty>

Heap:
 garbage-first heap   total 0K, used 0K [0x0000000081a00000, 0x0000000100000000)
  region size 1024K, 0 young (0K), 0 survivors (0K)

[error occurred during error reporting (printing heap information), id 0xc0000005, EXCEPTION_ACCESS_VIOLATION (0xc0000005) at pc=0x00007ffa8f0a8d89]

GC Heap History (0 events):
No events

Deoptimization events (0 events):
No events

Classes unloaded (0 events):
No events

Classes redefined (0 events):
No events

Internal exceptions (0 events):
No events

VM Operations (0 events):
No events

Events (1 events):
Event: 0.010 Loaded shared library C:\Program Files\Java\jdk-17.0.1\bin\java.dll


Dynamic libraries:
0x00007ff72bdf0000 - 0x00007ff72be00000 	C:\Program Files\Java\jdk-17.0.1\bin\java.exe
0x00007ffaf5230000 - 0x00007ffaf5425000 	C:\WINDOWS\SYSTEM32\ntdll.dll
0x00007ffaf4710000 - 0x00007ffaf47ce000 	C:\WINDOWS\System32\KERNEL32.DLL
0x00007ffaf2a80000 - 0x00007ffaf2d48000 	C:\WINDOWS\System32\KERNELBASE.dll
0x00007ffaf3010000 - 0x00007ffaf3110000 	C:\WINDOWS\System32\ucrtbase.dll
0x00007fface200000 - 0x00007fface21a000 	C:\Program Files\Java\jdk-17.0.1\bin\VCRUNTIME140.dll
0x00007fface1e0000 - 0x00007fface1f8000 	C:\Program Files\Java\jdk-17.0.1\bin\jli.dll
0x00007ffaf4c50000 - 0x00007ffaf4cfc000 	C:\WINDOWS\System32\ADVAPI32.dll
0x00007ffaf4460000 - 0x00007ffaf44fe000 	C:\WINDOWS\System32\msvcrt.dll
0x00007ffaf3430000 - 0x00007ffaf34cb000 	C:\WINDOWS\System32\sechost.dll
0x00007ffaf4320000 - 0x00007ffaf444a000 	C:\WINDOWS\System32\RPCRT4.dll
0x00007ffaf4d90000 - 0x00007ffaf4f31000 	C:\WINDOWS\System32\USER32.dll
0x00007ffad6c70000 - 0x00007ffad6f0a000 	C:\WINDOWS\WinSxS\amd64_microsoft.windows.common-controls_6595b64144ccf1df_6.0.19041.1110_none_60b5254171f9507e\COMCTL32.dll
0x00007ffaf2e50000 - 0x00007ffaf2e72000 	C:\WINDOWS\System32\win32u.dll
0x00007ffaf4200000 - 0x00007ffaf422b000 	C:\WINDOWS\System32\GDI32.dll
0x00007ffaf2970000 - 0x00007ffaf2a7d000 	C:\WINDOWS\System32\gdi32full.dll
0x00007ffaf2f70000 - 0x00007ffaf300d000 	C:\WINDOWS\System32\msvcp_win.dll
0x00007ffae6490000 - 0x00007ffae649a000 	C:\WINDOWS\SYSTEM32\VERSION.dll
0x00007ffaf41d0000 - 0x00007ffaf4200000 	C:\WINDOWS\System32\IMM32.DLL
0x00007ffaec110000 - 0x00007ffaec11c000 	C:\Program Files\Java\jdk-17.0.1\bin\vcruntime140_1.dll
0x00007ffab2ef0000 - 0x00007ffab2f7d000 	C:\Program Files\Java\jdk-17.0.1\bin\msvcp140.dll
0x00007ffa8e9e0000 - 0x00007ffa8f59e000 	C:\Program Files\Java\jdk-17.0.1\bin\server\jvm.dll
0x00007ffaf4450000 - 0x00007ffaf4458000 	C:\WINDOWS\System32\PSAPI.DLL
0x00007ffad9ad0000 - 0x00007ffad9ad9000 	C:\WINDOWS\SYSTEM32\WSOCK32.dll
0x00007ffaddb20000 - 0x00007ffaddb47000 	C:\WINDOWS\SYSTEM32\WINMM.dll
0x00007ffaf3360000 - 0x00007ffaf33cb000 	C:\WINDOWS\System32\WS2_32.dll
0x00007ffaf14f0000 - 0x00007ffaf1502000 	C:\WINDOWS\SYSTEM32\kernel.appcore.dll
0x00007ffaeaa90000 - 0x00007ffaeaa9a000 	C:\Program Files\Java\jdk-17.0.1\bin\jimage.dll
0x00007ffaf0f20000 - 0x00007ffaf1104000 	C:\WINDOWS\SYSTEM32\DBGHELP.DLL
0x00007ffad95b0000 - 0x00007ffad95dc000 	C:\WINDOWS\SYSTEM32\dbgcore.DLL
0x00007ffaf2e80000 - 0x00007ffaf2f02000 	C:\WINDOWS\System32\bcryptPrimitives.dll
0x00007ffad24d0000 - 0x00007ffad24de000 	C:\Program Files\Java\jdk-17.0.1\bin\instrument.dll
0x00007ffaca7d0000 - 0x00007ffaca7f5000 	C:\Program Files\Java\jdk-17.0.1\bin\java.dll

dbghelp: loaded successfully - version: 4.0.5 - missing functions: none
symbol engine: initialized successfully - sym options: 0x614 - pdb path: .;C:\Program Files\Java\jdk-17.0.1\bin;C:\WINDOWS\SYSTEM32;C:\WINDOWS\WinSxS\amd64_microsoft.windows.common-controls_6595b64144ccf1df_6.0.19041.1110_none_60b5254171f9507e;C:\Program Files\Java\jdk-17.0.1\bin\server

VM Arguments:
jvm_args: -Dmaven.multiModuleProjectDirectory=C:\Users\yoniy\IdeaProjects\HMO_Prototype -Dmaven.home=C:\Program Files\JetBrains\IntelliJ IDEA 2021.1.3\plugins\maven\lib\maven3 -Dclassworlds.conf=C:\Program Files\JetBrains\IntelliJ IDEA 2021.1.3\plugins\maven\lib\maven3\bin\m2.conf -Dmaven.ext.class.path=C:\Program Files\JetBrains\IntelliJ IDEA 2021.1.3\plugins\maven\lib\maven-event-listener.jar -javaagent:C:\Program Files\JetBrains\IntelliJ IDEA 2021.1.3\lib\idea_rt.jar=65434:C:\Program Files\JetBrains\IntelliJ IDEA 2021.1.3\bin -Dfile.encoding=UTF-8 
java_command: org.codehaus.classworlds.Launcher -Didea.version=2021.1.3 clean
java_class_path (initial): C:\Program Files\JetBrains\IntelliJ IDEA 2021.1.3\plugins\maven\lib\maven3\boot\plexus-classworlds-2.6.0.jar;C:\Program Files\JetBrains\IntelliJ IDEA 2021.1.3\plugins\maven\lib\maven3\boot\plexus-classworlds.license
Launcher Type: SUN_STANDARD

[Global flags]
     intx CICompilerCount                          = 4                                         {product} {ergonomic}
     uint ConcGCThreads                            = 2                                         {product} {ergonomic}
     uint G1ConcRefinementThreads                  = 8                                         {product} {ergonomic}
   size_t G1HeapRegionSize                         = 1048576                                   {product} {ergonomic}
    uintx GCDrainStackTargetSize                   = 64                                        {product} {ergonomic}
   size_t InitialHeapSize                          = 134217728                                 {product} {ergonomic}
   size_t MarkStackSize                            = 4194304                                   {product} {ergonomic}
   size_t MaxHeapSize                              = 2120220672                                {product} {ergonomic}
   size_t MinHeapDeltaBytes                        = 1048576                                   {product} {ergonomic}
   size_t MinHeapSize                              = 8388608                                   {product} {ergonomic}
    uintx NonNMethodCodeHeapSize                   = 5839372                                {pd product} {ergonomic}
    uintx NonProfiledCodeHeapSize                  = 122909434                              {pd product} {ergonomic}
    uintx ProfiledCodeHeapSize                     = 122909434                              {pd product} {ergonomic}
    uintx ReservedCodeCacheSize                    = 251658240                              {pd product} {ergonomic}
     bool SegmentedCodeCache                       = true                                      {product} {ergonomic}
   size_t SoftMaxHeapSize                          = 2120220672                             {manageable} {ergonomic}
     bool UseCompressedClassPointers               = true                           {product lp64_product} {ergonomic}
     bool UseCompressedOops                        = true                           {product lp64_product} {ergonomic}
     bool UseG1GC                                  = true                                      {product} {ergonomic}
     bool UseLargePagesIndividualAllocation        = false                                  {pd product} {ergonomic}

Logging:
Log output configuration:
 #0: stdout all=warning uptime,level,tags
 #1: stderr all=off uptime,level,tags

Environment Variables:
PATH=C:\Program Files\Common Files\Oracle\Java\javapath;C:\Program Files (x86)\Intel\iCLS Client\;C:\Program Files\Intel\iCLS Client\;C:\WINDOWS\system32;C:\WINDOWS;C:\WINDOWS\System32\Wbem;C:\WINDOWS\System32\WindowsPowerShell\v1.0\;C:\Program Files\Intel\WiFi\bin\;C:\Program Files\Common Files\Intel\WirelessCommon\;C:\Program Files (x86)\Intel\Intel(R) Management Engine Components\DAL;C:\Program Files\Intel\Intel(R) Management Engine Components\DAL;C:\Program Files (x86)\Intel\Intel(R) Management Engine Components\IPT;C:\Program Files\Intel\Intel(R) Management Engine Components\IPT;C:\WINDOWS\System32\OpenSSH\;C:\Program Files\Git\cmd;C:\Program Files\MySQL\MySQL Shell 8.0\bin\;C:\Users\yoniy\AppData\Local\Microsoft\WindowsApps;C:\Program Files\JetBrains\IntelliJ IDEA Community Edition 2021.2.3\bin;;C:\Users\yoniy\AppData\Local\GitHubDesktop\bin
USERNAME=yoniy
OS=Windows_NT
PROCESSOR_IDENTIFIER=Intel64 Family 6 Model 142 Stepping 10, GenuineIntel



---------------  S Y S T E M  ---------------

OS:
 Windows 10 , 64 bit Build 19041 (10.0.19041.1348)
OS uptime: 1 days 0:36 hours

CPU: total 8 (initial active 8) (4 cores per cpu, 2 threads per core) family 6 model 142 stepping 10 microcode 0xb4, cx8, cmov, fxsr, ht, mmx, 3dnowpref, sse, sse2, sse3, ssse3, sse4.1, sse4.2, popcnt, lzcnt, tsc, tscinvbit, avx, avx2, aes, erms, clmul, bmi1, bmi2, adx, fma, vzeroupper, clflush, clflushopt

Memory: 4k page, system-wide physical 8087M (1400M free)
TotalPageFile size 12183M (AvailPageFile size 5M)
current process WorkingSet (physical memory assigned to process): 10M, peak: 10M
current process commit charge ("private bytes"): 52M, peak: 53M

vm_info: Java HotSpot(TM) 64-Bit Server VM (17.0.1+12-LTS-39) for windows-amd64 JRE (17.0.1+12-LTS-39), built on Sep 27 2021 18:41:35 by "mach5one" with MS VC++ 16.8 (VS2019)

END.
