#
# There is insufficient memory for the Java Runtime Environment to continue.
# Native memory allocation (malloc) failed to allocate 297296 bytes for Chunk::new
# Possible reasons:
#   The system is out of physical RAM or swap space
#   The process is running with CompressedOops enabled, and the Java Heap may be blocking the growth of the native heap
# Possible solutions:
#   Reduce memory load on the system
#   Increase physical memory or swap space
#   Check if swap backing store is full
#   Decrease Java heap size (-Xmx/-Xms)
#   Decrease number of Java threads
#   Decrease Java thread stack sizes (-Xss)
#   Set larger code cache with -XX:ReservedCodeCacheSize=
#   JVM is running with Unscaled Compressed Oops mode in which the Java heap is
#     placed in the first 4GB address space. The Java Heap base address is the
#     maximum limit for the native heap growth. Please use -XX:HeapBaseMinAddress
#     to set the Java Heap base and to place the Java Heap above 4GB virtual address.
# This output file may be truncated or incomplete.
#
#  Out of Memory Error (arena.cpp:189), pid=16260, tid=8020
#
# JRE version: Java(TM) SE Runtime Environment (17.0.1+12) (build 17.0.1+12-LTS-39)
# Java VM: Java HotSpot(TM) 64-Bit Server VM (17.0.1+12-LTS-39, mixed mode, sharing, tiered, compressed oops, compressed class ptrs, g1 gc, windows-amd64)
# No core dump will be written. Minidumps are not enabled by default on client versions of Windows
#

---------------  S U M M A R Y ------------

Command Line: -Dmaven.multiModuleProjectDirectory=C:\Users\yoniy\IdeaProjects\HMO_Prototype -Dmaven.home=C:\Program Files\JetBrains\IntelliJ IDEA 2021.1.3\plugins\maven\lib\maven3 -Dclassworlds.conf=C:\Program Files\JetBrains\IntelliJ IDEA 2021.1.3\plugins\maven\lib\maven3\bin\m2.conf -Dmaven.ext.class.path=C:\Program Files\JetBrains\IntelliJ IDEA 2021.1.3\plugins\maven\lib\maven-event-listener.jar -javaagent:C:\Program Files\JetBrains\IntelliJ IDEA 2021.1.3\lib\idea_rt.jar=54659:C:\Program Files\JetBrains\IntelliJ IDEA 2021.1.3\bin -Dfile.encoding=UTF-8 org.codehaus.classworlds.Launcher -Didea.version=2021.1.3 clean

Host: Intel(R) Core(TM) i5-8250U CPU @ 1.60GHz, 8 cores, 7G,  Windows 10 , 64 bit Build 19041 (10.0.19041.1348)
Time: Tue Jan 11 10:16:00 2022  Windows 10 , 64 bit Build 19041 (10.0.19041.1348) elapsed time: 0.940431 seconds (0d 0h 0m 0s)

---------------  T H R E A D  ---------------

Current thread (0x000002dc2f457c00):  JavaThread "C2 CompilerThread0" daemon [_thread_in_native, id=8020, stack(0x000000ee44c00000,0x000000ee44d00000)]


Current CompileTask:
C2:    940  642       4       java.util.HashMap::put (13 bytes)

Stack: [0x000000ee44c00000,0x000000ee44d00000]
Native frames: (J=compiled Java code, j=interpreted, Vv=VM code, C=native code)
V  [jvm.dll+0x66fa1a]
V  [jvm.dll+0x7ce5a4]
V  [jvm.dll+0x7cfd4e]
V  [jvm.dll+0x7d03b3]
V  [jvm.dll+0x242b05]
V  [jvm.dll+0xaa05b]
V  [jvm.dll+0xaa5ec]
V  [jvm.dll+0x2a953f]
V  [jvm.dll+0x5785a9]
V  [jvm.dll+0x21dd7d]
V  [jvm.dll+0x2172d1]
V  [jvm.dll+0x214f05]
V  [jvm.dll+0x1a168d]
V  [jvm.dll+0x224848]
V  [jvm.dll+0x2229ac]
V  [jvm.dll+0x78435b]
V  [jvm.dll+0x77e91a]
V  [jvm.dll+0x66e845]
C  [ucrtbase.dll+0x21bb2]
C  [KERNEL32.DLL+0x17034]
C  [ntdll.dll+0x52651]


---------------  P R O C E S S  ---------------

Threads class SMR info:
_java_thread_list=0x000002dc30127250, length=13, elements={
0x000002dc113ef4a0, 0x000002dc2f43c080, 0x000002dc2f43dc40, 0x000002dc2f44ffe0,
0x000002dc2f450b90, 0x000002dc2f453550, 0x000002dc2f453f00, 0x000002dc2f457c00,
0x000002dc2f46af70, 0x000002dc2f48b580, 0x000002dc2f423970, 0x000002dc3014a660,
0x000002dc301c7fa0
}

Java Threads: ( => current thread )
  0x000002dc113ef4a0 JavaThread "main" [_thread_in_Java, id=6440, stack(0x000000ee43f00000,0x000000ee44000000)]
  0x000002dc2f43c080 JavaThread "Reference Handler" daemon [_thread_blocked, id=3696, stack(0x000000ee44600000,0x000000ee44700000)]
  0x000002dc2f43dc40 JavaThread "Finalizer" daemon [_thread_blocked, id=6124, stack(0x000000ee44700000,0x000000ee44800000)]
  0x000002dc2f44ffe0 JavaThread "Signal Dispatcher" daemon [_thread_blocked, id=15992, stack(0x000000ee44800000,0x000000ee44900000)]
  0x000002dc2f450b90 JavaThread "Attach Listener" daemon [_thread_blocked, id=16028, stack(0x000000ee44900000,0x000000ee44a00000)]
  0x000002dc2f453550 JavaThread "Service Thread" daemon [_thread_blocked, id=6704, stack(0x000000ee44a00000,0x000000ee44b00000)]
  0x000002dc2f453f00 JavaThread "Monitor Deflation Thread" daemon [_thread_blocked, id=2528, stack(0x000000ee44b00000,0x000000ee44c00000)]
=>0x000002dc2f457c00 JavaThread "C2 CompilerThread0" daemon [_thread_in_native, id=8020, stack(0x000000ee44c00000,0x000000ee44d00000)]
  0x000002dc2f46af70 JavaThread "C1 CompilerThread0" daemon [_thread_in_native, id=14508, stack(0x000000ee44d00000,0x000000ee44e00000)]
  0x000002dc2f48b580 JavaThread "Sweeper thread" daemon [_thread_blocked, id=17224, stack(0x000000ee44e00000,0x000000ee44f00000)]
  0x000002dc2f423970 JavaThread "Common-Cleaner" daemon [_thread_blocked, id=16300, stack(0x000000ee44f00000,0x000000ee45000000)]
  0x000002dc3014a660 JavaThread "Monitor Ctrl-Break" daemon [_thread_in_native, id=15912, stack(0x000000ee45000000,0x000000ee45100000)]
  0x000002dc301c7fa0 JavaThread "Notification Thread" daemon [_thread_blocked, id=15420, stack(0x000000ee45100000,0x000000ee45200000)]

Other Threads:
  0x000002dc2f433ba0 VMThread "VM Thread" [stack: 0x000000ee44500000,0x000000ee44600000] [id=1120]
  0x000002dc2f44dbb0 WatcherThread [stack: 0x000000ee45200000,0x000000ee45300000] [id=13860]
  0x000002dc11431440 GCTaskThread "GC Thread#0" [stack: 0x000000ee44000000,0x000000ee44100000] [id=9320]
  0x000002dc11442040 ConcurrentGCThread "G1 Main Marker" [stack: 0x000000ee44100000,0x000000ee44200000] [id=13516]
  0x000002dc11442a50 ConcurrentGCThread "G1 Conc#0" [stack: 0x000000ee44200000,0x000000ee44300000] [id=6664]
  0x000002dc2f300090 ConcurrentGCThread "G1 Refine#0" [stack: 0x000000ee44300000,0x000000ee44400000] [id=4344]
  0x000002dc2f300ab0 ConcurrentGCThread "G1 Service" [stack: 0x000000ee44400000,0x000000ee44500000] [id=10140]

Threads with active compile tasks:
C2 CompilerThread0     1117  642       4       java.util.HashMap::put (13 bytes)
C1 CompilerThread0     1117  671       3       java.net.URLStreamHandler::parseURL (1201 bytes)

VM state: not at safepoint (normal execution)

VM Mutex/Monitor currently owned by a thread: None

Heap address: 0x0000000081a00000, size: 2022 MB, Compressed Oops mode: 32-bit

CDS archive(s) mapped at: [0x0000000800000000-0x0000000800bc0000-0x0000000800bc0000), size 12320768, SharedBaseAddress: 0x0000000800000000, ArchiveRelocationMode: 0.
Compressed class space mapped at: 0x0000000800c00000-0x0000000840c00000, reserved size: 1073741824
Narrow klass base: 0x0000000800000000, Narrow klass shift: 0, Narrow klass range: 0x100000000

GC Precious Log:
 CPUs: 8 total, 8 available
 Memory: 8087M
 Large Page Support: Disabled
 NUMA Support: Disabled
 Compressed Oops: Enabled (32-bit)
 Heap Region Size: 1M
 Heap Min Capacity: 8M
 Heap Initial Capacity: 128M
 Heap Max Capacity: 2022M
 Pre-touch: Disabled
 Parallel Workers: 8
 Concurrent Workers: 2
 Concurrent Refinement Workers: 8
 Periodic GC: Disabled

Heap:
 garbage-first heap   total 131072K, used 11264K [0x0000000081a00000, 0x0000000100000000)
  region size 1024K, 12 young (12288K), 0 survivors (0K)
 Metaspace       used 3441K, committed 3648K, reserved 1056768K
  class space    used 339K, committed 448K, reserved 1048576K

Heap Regions: E=young(eden), S=young(survivor), O=old, HS=humongous(starts), HC=humongous(continues), CS=collection set, F=free, OA=open archive, CA=closed archive, TAMS=top-at-mark-start (previous, next)
|   0|0x0000000081a00000, 0x0000000081a00000, 0x0000000081b00000|  0%| F|  |TAMS 0x0000000081a00000, 0x0000000081a00000| Untracked 
|   1|0x0000000081b00000, 0x0000000081b00000, 0x0000000081c00000|  0%| F|  |TAMS 0x0000000081b00000, 0x0000000081b00000| Untracked 
|   2|0x0000000081c00000, 0x0000000081c00000, 0x0000000081d00000|  0%| F|  |TAMS 0x0000000081c00000, 0x0000000081c00000| Untracked 
|   3|0x0000000081d00000, 0x0000000081d00000, 0x0000000081e00000|  0%| F|  |TAMS 0x0000000081d00000, 0x0000000081d00000| Untracked 
|   4|0x0000000081e00000, 0x0000000081e00000, 0x0000000081f00000|  0%| F|  |TAMS 0x0000000081e00000, 0x0000000081e00000| Untracked 
|   5|0x0000000081f00000, 0x0000000081f00000, 0x0000000082000000|  0%| F|  |TAMS 0x0000000081f00000, 0x0000000081f00000| Untracked 
|   6|0x0000000082000000, 0x0000000082000000, 0x0000000082100000|  0%| F|  |TAMS 0x0000000082000000, 0x0000000082000000| Untracked 
|   7|0x0000000082100000, 0x0000000082100000, 0x0000000082200000|  0%| F|  |TAMS 0x0000000082100000, 0x0000000082100000| Untracked 
|   8|0x0000000082200000, 0x0000000082200000, 0x0000000082300000|  0%| F|  |TAMS 0x0000000082200000, 0x0000000082200000| Untracked 
|   9|0x0000000082300000, 0x0000000082300000, 0x0000000082400000|  0%| F|  |TAMS 0x0000000082300000, 0x0000000082300000| Untracked 
|  10|0x0000000082400000, 0x0000000082400000, 0x0000000082500000|  0%| F|  |TAMS 0x0000000082400000, 0x0000000082400000| Untracked 
|  11|0x0000000082500000, 0x0000000082500000, 0x0000000082600000|  0%| F|  |TAMS 0x0000000082500000, 0x0000000082500000| Untracked 
|  12|0x0000000082600000, 0x0000000082600000, 0x0000000082700000|  0%| F|  |TAMS 0x0000000082600000, 0x0000000082600000| Untracked 
|  13|0x0000000082700000, 0x0000000082700000, 0x0000000082800000|  0%| F|  |TAMS 0x0000000082700000, 0x0000000082700000| Untracked 
|  14|0x0000000082800000, 0x0000000082800000, 0x0000000082900000|  0%| F|  |TAMS 0x0000000082800000, 0x0000000082800000| Untracked 
|  15|0x0000000082900000, 0x0000000082900000, 0x0000000082a00000|  0%| F|  |TAMS 0x0000000082900000, 0x0000000082900000| Untracked 
|  16|0x0000000082a00000, 0x0000000082a00000, 0x0000000082b00000|  0%| F|  |TAMS 0x0000000082a00000, 0x0000000082a00000| Untracked 
|  17|0x0000000082b00000, 0x0000000082b00000, 0x0000000082c00000|  0%| F|  |TAMS 0x0000000082b00000, 0x0000000082b00000| Untracked 
|  18|0x0000000082c00000, 0x0000000082c00000, 0x0000000082d00000|  0%| F|  |TAMS 0x0000000082c00000, 0x0000000082c00000| Untracked 
|  19|0x0000000082d00000, 0x0000000082d00000, 0x0000000082e00000|  0%| F|  |TAMS 0x0000000082d00000, 0x0000000082d00000| Untracked 
|  20|0x0000000082e00000, 0x0000000082e00000, 0x0000000082f00000|  0%| F|  |TAMS 0x0000000082e00000, 0x0000000082e00000| Untracked 
|  21|0x0000000082f00000, 0x0000000082f00000, 0x0000000083000000|  0%| F|  |TAMS 0x0000000082f00000, 0x0000000082f00000| Untracked 
|  22|0x0000000083000000, 0x0000000083000000, 0x0000000083100000|  0%| F|  |TAMS 0x0000000083000000, 0x0000000083000000| Untracked 
|  23|0x0000000083100000, 0x0000000083100000, 0x0000000083200000|  0%| F|  |TAMS 0x0000000083100000, 0x0000000083100000| Untracked 
|  24|0x0000000083200000, 0x0000000083200000, 0x0000000083300000|  0%| F|  |TAMS 0x0000000083200000, 0x0000000083200000| Untracked 
|  25|0x0000000083300000, 0x0000000083300000, 0x0000000083400000|  0%| F|  |TAMS 0x0000000083300000, 0x0000000083300000| Untracked 
|  26|0x0000000083400000, 0x0000000083400000, 0x0000000083500000|  0%| F|  |TAMS 0x0000000083400000, 0x0000000083400000| Untracked 
|  27|0x0000000083500000, 0x0000000083500000, 0x0000000083600000|  0%| F|  |TAMS 0x0000000083500000, 0x0000000083500000| Untracked 
|  28|0x0000000083600000, 0x0000000083600000, 0x0000000083700000|  0%| F|  |TAMS 0x0000000083600000, 0x0000000083600000| Untracked 
|  29|0x0000000083700000, 0x0000000083700000, 0x0000000083800000|  0%| F|  |TAMS 0x0000000083700000, 0x0000000083700000| Untracked 
|  30|0x0000000083800000, 0x0000000083800000, 0x0000000083900000|  0%| F|  |TAMS 0x0000000083800000, 0x0000000083800000| Untracked 
|  31|0x0000000083900000, 0x0000000083900000, 0x0000000083a00000|  0%| F|  |TAMS 0x0000000083900000, 0x0000000083900000| Untracked 
|  32|0x0000000083a00000, 0x0000000083a00000, 0x0000000083b00000|  0%| F|  |TAMS 0x0000000083a00000, 0x0000000083a00000| Untracked 
|  33|0x0000000083b00000, 0x0000000083b00000, 0x0000000083c00000|  0%| F|  |TAMS 0x0000000083b00000, 0x0000000083b00000| Untracked 
|  34|0x0000000083c00000, 0x0000000083c00000, 0x0000000083d00000|  0%| F|  |TAMS 0x0000000083c00000, 0x0000000083c00000| Untracked 
|  35|0x0000000083d00000, 0x0000000083d00000, 0x0000000083e00000|  0%| F|  |TAMS 0x0000000083d00000, 0x0000000083d00000| Untracked 
|  36|0x0000000083e00000, 0x0000000083e00000, 0x0000000083f00000|  0%| F|  |TAMS 0x0000000083e00000, 0x0000000083e00000| Untracked 
|  37|0x0000000083f00000, 0x0000000083f00000, 0x0000000084000000|  0%| F|  |TAMS 0x0000000083f00000, 0x0000000083f00000| Untracked 
|  38|0x0000000084000000, 0x0000000084000000, 0x0000000084100000|  0%| F|  |TAMS 0x0000000084000000, 0x0000000084000000| Untracked 
|  39|0x0000000084100000, 0x0000000084100000, 0x0000000084200000|  0%| F|  |TAMS 0x0000000084100000, 0x0000000084100000| Untracked 
|  40|0x0000000084200000, 0x0000000084200000, 0x0000000084300000|  0%| F|  |TAMS 0x0000000084200000, 0x0000000084200000| Untracked 
|  41|0x0000000084300000, 0x0000000084300000, 0x0000000084400000|  0%| F|  |TAMS 0x0000000084300000, 0x0000000084300000| Untracked 
|  42|0x0000000084400000, 0x0000000084400000, 0x0000000084500000|  0%| F|  |TAMS 0x0000000084400000, 0x0000000084400000| Untracked 
|  43|0x0000000084500000, 0x0000000084500000, 0x0000000084600000|  0%| F|  |TAMS 0x0000000084500000, 0x0000000084500000| Untracked 
|  44|0x0000000084600000, 0x0000000084600000, 0x0000000084700000|  0%| F|  |TAMS 0x0000000084600000, 0x0000000084600000| Untracked 
|  45|0x0000000084700000, 0x0000000084700000, 0x0000000084800000|  0%| F|  |TAMS 0x0000000084700000, 0x0000000084700000| Untracked 
|  46|0x0000000084800000, 0x0000000084800000, 0x0000000084900000|  0%| F|  |TAMS 0x0000000084800000, 0x0000000084800000| Untracked 
|  47|0x0000000084900000, 0x0000000084900000, 0x0000000084a00000|  0%| F|  |TAMS 0x0000000084900000, 0x0000000084900000| Untracked 
|  48|0x0000000084a00000, 0x0000000084a00000, 0x0000000084b00000|  0%| F|  |TAMS 0x0000000084a00000, 0x0000000084a00000| Untracked 
|  49|0x0000000084b00000, 0x0000000084b00000, 0x0000000084c00000|  0%| F|  |TAMS 0x0000000084b00000, 0x0000000084b00000| Untracked 
|  50|0x0000000084c00000, 0x0000000084c00000, 0x0000000084d00000|  0%| F|  |TAMS 0x0000000084c00000, 0x0000000084c00000| Untracked 
|  51|0x0000000084d00000, 0x0000000084d00000, 0x0000000084e00000|  0%| F|  |TAMS 0x0000000084d00000, 0x0000000084d00000| Untracked 
|  52|0x0000000084e00000, 0x0000000084e00000, 0x0000000084f00000|  0%| F|  |TAMS 0x0000000084e00000, 0x0000000084e00000| Untracked 
|  53|0x0000000084f00000, 0x0000000084f00000, 0x0000000085000000|  0%| F|  |TAMS 0x0000000084f00000, 0x0000000084f00000| Untracked 
|  54|0x0000000085000000, 0x0000000085000000, 0x0000000085100000|  0%| F|  |TAMS 0x0000000085000000, 0x0000000085000000| Untracked 
|  55|0x0000000085100000, 0x0000000085100000, 0x0000000085200000|  0%| F|  |TAMS 0x0000000085100000, 0x0000000085100000| Untracked 
|  56|0x0000000085200000, 0x0000000085200000, 0x0000000085300000|  0%| F|  |TAMS 0x0000000085200000, 0x0000000085200000| Untracked 
|  57|0x0000000085300000, 0x0000000085300000, 0x0000000085400000|  0%| F|  |TAMS 0x0000000085300000, 0x0000000085300000| Untracked 
|  58|0x0000000085400000, 0x0000000085400000, 0x0000000085500000|  0%| F|  |TAMS 0x0000000085400000, 0x0000000085400000| Untracked 
|  59|0x0000000085500000, 0x0000000085500000, 0x0000000085600000|  0%| F|  |TAMS 0x0000000085500000, 0x0000000085500000| Untracked 
|  60|0x0000000085600000, 0x0000000085600000, 0x0000000085700000|  0%| F|  |TAMS 0x0000000085600000, 0x0000000085600000| Untracked 
|  61|0x0000000085700000, 0x0000000085700000, 0x0000000085800000|  0%| F|  |TAMS 0x0000000085700000, 0x0000000085700000| Untracked 
|  62|0x0000000085800000, 0x0000000085800000, 0x0000000085900000|  0%| F|  |TAMS 0x0000000085800000, 0x0000000085800000| Untracked 
|  63|0x0000000085900000, 0x0000000085900000, 0x0000000085a00000|  0%| F|  |TAMS 0x0000000085900000, 0x0000000085900000| Untracked 
|  64|0x0000000085a00000, 0x0000000085a00000, 0x0000000085b00000|  0%| F|  |TAMS 0x0000000085a00000, 0x0000000085a00000| Untracked 
|  65|0x0000000085b00000, 0x0000000085b00000, 0x0000000085c00000|  0%| F|  |TAMS 0x0000000085b00000, 0x0000000085b00000| Untracked 
|  66|0x0000000085c00000, 0x0000000085c00000, 0x0000000085d00000|  0%| F|  |TAMS 0x0000000085c00000, 0x0000000085c00000| Untracked 
|  67|0x0000000085d00000, 0x0000000085d00000, 0x0000000085e00000|  0%| F|  |TAMS 0x0000000085d00000, 0x0000000085d00000| Untracked 
|  68|0x0000000085e00000, 0x0000000085e00000, 0x0000000085f00000|  0%| F|  |TAMS 0x0000000085e00000, 0x0000000085e00000| Untracked 
|  69|0x0000000085f00000, 0x0000000085f00000, 0x0000000086000000|  0%| F|  |TAMS 0x0000000085f00000, 0x0000000085f00000| Untracked 
|  70|0x0000000086000000, 0x0000000086000000, 0x0000000086100000|  0%| F|  |TAMS 0x0000000086000000, 0x0000000086000000| Untracked 
|  71|0x0000000086100000, 0x0000000086100000, 0x0000000086200000|  0%| F|  |TAMS 0x0000000086100000, 0x0000000086100000| Untracked 
|  72|0x0000000086200000, 0x0000000086200000, 0x0000000086300000|  0%| F|  |TAMS 0x0000000086200000, 0x0000000086200000| Untracked 
|  73|0x0000000086300000, 0x0000000086300000, 0x0000000086400000|  0%| F|  |TAMS 0x0000000086300000, 0x0000000086300000| Untracked 
|  74|0x0000000086400000, 0x0000000086400000, 0x0000000086500000|  0%| F|  |TAMS 0x0000000086400000, 0x0000000086400000| Untracked 
|  75|0x0000000086500000, 0x0000000086500000, 0x0000000086600000|  0%| F|  |TAMS 0x0000000086500000, 0x0000000086500000| Untracked 
|  76|0x0000000086600000, 0x0000000086600000, 0x0000000086700000|  0%| F|  |TAMS 0x0000000086600000, 0x0000000086600000| Untracked 
|  77|0x0000000086700000, 0x0000000086700000, 0x0000000086800000|  0%| F|  |TAMS 0x0000000086700000, 0x0000000086700000| Untracked 
|  78|0x0000000086800000, 0x0000000086800000, 0x0000000086900000|  0%| F|  |TAMS 0x0000000086800000, 0x0000000086800000| Untracked 
|  79|0x0000000086900000, 0x0000000086900000, 0x0000000086a00000|  0%| F|  |TAMS 0x0000000086900000, 0x0000000086900000| Untracked 
|  80|0x0000000086a00000, 0x0000000086a00000, 0x0000000086b00000|  0%| F|  |TAMS 0x0000000086a00000, 0x0000000086a00000| Untracked 
|  81|0x0000000086b00000, 0x0000000086b00000, 0x0000000086c00000|  0%| F|  |TAMS 0x0000000086b00000, 0x0000000086b00000| Untracked 
|  82|0x0000000086c00000, 0x0000000086c00000, 0x0000000086d00000|  0%| F|  |TAMS 0x0000000086c00000, 0x0000000086c00000| Untracked 
|  83|0x0000000086d00000, 0x0000000086d00000, 0x0000000086e00000|  0%| F|  |TAMS 0x0000000086d00000, 0x0000000086d00000| Untracked 
|  84|0x0000000086e00000, 0x0000000086e00000, 0x0000000086f00000|  0%| F|  |TAMS 0x0000000086e00000, 0x0000000086e00000| Untracked 
|  85|0x0000000086f00000, 0x0000000086f00000, 0x0000000087000000|  0%| F|  |TAMS 0x0000000086f00000, 0x0000000086f00000| Untracked 
|  86|0x0000000087000000, 0x0000000087000000, 0x0000000087100000|  0%| F|  |TAMS 0x0000000087000000, 0x0000000087000000| Untracked 
|  87|0x0000000087100000, 0x0000000087100000, 0x0000000087200000|  0%| F|  |TAMS 0x0000000087100000, 0x0000000087100000| Untracked 
|  88|0x0000000087200000, 0x0000000087200000, 0x0000000087300000|  0%| F|  |TAMS 0x0000000087200000, 0x0000000087200000| Untracked 
|  89|0x0000000087300000, 0x0000000087300000, 0x0000000087400000|  0%| F|  |TAMS 0x0000000087300000, 0x0000000087300000| Untracked 
|  90|0x0000000087400000, 0x0000000087400000, 0x0000000087500000|  0%| F|  |TAMS 0x0000000087400000, 0x0000000087400000| Untracked 
|  91|0x0000000087500000, 0x0000000087500000, 0x0000000087600000|  0%| F|  |TAMS 0x0000000087500000, 0x0000000087500000| Untracked 
|  92|0x0000000087600000, 0x0000000087600000, 0x0000000087700000|  0%| F|  |TAMS 0x0000000087600000, 0x0000000087600000| Untracked 
|  93|0x0000000087700000, 0x0000000087700000, 0x0000000087800000|  0%| F|  |TAMS 0x0000000087700000, 0x0000000087700000| Untracked 
|  94|0x0000000087800000, 0x0000000087800000, 0x0000000087900000|  0%| F|  |TAMS 0x0000000087800000, 0x0000000087800000| Untracked 
|  95|0x0000000087900000, 0x0000000087900000, 0x0000000087a00000|  0%| F|  |TAMS 0x0000000087900000, 0x0000000087900000| Untracked 
|  96|0x0000000087a00000, 0x0000000087a00000, 0x0000000087b00000|  0%| F|  |TAMS 0x0000000087a00000, 0x0000000087a00000| Untracked 
|  97|0x0000000087b00000, 0x0000000087b00000, 0x0000000087c00000|  0%| F|  |TAMS 0x0000000087b00000, 0x0000000087b00000| Untracked 
|  98|0x0000000087c00000, 0x0000000087c00000, 0x0000000087d00000|  0%| F|  |TAMS 0x0000000087c00000, 0x0000000087c00000| Untracked 
|  99|0x0000000087d00000, 0x0000000087d00000, 0x0000000087e00000|  0%| F|  |TAMS 0x0000000087d00000, 0x0000000087d00000| Untracked 
| 100|0x0000000087e00000, 0x0000000087e00000, 0x0000000087f00000|  0%| F|  |TAMS 0x0000000087e00000, 0x0000000087e00000| Untracked 
| 101|0x0000000087f00000, 0x0000000087f00000, 0x0000000088000000|  0%| F|  |TAMS 0x0000000087f00000, 0x0000000087f00000| Untracked 
| 102|0x0000000088000000, 0x0000000088000000, 0x0000000088100000|  0%| F|  |TAMS 0x0000000088000000, 0x0000000088000000| Untracked 
| 103|0x0000000088100000, 0x0000000088100000, 0x0000000088200000|  0%| F|  |TAMS 0x0000000088100000, 0x0000000088100000| Untracked 
| 104|0x0000000088200000, 0x0000000088200000, 0x0000000088300000|  0%| F|  |TAMS 0x0000000088200000, 0x0000000088200000| Untracked 
| 105|0x0000000088300000, 0x0000000088300000, 0x0000000088400000|  0%| F|  |TAMS 0x0000000088300000, 0x0000000088300000| Untracked 
| 106|0x0000000088400000, 0x0000000088400000, 0x0000000088500000|  0%| F|  |TAMS 0x0000000088400000, 0x0000000088400000| Untracked 
| 107|0x0000000088500000, 0x0000000088500000, 0x0000000088600000|  0%| F|  |TAMS 0x0000000088500000, 0x0000000088500000| Untracked 
| 108|0x0000000088600000, 0x0000000088600000, 0x0000000088700000|  0%| F|  |TAMS 0x0000000088600000, 0x0000000088600000| Untracked 
| 109|0x0000000088700000, 0x0000000088700000, 0x0000000088800000|  0%| F|  |TAMS 0x0000000088700000, 0x0000000088700000| Untracked 
| 110|0x0000000088800000, 0x0000000088800000, 0x0000000088900000|  0%| F|  |TAMS 0x0000000088800000, 0x0000000088800000| Untracked 
| 111|0x0000000088900000, 0x0000000088900000, 0x0000000088a00000|  0%| F|  |TAMS 0x0000000088900000, 0x0000000088900000| Untracked 
| 112|0x0000000088a00000, 0x0000000088a00000, 0x0000000088b00000|  0%| F|  |TAMS 0x0000000088a00000, 0x0000000088a00000| Untracked 
| 113|0x0000000088b00000, 0x0000000088b00000, 0x0000000088c00000|  0%| F|  |TAMS 0x0000000088b00000, 0x0000000088b00000| Untracked 
| 114|0x0000000088c00000, 0x0000000088c00000, 0x0000000088d00000|  0%| F|  |TAMS 0x0000000088c00000, 0x0000000088c00000| Untracked 
| 115|0x0000000088d00000, 0x0000000088d76450, 0x0000000088e00000| 46%| E|  |TAMS 0x0000000088d00000, 0x0000000088d00000| Complete 
| 116|0x0000000088e00000, 0x0000000088f00000, 0x0000000088f00000|100%| E|CS|TAMS 0x0000000088e00000, 0x0000000088e00000| Complete 
| 117|0x0000000088f00000, 0x0000000089000000, 0x0000000089000000|100%| E|CS|TAMS 0x0000000088f00000, 0x0000000088f00000| Complete 
| 118|0x0000000089000000, 0x0000000089100000, 0x0000000089100000|100%| E|CS|TAMS 0x0000000089000000, 0x0000000089000000| Complete 
| 119|0x0000000089100000, 0x0000000089200000, 0x0000000089200000|100%| E|CS|TAMS 0x0000000089100000, 0x0000000089100000| Complete 
| 120|0x0000000089200000, 0x0000000089300000, 0x0000000089300000|100%| E|CS|TAMS 0x0000000089200000, 0x0000000089200000| Complete 
| 121|0x0000000089300000, 0x0000000089400000, 0x0000000089400000|100%| E|CS|TAMS 0x0000000089300000, 0x0000000089300000| Complete 
| 122|0x0000000089400000, 0x0000000089500000, 0x0000000089500000|100%| E|CS|TAMS 0x0000000089400000, 0x0000000089400000| Complete 
| 123|0x0000000089500000, 0x0000000089600000, 0x0000000089600000|100%| E|CS|TAMS 0x0000000089500000, 0x0000000089500000| Complete 
| 124|0x0000000089600000, 0x0000000089700000, 0x0000000089700000|100%| E|CS|TAMS 0x0000000089600000, 0x0000000089600000| Complete 
| 125|0x0000000089700000, 0x0000000089800000, 0x0000000089800000|100%| E|CS|TAMS 0x0000000089700000, 0x0000000089700000| Complete 
| 126|0x0000000089800000, 0x0000000089900000, 0x0000000089900000|100%| E|CS|TAMS 0x0000000089800000, 0x0000000089800000| Complete 
| 127|0x0000000089900000, 0x0000000089a00000, 0x0000000089a00000|100%| E|CS|TAMS 0x0000000089900000, 0x0000000089900000| Complete 

Card table byte_map: [0x000002dc28330000,0x000002dc28730000] _byte_map_base: 0x000002dc27f23000

Marking Bits (Prev, Next): (CMBitMap*) 0x000002dc11431a50, (CMBitMap*) 0x000002dc11431a90
 Prev Bits: [0x000002dc28b30000, 0x000002dc2aac8000)
 Next Bits: [0x000002dc2aad0000, 0x000002dc2ca68000)

Polling page: 0x000002dc0f360000

Metaspace:

Usage:
  Non-class:      3.06 MB used.
      Class:    344.87 KB used.
       Both:      3.39 MB used.

Virtual space:
  Non-class space:        8.00 MB reserved,       3.19 MB ( 40%) committed,  1 nodes.
      Class space:        1.00 GB reserved,     448.00 KB ( <1%) committed,  1 nodes.
             Both:        1.01 GB reserved,       3.62 MB ( <1%) committed. 

Chunk freelists:
   Non-Class:  2.86 MB
       Class:  3.59 MB
        Both:  6.45 MB

MaxMetaspaceSize: unlimited
CompressedClassSpaceSize: 1.00 GB
Initial GC threshold: 21.00 MB
Current GC threshold: 21.00 MB
CDS: on
MetaspaceReclaimPolicy: balanced
 - commit_granule_bytes: 65536.
 - commit_granule_words: 8192.
 - virtual_space_node_default_size: 1048576.
 - enlarge_chunks_in_place: 1.
 - new_chunks_are_fully_committed: 0.
 - uncommit_free_chunks: 1.
 - use_allocation_guard: 0.
 - handle_deallocations: 1.


Internal statistics:

num_allocs_failed_limit: 0.
num_arena_births: 22.
num_arena_deaths: 0.
num_vsnodes_births: 2.
num_vsnodes_deaths: 0.
num_space_committed: 58.
num_space_uncommitted: 0.
num_chunks_returned_to_freelist: 0.
num_chunks_taken_from_freelist: 81.
num_chunk_merges: 0.
num_chunk_splits: 59.
num_chunks_enlarged: 46.
num_purges: 0.
num_inconsistent_stats: 0.

CodeHeap 'non-profiled nmethods': size=120000Kb used=209Kb max_used=209Kb free=119791Kb
 bounds [0x000002dc206d0000, 0x000002dc20940000, 0x000002dc27c00000]
CodeHeap 'profiled nmethods': size=120000Kb used=1110Kb max_used=1110Kb free=118890Kb
 bounds [0x000002dc191a0000, 0x000002dc19410000, 0x000002dc206d0000]
CodeHeap 'non-nmethods': size=5760Kb used=1145Kb max_used=1159Kb free=4614Kb
 bounds [0x000002dc18c00000, 0x000002dc18e70000, 0x000002dc191a0000]
 total_blobs=1104 nmethods=670 adapters=347
 compilation: enabled
              stopped_count=0, restarted_count=0
 full_count=0

Compilation events (20 events):
Event: 0.920 Thread 0x000002dc2f46af70  650       3       java.nio.HeapByteBuffer::put (16 bytes)
Event: 0.920 Thread 0x000002dc2f46af70 nmethod 650 0x000002dc192a7e10 code [0x000002dc192a7fe0, 0x000002dc192a82c8]
Event: 0.926 Thread 0x000002dc2f46af70  651       3       java.util.jar.Manifest$FastInputStream::readLine (9 bytes)
Event: 0.926 Thread 0x000002dc2f46af70 nmethod 651 0x000002dc192a8490 code [0x000002dc192a8640, 0x000002dc192a87a8]
Event: 0.926 Thread 0x000002dc2f46af70  652       3       java.lang.ref.PhantomReference::<init> (7 bytes)
Event: 0.926 Thread 0x000002dc2f46af70 nmethod 652 0x000002dc192a8890 code [0x000002dc192a8a40, 0x000002dc192a8d18]
Event: 0.927 Thread 0x000002dc2f46af70  653       3       java.lang.String::newStringUTF8NoRepl (276 bytes)
Event: 0.927 Thread 0x000002dc2f46af70 nmethod 653 0x000002dc192a8e10 code [0x000002dc192a90c0, 0x000002dc192aa1b8]
Event: 0.927 Thread 0x000002dc2f46af70  654   !   3       jdk.internal.ref.PhantomCleanable::insert (53 bytes)
Event: 0.927 Thread 0x000002dc2f46af70 nmethod 654 0x000002dc192aa790 code [0x000002dc192aa940, 0x000002dc192aacb8]
Event: 0.927 Thread 0x000002dc2f46af70  656       3       jdk.internal.ref.CleanerFactory::cleaner (4 bytes)
Event: 0.927 Thread 0x000002dc2f46af70 nmethod 656 0x000002dc192aae10 code [0x000002dc192aafa0, 0x000002dc192ab098]
Event: 0.927 Thread 0x000002dc2f46af70  655  s    3       java.lang.Throwable::fillInStackTrace (29 bytes)
Event: 0.928 Thread 0x000002dc2f46af70 nmethod 655 0x000002dc192ab110 code [0x000002dc192ab2c0, 0x000002dc192ab5a8]
Event: 0.928 Thread 0x000002dc2f46af70  657       3       jdk.internal.loader.URLClassPath::getResource (74 bytes)
Event: 0.928 Thread 0x000002dc2f46af70 nmethod 657 0x000002dc192ab690 code [0x000002dc192ab860, 0x000002dc192abbb8]
Event: 0.928 Thread 0x000002dc2f46af70  658       3       jdk.internal.loader.ClassLoaders$BootClassLoader::loadClassOrNull (10 bytes)
Event: 0.928 Thread 0x000002dc2f46af70 nmethod 658 0x000002dc192abd10 code [0x000002dc192abee0, 0x000002dc192ac178]
Event: 0.929 Thread 0x000002dc2f46af70  659       3       java.util.ArrayDeque::addLast (51 bytes)
Event: 0.930 Thread 0x000002dc2f46af70 nmethod 659 0x000002dc192ac290 code [0x000002dc192ac460, 0x000002dc192ac938]

GC Heap History (0 events):
No events

Deoptimization events (20 events):
Event: 0.107 Thread 0x000002dc113ef4a0 DEOPT PACKING pc=0x000002dc206dc6b8 sp=0x000000ee43ffe160
Event: 0.107 Thread 0x000002dc113ef4a0 DEOPT UNPACKING pc=0x000002dc18c523a3 sp=0x000000ee43ffe0e0 mode 2
Event: 0.107 Thread 0x000002dc113ef4a0 Uncommon trap: trap_request=0xffffffde fr.pc=0x000002dc206dc6b8 relative=0x0000000000000858
Event: 0.107 Thread 0x000002dc113ef4a0 Uncommon trap: reason=class_check action=maybe_recompile pc=0x000002dc206dc6b8 method=java.util.HashMap.putVal(ILjava/lang/Object;Ljava/lang/Object;ZZ)Ljava/lang/Object; @ 152 c2
Event: 0.107 Thread 0x000002dc113ef4a0 DEOPT PACKING pc=0x000002dc206dc6b8 sp=0x000000ee43ffe160
Event: 0.107 Thread 0x000002dc113ef4a0 DEOPT UNPACKING pc=0x000002dc18c523a3 sp=0x000000ee43ffe0e0 mode 2
Event: 0.414 Thread 0x000002dc113ef4a0 Uncommon trap: trap_request=0xffffff45 fr.pc=0x000002dc206e5780 relative=0x0000000000000920
Event: 0.414 Thread 0x000002dc113ef4a0 Uncommon trap: reason=unstable_if action=reinterpret pc=0x000002dc206e5780 method=java.util.HashMap.putVal(ILjava/lang/Object;Ljava/lang/Object;ZZ)Ljava/lang/Object; @ 181 c2
Event: 0.414 Thread 0x000002dc113ef4a0 DEOPT PACKING pc=0x000002dc206e5780 sp=0x000000ee43ffbd50
Event: 0.414 Thread 0x000002dc113ef4a0 DEOPT UNPACKING pc=0x000002dc18c523a3 sp=0x000000ee43ffbd00 mode 2
Event: 0.744 Thread 0x000002dc113ef4a0 Uncommon trap: trap_request=0xffffffde fr.pc=0x000002dc206fd510 relative=0x0000000000001390
Event: 0.744 Thread 0x000002dc113ef4a0 Uncommon trap: reason=class_check action=maybe_recompile pc=0x000002dc206fd510 method=java.util.HashMap.putVal(ILjava/lang/Object;Ljava/lang/Object;ZZ)Ljava/lang/Object; @ 253 c2
Event: 0.744 Thread 0x000002dc113ef4a0 DEOPT PACKING pc=0x000002dc206fd510 sp=0x000000ee43ffe610
Event: 0.744 Thread 0x000002dc113ef4a0 DEOPT UNPACKING pc=0x000002dc18c523a3 sp=0x000000ee43ffe550 mode 2
Event: 0.787 Thread 0x000002dc113ef4a0 DEOPT PACKING pc=0x000002dc191fdf65 sp=0x000000ee43ffdb40
Event: 0.787 Thread 0x000002dc113ef4a0 DEOPT UNPACKING pc=0x000002dc18c52b43 sp=0x000000ee43ffcfb8 mode 0
Event: 0.788 Thread 0x000002dc113ef4a0 Uncommon trap: trap_request=0xffffffde fr.pc=0x000002dc206fd510 relative=0x0000000000001390
Event: 0.788 Thread 0x000002dc113ef4a0 Uncommon trap: reason=class_check action=maybe_recompile pc=0x000002dc206fd510 method=java.util.HashMap.putVal(ILjava/lang/Object;Ljava/lang/Object;ZZ)Ljava/lang/Object; @ 253 c2
Event: 0.788 Thread 0x000002dc113ef4a0 DEOPT PACKING pc=0x000002dc206fd510 sp=0x000000ee43ffe430
Event: 0.788 Thread 0x000002dc113ef4a0 DEOPT UNPACKING pc=0x000002dc18c523a3 sp=0x000000ee43ffe370 mode 2

Classes unloaded (0 events):
No events

Classes redefined (0 events):
No events

Internal exceptions (4 events):
Event: 0.079 Thread 0x000002dc3014a660 Exception <a 'java/lang/NoSuchMethodError'{0x00000000898f08b8}: 'java.lang.Object java.lang.invoke.DirectMethodHandle$Holder.invokeStaticInit(java.lang.Object)'> (0x00000000898f08b8) 
thrown [t:\workspace\open\src\hotspot\share\interpreter\linkResolver.cpp, line 766]
Event: 0.103 Thread 0x000002dc3014a660 Exception <a 'java/lang/NoSuchMethodError'{0x00000000898fe758}: 'void java.lang.invoke.DirectMethodHandle$Holder.invokeStatic(java.lang.Object, java.lang.Object)'> (0x00000000898fe758) 
thrown [t:\workspace\open\src\hotspot\share\interpreter\linkResolver.cpp, line 766]
Event: 0.431 Thread 0x000002dc113ef4a0 Exception <a 'java/lang/NoSuchMethodError'{0x00000000894337c8}: 'java.lang.Object java.lang.invoke.DirectMethodHandle$Holder.invokeStaticInit(java.lang.Object, int, int, int, int)'> (0x00000000894337c8) 
thrown [t:\workspace\open\src\hotspot\share\interpreter\linkResolver.cpp, line 766]
Event: 0.506 Thread 0x000002dc113ef4a0 Exception <a 'java/lang/NoSuchMethodError'{0x000000008933c1a8}: 'java.lang.Object java.lang.invoke.DirectMethodHandle$Holder.invokeStaticInit(java.lang.Object, java.lang.Object, int, int, int, int)'> (0x000000008933c1a8) 
thrown [t:\workspace\open\src\hotspot\share\interpreter\linkResolver.cpp, line 766]

VM Operations (12 events):
Event: 0.048 Executing VM operation: HandshakeAllThreads
Event: 0.048 Executing VM operation: HandshakeAllThreads done
Event: 0.078 Executing VM operation: HandshakeAllThreads
Event: 0.078 Executing VM operation: HandshakeAllThreads done
Event: 0.291 Executing VM operation: HandshakeAllThreads
Event: 0.291 Executing VM operation: HandshakeAllThreads done
Event: 0.537 Executing VM operation: HandshakeAllThreads
Event: 0.537 Executing VM operation: HandshakeAllThreads done
Event: 0.731 Executing VM operation: HandshakeAllThreads
Event: 0.731 Executing VM operation: HandshakeAllThreads done
Event: 0.876 Executing VM operation: HandshakeAllThreads
Event: 0.876 Executing VM operation: HandshakeAllThreads done

Events (20 events):
Event: 0.792 loading class java/lang/StringIndexOutOfBoundsException
Event: 0.792 loading class java/lang/StringIndexOutOfBoundsException done
Event: 0.829 loading class jdk/internal/misc/ScopedMemoryAccess$Scope
Event: 0.830 loading class jdk/internal/misc/ScopedMemoryAccess$Scope done
Event: 0.831 loading class java/io/FileReader
Event: 0.831 loading class java/io/FileReader done
Event: 0.833 loading class java/util/regex/Pattern$BnM
Event: 0.853 loading class java/util/regex/Pattern$BnM done
Event: 0.853 loading class java/util/regex/Pattern$SliceS
Event: 0.854 loading class java/util/regex/Pattern$SliceS done
Event: 0.855 loading class java/text/MessageFormat
Event: 0.865 loading class java/text/MessageFormat done
Event: 0.870 loading class java/io/UnsupportedEncodingException
Event: 0.870 loading class java/io/UnsupportedEncodingException done
Event: 0.870 loading class java/io/EOFException
Event: 0.870 loading class java/io/EOFException done
Event: 0.875 loading class java/util/ArrayList$ListItr
Event: 0.876 loading class java/util/ArrayList$ListItr done
Event: 0.930 loading class java/lang/TypeNotPresentException
Event: 0.930 loading class java/lang/TypeNotPresentException done


Dynamic libraries:
0x00007ff7f1fa0000 - 0x00007ff7f1fb0000 	C:\Program Files\Java\jdk-17.0.1\bin\java.exe
0x00007fff91c70000 - 0x00007fff91e65000 	C:\WINDOWS\SYSTEM32\ntdll.dll
0x00007fff8ff50000 - 0x00007fff9000e000 	C:\WINDOWS\System32\KERNEL32.DLL
0x00007fff8f510000 - 0x00007fff8f7d8000 	C:\WINDOWS\System32\KERNELBASE.dll
0x00007fff8f880000 - 0x00007fff8f980000 	C:\WINDOWS\System32\ucrtbase.dll
0x00007fff786e0000 - 0x00007fff786fa000 	C:\Program Files\Java\jdk-17.0.1\bin\VCRUNTIME140.dll
0x00007fff78700000 - 0x00007fff78718000 	C:\Program Files\Java\jdk-17.0.1\bin\jli.dll
0x00007fff90c00000 - 0x00007fff90cac000 	C:\WINDOWS\System32\ADVAPI32.dll
0x00007fff90db0000 - 0x00007fff90e4e000 	C:\WINDOWS\System32\msvcrt.dll
0x00007fff90e80000 - 0x00007fff90f1b000 	C:\WINDOWS\System32\sechost.dll
0x00007fff918f0000 - 0x00007fff91a1a000 	C:\WINDOWS\System32\RPCRT4.dll
0x00007fff90f90000 - 0x00007fff91131000 	C:\WINDOWS\System32\USER32.dll
0x00007fff8f980000 - 0x00007fff8f9a2000 	C:\WINDOWS\System32\win32u.dll
0x00007fff72d50000 - 0x00007fff72fea000 	C:\WINDOWS\WinSxS\amd64_microsoft.windows.common-controls_6595b64144ccf1df_6.0.19041.1110_none_60b5254171f9507e\COMCTL32.dll
0x00007fff90e50000 - 0x00007fff90e7b000 	C:\WINDOWS\System32\GDI32.dll
0x00007fff8fb10000 - 0x00007fff8fc1d000 	C:\WINDOWS\System32\gdi32full.dll
0x00007fff8f7e0000 - 0x00007fff8f87d000 	C:\WINDOWS\System32\msvcp_win.dll
0x00007fff85280000 - 0x00007fff8528a000 	C:\WINDOWS\SYSTEM32\VERSION.dll
0x00007fff90d80000 - 0x00007fff90db0000 	C:\WINDOWS\System32\IMM32.DLL
0x00007fff88d20000 - 0x00007fff88d2c000 	C:\Program Files\Java\jdk-17.0.1\bin\vcruntime140_1.dll
0x00007fff65970000 - 0x00007fff659fd000 	C:\Program Files\Java\jdk-17.0.1\bin\msvcp140.dll
0x00007fff499e0000 - 0x00007fff4a59e000 	C:\Program Files\Java\jdk-17.0.1\bin\server\jvm.dll
0x00007fff90f80000 - 0x00007fff90f88000 	C:\WINDOWS\System32\PSAPI.DLL
0x00007fff71f80000 - 0x00007fff71f89000 	C:\WINDOWS\SYSTEM32\WSOCK32.dll
0x00007fff7a1c0000 - 0x00007fff7a1e7000 	C:\WINDOWS\SYSTEM32\WINMM.dll
0x00007fff908a0000 - 0x00007fff9090b000 	C:\WINDOWS\System32\WS2_32.dll
0x00007fff8df20000 - 0x00007fff8df32000 	C:\WINDOWS\SYSTEM32\kernel.appcore.dll
0x00007fff786d0000 - 0x00007fff786da000 	C:\Program Files\Java\jdk-17.0.1\bin\jimage.dll
0x00007fff8d900000 - 0x00007fff8dae4000 	C:\WINDOWS\SYSTEM32\DBGHELP.DLL
0x00007fff76b70000 - 0x00007fff76b9c000 	C:\WINDOWS\SYSTEM32\dbgcore.DLL
0x00007fff8f480000 - 0x00007fff8f502000 	C:\WINDOWS\System32\bcryptPrimitives.dll
0x00007fff786c0000 - 0x00007fff786ce000 	C:\Program Files\Java\jdk-17.0.1\bin\instrument.dll
0x00007fff71520000 - 0x00007fff71545000 	C:\Program Files\Java\jdk-17.0.1\bin\java.dll
0x00007fff65890000 - 0x00007fff65966000 	C:\Program Files\Java\jdk-17.0.1\bin\svml.dll
0x00007fff911a0000 - 0x00007fff918e4000 	C:\WINDOWS\System32\SHELL32.dll
0x00007fff8d0a0000 - 0x00007fff8d834000 	C:\WINDOWS\SYSTEM32\windows.storage.dll
0x00007fff90010000 - 0x00007fff90365000 	C:\WINDOWS\System32\combase.dll
0x00007fff8edd0000 - 0x00007fff8edfe000 	C:\WINDOWS\SYSTEM32\Wldp.dll
0x00007fff8fcb0000 - 0x00007fff8fd5d000 	C:\WINDOWS\System32\SHCORE.dll
0x00007fff91140000 - 0x00007fff91195000 	C:\WINDOWS\System32\shlwapi.dll
0x00007fff8f2c0000 - 0x00007fff8f2df000 	C:\WINDOWS\SYSTEM32\profapi.dll
0x00007fff713e0000 - 0x00007fff713f8000 	C:\Program Files\Java\jdk-17.0.1\bin\zip.dll
0x00007fff713c0000 - 0x00007fff713d9000 	C:\Program Files\Java\jdk-17.0.1\bin\net.dll
0x00007fff7c0b0000 - 0x00007fff7c1bc000 	C:\WINDOWS\SYSTEM32\WINHTTP.dll
0x00007fff8eb30000 - 0x00007fff8eb9a000 	C:\WINDOWS\system32\mswsock.dll
0x00007fff713a0000 - 0x00007fff713b5000 	C:\Program Files\Java\jdk-17.0.1\bin\nio.dll
0x00007fff71380000 - 0x00007fff7139a000 	C:\Program Files\JetBrains\IntelliJ IDEA 2021.1.3\bin\breakgen64.dll
0x00007fff786b0000 - 0x00007fff786c0000 	C:\Program Files\Java\jdk-17.0.1\bin\verify.dll
0x00007fff8ed20000 - 0x00007fff8ed38000 	C:\WINDOWS\SYSTEM32\CRYPTSP.dll
0x00007fff8e440000 - 0x00007fff8e474000 	C:\WINDOWS\system32\rsaenh.dll
0x00007fff8fc80000 - 0x00007fff8fca7000 	C:\WINDOWS\System32\bcrypt.dll
0x00007fff8f240000 - 0x00007fff8f26e000 	C:\WINDOWS\SYSTEM32\USERENV.dll
0x00007fff8ed40000 - 0x00007fff8ed4c000 	C:\WINDOWS\SYSTEM32\CRYPTBASE.dll
0x00007fff8e7d0000 - 0x00007fff8e80b000 	C:\WINDOWS\SYSTEM32\IPHLPAPI.DLL
0x00007fff90880000 - 0x00007fff90888000 	C:\WINDOWS\System32\NSI.dll
0x00007fff88080000 - 0x00007fff88097000 	C:\WINDOWS\SYSTEM32\dhcpcsvc6.DLL
0x00007fff865d0000 - 0x00007fff865ed000 	C:\WINDOWS\SYSTEM32\dhcpcsvc.DLL
0x00007fff8e810000 - 0x00007fff8e8db000 	C:\WINDOWS\SYSTEM32\DNSAPI.dll
0x00007fff71080000 - 0x00007fff7108a000 	C:\Users\yoniy\AppData\Local\Temp\jansi-1.17.1-15918297542499633741.dll
0x00007fff71050000 - 0x00007fff7105a000 	C:\Users\yoniy\AppData\Local\Temp\jansi-1.17.1-7949524361085233979.dll

dbghelp: loaded successfully - version: 4.0.5 - missing functions: none
symbol engine: initialized successfully - sym options: 0x614 - pdb path: .;C:\Program Files\Java\jdk-17.0.1\bin;C:\WINDOWS\SYSTEM32;C:\WINDOWS\WinSxS\amd64_microsoft.windows.common-controls_6595b64144ccf1df_6.0.19041.1110_none_60b5254171f9507e;C:\Program Files\Java\jdk-17.0.1\bin\server;C:\Program Files\JetBrains\IntelliJ IDEA 2021.1.3\bin;C:\Users\yoniy\AppData\Local\Temp

VM Arguments:
jvm_args: -Dmaven.multiModuleProjectDirectory=C:\Users\yoniy\IdeaProjects\HMO_Prototype -Dmaven.home=C:\Program Files\JetBrains\IntelliJ IDEA 2021.1.3\plugins\maven\lib\maven3 -Dclassworlds.conf=C:\Program Files\JetBrains\IntelliJ IDEA 2021.1.3\plugins\maven\lib\maven3\bin\m2.conf -Dmaven.ext.class.path=C:\Program Files\JetBrains\IntelliJ IDEA 2021.1.3\plugins\maven\lib\maven-event-listener.jar -javaagent:C:\Program Files\JetBrains\IntelliJ IDEA 2021.1.3\lib\idea_rt.jar=54659:C:\Program Files\JetBrains\IntelliJ IDEA 2021.1.3\bin -Dfile.encoding=UTF-8 
java_command: org.codehaus.classworlds.Launcher -Didea.version=2021.1.3 clean
java_class_path (initial): C:\Program Files\JetBrains\IntelliJ IDEA 2021.1.3\plugins\maven\lib\maven3\boot\plexus-classworlds-2.6.0.jar;C:\Program Files\JetBrains\IntelliJ IDEA 2021.1.3\plugins\maven\lib\maven3\boot\plexus-classworlds.license
Launcher Type: SUN_STANDARD

[Global flags]
     intx CICompilerCount                          = 4                                         {product} {ergonomic}
     uint ConcGCThreads                            = 2                                         {product} {ergonomic}
     uint G1ConcRefinementThreads                  = 8                                         {product} {ergonomic}
   size_t G1HeapRegionSize                         = 1048576                                   {product} {ergonomic}
    uintx GCDrainStackTargetSize                   = 64                                        {product} {ergonomic}
   size_t InitialHeapSize                          = 134217728                                 {product} {ergonomic}
   size_t MarkStackSize                            = 4194304                                   {product} {ergonomic}
   size_t MaxHeapSize                              = 2120220672                                {product} {ergonomic}
   size_t MaxNewSize                               = 1271922688                                {product} {ergonomic}
   size_t MinHeapDeltaBytes                        = 1048576                                   {product} {ergonomic}
   size_t MinHeapSize                              = 8388608                                   {product} {ergonomic}
    uintx NonNMethodCodeHeapSize                   = 5839372                                {pd product} {ergonomic}
    uintx NonProfiledCodeHeapSize                  = 122909434                              {pd product} {ergonomic}
    uintx ProfiledCodeHeapSize                     = 122909434                              {pd product} {ergonomic}
    uintx ReservedCodeCacheSize                    = 251658240                              {pd product} {ergonomic}
     bool SegmentedCodeCache                       = true                                      {product} {ergonomic}
   size_t SoftMaxHeapSize                          = 2120220672                             {manageable} {ergonomic}
     bool UseCompressedClassPointers               = true                           {product lp64_product} {ergonomic}
     bool UseCompressedOops                        = true                           {product lp64_product} {ergonomic}
     bool UseG1GC                                  = true                                      {product} {ergonomic}
     bool UseLargePagesIndividualAllocation        = false                                  {pd product} {ergonomic}

Logging:
Log output configuration:
 #0: stdout all=warning uptime,level,tags
 #1: stderr all=off uptime,level,tags

Environment Variables:
PATH=C:\Program Files\Common Files\Oracle\Java\javapath;C:\Program Files (x86)\Intel\iCLS Client\;C:\Program Files\Intel\iCLS Client\;C:\WINDOWS\system32;C:\WINDOWS;C:\WINDOWS\System32\Wbem;C:\WINDOWS\System32\WindowsPowerShell\v1.0\;C:\Program Files\Intel\WiFi\bin\;C:\Program Files\Common Files\Intel\WirelessCommon\;C:\Program Files (x86)\Intel\Intel(R) Management Engine Components\DAL;C:\Program Files\Intel\Intel(R) Management Engine Components\DAL;C:\Program Files (x86)\Intel\Intel(R) Management Engine Components\IPT;C:\Program Files\Intel\Intel(R) Management Engine Components\IPT;C:\WINDOWS\System32\OpenSSH\;C:\Program Files\Git\cmd;C:\Program Files\MySQL\MySQL Shell 8.0\bin\;C:\Users\yoniy\AppData\Local\Microsoft\WindowsApps;C:\Program Files\JetBrains\IntelliJ IDEA Community Edition 2021.2.3\bin;;C:\Users\yoniy\AppData\Local\GitHubDesktop\bin
USERNAME=yoniy
OS=Windows_NT
PROCESSOR_IDENTIFIER=Intel64 Family 6 Model 142 Stepping 10, GenuineIntel



---------------  S Y S T E M  ---------------

OS:
 Windows 10 , 64 bit Build 19041 (10.0.19041.1348)
OS uptime: 5 days 10:37 hours

CPU: total 8 (initial active 8) (4 cores per cpu, 2 threads per core) family 6 model 142 stepping 10 microcode 0xb4, cx8, cmov, fxsr, ht, mmx, 3dnowpref, sse, sse2, sse3, ssse3, sse4.1, sse4.2, popcnt, lzcnt, tsc, tscinvbit, avx, avx2, aes, erms, clmul, bmi1, bmi2, adx, fma, vzeroupper, clflush, clflushopt

Memory: 4k page, system-wide physical 8087M (770M free)
TotalPageFile size 12183M (AvailPageFile size 1M)
current process WorkingSet (physical memory assigned to process): 55M, peak: 55M
current process commit charge ("private bytes"): 219M, peak: 219M

vm_info: Java HotSpot(TM) 64-Bit Server VM (17.0.1+12-LTS-39) for windows-amd64 JRE (17.0.1+12-LTS-39), built on Sep 27 2021 18:41:35 by "mach5one" with MS VC++ 16.8 (VS2019)

END.
