#
# There is insufficient memory for the Java Runtime Environment to continue.
# Native memory allocation (malloc) failed to allocate 63440 bytes for Chunk::new
# Possible reasons:
#   The system is out of physical RAM or swap space
#   The process is running with CompressedOops enabled, and the Java Heap may be blocking the growth of the native heap
# Possible solutions:
#   Reduce memory load on the system
#   Increase physical memory or swap space
#   Check if swap backing store is full
#   Decrease Java heap size (-Xmx/-Xms)
#   Decrease number of Java threads
#   Decrease Java thread stack sizes (-Xss)
#   Set larger code cache with -XX:ReservedCodeCacheSize=
#   JVM is running with Unscaled Compressed Oops mode in which the Java heap is
#     placed in the first 4GB address space. The Java Heap base address is the
#     maximum limit for the native heap growth. Please use -XX:HeapBaseMinAddress
#     to set the Java Heap base and to place the Java Heap above 4GB virtual address.
# This output file may be truncated or incomplete.
#
#  Out of Memory Error (arena.cpp:189), pid=2688, tid=2212
#
# JRE version: Java(TM) SE Runtime Environment (17.0.1+12) (build 17.0.1+12-LTS-39)
# Java VM: Java HotSpot(TM) 64-Bit Server VM (17.0.1+12-LTS-39, mixed mode, sharing, tiered, compressed oops, compressed class ptrs, g1 gc, windows-amd64)
# No core dump will be written. Minidumps are not enabled by default on client versions of Windows
#

---------------  S U M M A R Y ------------

Command Line: -Dmaven.multiModuleProjectDirectory=C:\Users\yoniy\IdeaProjects\HMO_Prototype -Dmaven.home=C:\Program Files\JetBrains\IntelliJ IDEA 2021.1.3\plugins\maven\lib\maven3 -Dclassworlds.conf=C:\Program Files\JetBrains\IntelliJ IDEA 2021.1.3\plugins\maven\lib\maven3\bin\m2.conf -Dmaven.ext.class.path=C:\Program Files\JetBrains\IntelliJ IDEA 2021.1.3\plugins\maven\lib\maven-event-listener.jar -javaagent:C:\Program Files\JetBrains\IntelliJ IDEA 2021.1.3\lib\idea_rt.jar=54661:C:\Program Files\JetBrains\IntelliJ IDEA 2021.1.3\bin -Dfile.encoding=UTF-8 org.codehaus.classworlds.Launcher -Didea.version=2021.1.3 clean

Host: Intel(R) Core(TM) i5-8250U CPU @ 1.60GHz, 8 cores, 7G,  Windows 10 , 64 bit Build 19041 (10.0.19041.1348)
Time: Tue Jan 11 10:16:11 2022  Windows 10 , 64 bit Build 19041 (10.0.19041.1348) elapsed time: 3.698808 seconds (0d 0h 0m 3s)

---------------  T H R E A D  ---------------

Current thread (0x00000237ce5f4d90):  JavaThread "C2 CompilerThread0" daemon [_thread_in_native, id=2212, stack(0x0000004ff1100000,0x0000004ff1200000)]


Current CompileTask:
C2:   3698 1873   !   4       java.net.URL::<init> (543 bytes)

Stack: [0x0000004ff1100000,0x0000004ff1200000]
Native frames: (J=compiled Java code, j=interpreted, Vv=VM code, C=native code)
V  [jvm.dll+0x66fa1a]
V  [jvm.dll+0x7ce5a4]
V  [jvm.dll+0x7cfd4e]
V  [jvm.dll+0x7d03b3]
V  [jvm.dll+0x242b05]
V  [jvm.dll+0xaa05b]
V  [jvm.dll+0xaa5ec]
V  [jvm.dll+0x692d8b]
V  [jvm.dll+0x217147]
V  [jvm.dll+0x214f05]
V  [jvm.dll+0x1a168d]
V  [jvm.dll+0x224848]
V  [jvm.dll+0x2229ac]
V  [jvm.dll+0x78435b]
V  [jvm.dll+0x77e91a]
V  [jvm.dll+0x66e845]
C  [ucrtbase.dll+0x21bb2]
C  [KERNEL32.DLL+0x17034]
C  [ntdll.dll+0x52651]


---------------  P R O C E S S  ---------------

Threads class SMR info:
_java_thread_list=0x00000237cfabd130, length=13, elements={
0x00000237b057e680, 0x00000237ce5d8a10, 0x00000237ce5d9880, 0x00000237ce5ee0c0,
0x00000237ce5eec70, 0x00000237ce5f1630, 0x00000237ce5f1fe0, 0x00000237ce5f4d90,
0x00000237ce600d40, 0x00000237ce603740, 0x00000237ce5c17f0, 0x00000237cf0edea0,
0x00000237cf0ee370
}

Java Threads: ( => current thread )
  0x00000237b057e680 JavaThread "main" [_thread_in_vm, id=2956, stack(0x0000004ff0400000,0x0000004ff0500000)]
  0x00000237ce5d8a10 JavaThread "Reference Handler" daemon [_thread_blocked, id=11220, stack(0x0000004ff0b00000,0x0000004ff0c00000)]
  0x00000237ce5d9880 JavaThread "Finalizer" daemon [_thread_blocked, id=15632, stack(0x0000004ff0c00000,0x0000004ff0d00000)]
  0x00000237ce5ee0c0 JavaThread "Signal Dispatcher" daemon [_thread_blocked, id=800, stack(0x0000004ff0d00000,0x0000004ff0e00000)]
  0x00000237ce5eec70 JavaThread "Attach Listener" daemon [_thread_blocked, id=6836, stack(0x0000004ff0e00000,0x0000004ff0f00000)]
  0x00000237ce5f1630 JavaThread "Service Thread" daemon [_thread_blocked, id=13176, stack(0x0000004ff0f00000,0x0000004ff1000000)]
  0x00000237ce5f1fe0 JavaThread "Monitor Deflation Thread" daemon [_thread_blocked, id=3648, stack(0x0000004ff1000000,0x0000004ff1100000)]
=>0x00000237ce5f4d90 JavaThread "C2 CompilerThread0" daemon [_thread_in_native, id=2212, stack(0x0000004ff1100000,0x0000004ff1200000)]
  0x00000237ce600d40 JavaThread "C1 CompilerThread0" daemon [_thread_blocked, id=9324, stack(0x0000004ff1200000,0x0000004ff1300000)]
  0x00000237ce603740 JavaThread "Sweeper thread" daemon [_thread_blocked, id=6920, stack(0x0000004ff1300000,0x0000004ff1400000)]
  0x00000237ce5c17f0 JavaThread "Common-Cleaner" daemon [_thread_blocked, id=14316, stack(0x0000004ff1400000,0x0000004ff1500000)]
  0x00000237cf0edea0 JavaThread "Monitor Ctrl-Break" daemon [_thread_in_native, id=12360, stack(0x0000004ff1500000,0x0000004ff1600000)]
  0x00000237cf0ee370 JavaThread "Notification Thread" daemon [_thread_blocked, id=13032, stack(0x0000004ff1600000,0x0000004ff1700000)]

Other Threads:
  0x00000237ce5d4120 VMThread "VM Thread" [stack: 0x0000004ff0a00000,0x0000004ff0b00000] [id=13524]
  0x00000237cf0f0560 WatcherThread [stack: 0x0000004ff1700000,0x0000004ff1800000] [id=6976]
  0x00000237b05bccd0 GCTaskThread "GC Thread#0" [stack: 0x0000004ff0500000,0x0000004ff0600000] [id=1872]
  0x00000237d01e3250 GCTaskThread "GC Thread#1" [stack: 0x0000004ff1a00000,0x0000004ff1b00000] [id=12856]
  0x00000237cfbd1b90 GCTaskThread "GC Thread#2" [stack: 0x0000004ff1b00000,0x0000004ff1c00000] [id=13388]
  0x00000237cfbaf650 GCTaskThread "GC Thread#3" [stack: 0x0000004ff1c00000,0x0000004ff1d00000] [id=7564]
  0x00000237cfa7cf70 GCTaskThread "GC Thread#4" [stack: 0x0000004ff1d00000,0x0000004ff1e00000] [id=13956]
  0x00000237cfa7d220 GCTaskThread "GC Thread#5" [stack: 0x0000004ff1e00000,0x0000004ff1f00000] [id=16304]
  0x00000237d05455e0 GCTaskThread "GC Thread#6" [stack: 0x0000004ff1f00000,0x0000004ff2000000] [id=6360]
  0x00000237d0545d10 GCTaskThread "GC Thread#7" [stack: 0x0000004ff2000000,0x0000004ff2100000] [id=6268]
  0x00000237b05cd8d0 ConcurrentGCThread "G1 Main Marker" [stack: 0x0000004ff0600000,0x0000004ff0700000] [id=7188]
  0x00000237b05cf2f0 ConcurrentGCThread "G1 Conc#0" [stack: 0x0000004ff0700000,0x0000004ff0800000] [id=5256]
  0x00000237ce4a0090 ConcurrentGCThread "G1 Refine#0" [stack: 0x0000004ff0800000,0x0000004ff0900000] [id=16088]
  0x00000237ce4a0ab0 ConcurrentGCThread "G1 Service" [stack: 0x0000004ff0900000,0x0000004ff0a00000] [id=7440]

Threads with active compile tasks:
C2 CompilerThread0     3750 1873   !   4       java.net.URL::<init> (543 bytes)

VM state: not at safepoint (normal execution)

VM Mutex/Monitor currently owned by a thread: None

Heap address: 0x0000000081a00000, size: 2022 MB, Compressed Oops mode: 32-bit

CDS archive(s) mapped at: [0x0000000800000000-0x0000000800bc0000-0x0000000800bc0000), size 12320768, SharedBaseAddress: 0x0000000800000000, ArchiveRelocationMode: 0.
Compressed class space mapped at: 0x0000000800c00000-0x0000000840c00000, reserved size: 1073741824
Narrow klass base: 0x0000000800000000, Narrow klass shift: 0, Narrow klass range: 0x100000000

GC Precious Log:
 CPUs: 8 total, 8 available
 Memory: 8087M
 Large Page Support: Disabled
 NUMA Support: Disabled
 Compressed Oops: Enabled (32-bit)
 Heap Region Size: 1M
 Heap Min Capacity: 8M
 Heap Initial Capacity: 128M
 Heap Max Capacity: 2022M
 Pre-touch: Disabled
 Parallel Workers: 8
 Concurrent Workers: 2
 Concurrent Refinement Workers: 8
 Periodic GC: Disabled

Heap:
 garbage-first heap   total 131072K, used 8238K [0x0000000081a00000, 0x0000000100000000)
  region size 1024K, 5 young (5120K), 2 survivors (2048K)
 Metaspace       used 10946K, committed 11072K, reserved 1064960K
  class space    used 1333K, committed 1408K, reserved 1048576K

Heap Regions: E=young(eden), S=young(survivor), O=old, HS=humongous(starts), HC=humongous(continues), CS=collection set, F=free, OA=open archive, CA=closed archive, TAMS=top-at-mark-start (previous, next)
|   0|0x0000000081a00000, 0x0000000081b00000, 0x0000000081b00000|100%| O|  |TAMS 0x0000000081a00000, 0x0000000081a00000| Untracked 
|   1|0x0000000081b00000, 0x0000000081c00000, 0x0000000081c00000|100%| O|  |TAMS 0x0000000081b00000, 0x0000000081b00000| Untracked 
|   2|0x0000000081c00000, 0x0000000081d00000, 0x0000000081d00000|100%| O|  |TAMS 0x0000000081c00000, 0x0000000081c00000| Untracked 
|   3|0x0000000081d00000, 0x0000000081e00000, 0x0000000081e00000|100%| O|  |TAMS 0x0000000081d00000, 0x0000000081d00000| Untracked 
|   4|0x0000000081e00000, 0x0000000081e10a00, 0x0000000081f00000|  6%| O|  |TAMS 0x0000000081e00000, 0x0000000081e00000| Untracked 
|   5|0x0000000081f00000, 0x0000000081f00000, 0x0000000082000000|  0%| F|  |TAMS 0x0000000081f00000, 0x0000000081f00000| Untracked 
|   6|0x0000000082000000, 0x0000000082000000, 0x0000000082100000|  0%| F|  |TAMS 0x0000000082000000, 0x0000000082000000| Untracked 
|   7|0x0000000082100000, 0x0000000082100000, 0x0000000082200000|  0%| F|  |TAMS 0x0000000082100000, 0x0000000082100000| Untracked 
|   8|0x0000000082200000, 0x0000000082200000, 0x0000000082300000|  0%| F|  |TAMS 0x0000000082200000, 0x0000000082200000| Untracked 
|   9|0x0000000082300000, 0x0000000082300000, 0x0000000082400000|  0%| F|  |TAMS 0x0000000082300000, 0x0000000082300000| Untracked 
|  10|0x0000000082400000, 0x0000000082400000, 0x0000000082500000|  0%| F|  |TAMS 0x0000000082400000, 0x0000000082400000| Untracked 
|  11|0x0000000082500000, 0x0000000082500000, 0x0000000082600000|  0%| F|  |TAMS 0x0000000082500000, 0x0000000082500000| Untracked 
|  12|0x0000000082600000, 0x0000000082600000, 0x0000000082700000|  0%| F|  |TAMS 0x0000000082600000, 0x0000000082600000| Untracked 
|  13|0x0000000082700000, 0x0000000082700000, 0x0000000082800000|  0%| F|  |TAMS 0x0000000082700000, 0x0000000082700000| Untracked 
|  14|0x0000000082800000, 0x0000000082800000, 0x0000000082900000|  0%| F|  |TAMS 0x0000000082800000, 0x0000000082800000| Untracked 
|  15|0x0000000082900000, 0x0000000082900000, 0x0000000082a00000|  0%| F|  |TAMS 0x0000000082900000, 0x0000000082900000| Untracked 
|  16|0x0000000082a00000, 0x0000000082a00000, 0x0000000082b00000|  0%| F|  |TAMS 0x0000000082a00000, 0x0000000082a00000| Untracked 
|  17|0x0000000082b00000, 0x0000000082b00000, 0x0000000082c00000|  0%| F|  |TAMS 0x0000000082b00000, 0x0000000082b00000| Untracked 
|  18|0x0000000082c00000, 0x0000000082c00000, 0x0000000082d00000|  0%| F|  |TAMS 0x0000000082c00000, 0x0000000082c00000| Untracked 
|  19|0x0000000082d00000, 0x0000000082d00000, 0x0000000082e00000|  0%| F|  |TAMS 0x0000000082d00000, 0x0000000082d00000| Untracked 
|  20|0x0000000082e00000, 0x0000000082e00000, 0x0000000082f00000|  0%| F|  |TAMS 0x0000000082e00000, 0x0000000082e00000| Untracked 
|  21|0x0000000082f00000, 0x0000000082f00000, 0x0000000083000000|  0%| F|  |TAMS 0x0000000082f00000, 0x0000000082f00000| Untracked 
|  22|0x0000000083000000, 0x0000000083000000, 0x0000000083100000|  0%| F|  |TAMS 0x0000000083000000, 0x0000000083000000| Untracked 
|  23|0x0000000083100000, 0x0000000083100000, 0x0000000083200000|  0%| F|  |TAMS 0x0000000083100000, 0x0000000083100000| Untracked 
|  24|0x0000000083200000, 0x0000000083200000, 0x0000000083300000|  0%| F|  |TAMS 0x0000000083200000, 0x0000000083200000| Untracked 
|  25|0x0000000083300000, 0x0000000083300000, 0x0000000083400000|  0%| F|  |TAMS 0x0000000083300000, 0x0000000083300000| Untracked 
|  26|0x0000000083400000, 0x0000000083400000, 0x0000000083500000|  0%| F|  |TAMS 0x0000000083400000, 0x0000000083400000| Untracked 
|  27|0x0000000083500000, 0x0000000083500000, 0x0000000083600000|  0%| F|  |TAMS 0x0000000083500000, 0x0000000083500000| Untracked 
|  28|0x0000000083600000, 0x0000000083600000, 0x0000000083700000|  0%| F|  |TAMS 0x0000000083600000, 0x0000000083600000| Untracked 
|  29|0x0000000083700000, 0x0000000083700000, 0x0000000083800000|  0%| F|  |TAMS 0x0000000083700000, 0x0000000083700000| Untracked 
|  30|0x0000000083800000, 0x0000000083800000, 0x0000000083900000|  0%| F|  |TAMS 0x0000000083800000, 0x0000000083800000| Untracked 
|  31|0x0000000083900000, 0x0000000083900000, 0x0000000083a00000|  0%| F|  |TAMS 0x0000000083900000, 0x0000000083900000| Untracked 
|  32|0x0000000083a00000, 0x0000000083a00000, 0x0000000083b00000|  0%| F|  |TAMS 0x0000000083a00000, 0x0000000083a00000| Untracked 
|  33|0x0000000083b00000, 0x0000000083b00000, 0x0000000083c00000|  0%| F|  |TAMS 0x0000000083b00000, 0x0000000083b00000| Untracked 
|  34|0x0000000083c00000, 0x0000000083c00000, 0x0000000083d00000|  0%| F|  |TAMS 0x0000000083c00000, 0x0000000083c00000| Untracked 
|  35|0x0000000083d00000, 0x0000000083d00000, 0x0000000083e00000|  0%| F|  |TAMS 0x0000000083d00000, 0x0000000083d00000| Untracked 
|  36|0x0000000083e00000, 0x0000000083e00000, 0x0000000083f00000|  0%| F|  |TAMS 0x0000000083e00000, 0x0000000083e00000| Untracked 
|  37|0x0000000083f00000, 0x0000000083f00000, 0x0000000084000000|  0%| F|  |TAMS 0x0000000083f00000, 0x0000000083f00000| Untracked 
|  38|0x0000000084000000, 0x0000000084000000, 0x0000000084100000|  0%| F|  |TAMS 0x0000000084000000, 0x0000000084000000| Untracked 
|  39|0x0000000084100000, 0x0000000084100000, 0x0000000084200000|  0%| F|  |TAMS 0x0000000084100000, 0x0000000084100000| Untracked 
|  40|0x0000000084200000, 0x0000000084200000, 0x0000000084300000|  0%| F|  |TAMS 0x0000000084200000, 0x0000000084200000| Untracked 
|  41|0x0000000084300000, 0x0000000084300000, 0x0000000084400000|  0%| F|  |TAMS 0x0000000084300000, 0x0000000084300000| Untracked 
|  42|0x0000000084400000, 0x0000000084400000, 0x0000000084500000|  0%| F|  |TAMS 0x0000000084400000, 0x0000000084400000| Untracked 
|  43|0x0000000084500000, 0x0000000084500000, 0x0000000084600000|  0%| F|  |TAMS 0x0000000084500000, 0x0000000084500000| Untracked 
|  44|0x0000000084600000, 0x0000000084600000, 0x0000000084700000|  0%| F|  |TAMS 0x0000000084600000, 0x0000000084600000| Untracked 
|  45|0x0000000084700000, 0x0000000084700000, 0x0000000084800000|  0%| F|  |TAMS 0x0000000084700000, 0x0000000084700000| Untracked 
|  46|0x0000000084800000, 0x0000000084800000, 0x0000000084900000|  0%| F|  |TAMS 0x0000000084800000, 0x0000000084800000| Untracked 
|  47|0x0000000084900000, 0x0000000084900000, 0x0000000084a00000|  0%| F|  |TAMS 0x0000000084900000, 0x0000000084900000| Untracked 
|  48|0x0000000084a00000, 0x0000000084a00000, 0x0000000084b00000|  0%| F|  |TAMS 0x0000000084a00000, 0x0000000084a00000| Untracked 
|  49|0x0000000084b00000, 0x0000000084b00000, 0x0000000084c00000|  0%| F|  |TAMS 0x0000000084b00000, 0x0000000084b00000| Untracked 
|  50|0x0000000084c00000, 0x0000000084c00000, 0x0000000084d00000|  0%| F|  |TAMS 0x0000000084c00000, 0x0000000084c00000| Untracked 
|  51|0x0000000084d00000, 0x0000000084d00000, 0x0000000084e00000|  0%| F|  |TAMS 0x0000000084d00000, 0x0000000084d00000| Untracked 
|  52|0x0000000084e00000, 0x0000000084e00000, 0x0000000084f00000|  0%| F|  |TAMS 0x0000000084e00000, 0x0000000084e00000| Untracked 
|  53|0x0000000084f00000, 0x0000000084f00000, 0x0000000085000000|  0%| F|  |TAMS 0x0000000084f00000, 0x0000000084f00000| Untracked 
|  54|0x0000000085000000, 0x0000000085000000, 0x0000000085100000|  0%| F|  |TAMS 0x0000000085000000, 0x0000000085000000| Untracked 
|  55|0x0000000085100000, 0x0000000085100000, 0x0000000085200000|  0%| F|  |TAMS 0x0000000085100000, 0x0000000085100000| Untracked 
|  56|0x0000000085200000, 0x0000000085200000, 0x0000000085300000|  0%| F|  |TAMS 0x0000000085200000, 0x0000000085200000| Untracked 
|  57|0x0000000085300000, 0x0000000085300000, 0x0000000085400000|  0%| F|  |TAMS 0x0000000085300000, 0x0000000085300000| Untracked 
|  58|0x0000000085400000, 0x0000000085400000, 0x0000000085500000|  0%| F|  |TAMS 0x0000000085400000, 0x0000000085400000| Untracked 
|  59|0x0000000085500000, 0x0000000085500000, 0x0000000085600000|  0%| F|  |TAMS 0x0000000085500000, 0x0000000085500000| Untracked 
|  60|0x0000000085600000, 0x0000000085600000, 0x0000000085700000|  0%| F|  |TAMS 0x0000000085600000, 0x0000000085600000| Untracked 
|  61|0x0000000085700000, 0x0000000085700000, 0x0000000085800000|  0%| F|  |TAMS 0x0000000085700000, 0x0000000085700000| Untracked 
|  62|0x0000000085800000, 0x0000000085800000, 0x0000000085900000|  0%| F|  |TAMS 0x0000000085800000, 0x0000000085800000| Untracked 
|  63|0x0000000085900000, 0x0000000085900000, 0x0000000085a00000|  0%| F|  |TAMS 0x0000000085900000, 0x0000000085900000| Untracked 
|  64|0x0000000085a00000, 0x0000000085a00000, 0x0000000085b00000|  0%| F|  |TAMS 0x0000000085a00000, 0x0000000085a00000| Untracked 
|  65|0x0000000085b00000, 0x0000000085b00000, 0x0000000085c00000|  0%| F|  |TAMS 0x0000000085b00000, 0x0000000085b00000| Untracked 
|  66|0x0000000085c00000, 0x0000000085c00000, 0x0000000085d00000|  0%| F|  |TAMS 0x0000000085c00000, 0x0000000085c00000| Untracked 
|  67|0x0000000085d00000, 0x0000000085d00000, 0x0000000085e00000|  0%| F|  |TAMS 0x0000000085d00000, 0x0000000085d00000| Untracked 
|  68|0x0000000085e00000, 0x0000000085e00000, 0x0000000085f00000|  0%| F|  |TAMS 0x0000000085e00000, 0x0000000085e00000| Untracked 
|  69|0x0000000085f00000, 0x0000000085f00000, 0x0000000086000000|  0%| F|  |TAMS 0x0000000085f00000, 0x0000000085f00000| Untracked 
|  70|0x0000000086000000, 0x0000000086000000, 0x0000000086100000|  0%| F|  |TAMS 0x0000000086000000, 0x0000000086000000| Untracked 
|  71|0x0000000086100000, 0x0000000086100000, 0x0000000086200000|  0%| F|  |TAMS 0x0000000086100000, 0x0000000086100000| Untracked 
|  72|0x0000000086200000, 0x0000000086200000, 0x0000000086300000|  0%| F|  |TAMS 0x0000000086200000, 0x0000000086200000| Untracked 
|  73|0x0000000086300000, 0x0000000086300000, 0x0000000086400000|  0%| F|  |TAMS 0x0000000086300000, 0x0000000086300000| Untracked 
|  74|0x0000000086400000, 0x0000000086400000, 0x0000000086500000|  0%| F|  |TAMS 0x0000000086400000, 0x0000000086400000| Untracked 
|  75|0x0000000086500000, 0x0000000086500000, 0x0000000086600000|  0%| F|  |TAMS 0x0000000086500000, 0x0000000086500000| Untracked 
|  76|0x0000000086600000, 0x0000000086600000, 0x0000000086700000|  0%| F|  |TAMS 0x0000000086600000, 0x0000000086600000| Untracked 
|  77|0x0000000086700000, 0x0000000086700000, 0x0000000086800000|  0%| F|  |TAMS 0x0000000086700000, 0x0000000086700000| Untracked 
|  78|0x0000000086800000, 0x0000000086800000, 0x0000000086900000|  0%| F|  |TAMS 0x0000000086800000, 0x0000000086800000| Untracked 
|  79|0x0000000086900000, 0x0000000086900000, 0x0000000086a00000|  0%| F|  |TAMS 0x0000000086900000, 0x0000000086900000| Untracked 
|  80|0x0000000086a00000, 0x0000000086a00000, 0x0000000086b00000|  0%| F|  |TAMS 0x0000000086a00000, 0x0000000086a00000| Untracked 
|  81|0x0000000086b00000, 0x0000000086b00000, 0x0000000086c00000|  0%| F|  |TAMS 0x0000000086b00000, 0x0000000086b00000| Untracked 
|  82|0x0000000086c00000, 0x0000000086c00000, 0x0000000086d00000|  0%| F|  |TAMS 0x0000000086c00000, 0x0000000086c00000| Untracked 
|  83|0x0000000086d00000, 0x0000000086d00000, 0x0000000086e00000|  0%| F|  |TAMS 0x0000000086d00000, 0x0000000086d00000| Untracked 
|  84|0x0000000086e00000, 0x0000000086e00000, 0x0000000086f00000|  0%| F|  |TAMS 0x0000000086e00000, 0x0000000086e00000| Untracked 
|  85|0x0000000086f00000, 0x0000000086f00000, 0x0000000087000000|  0%| F|  |TAMS 0x0000000086f00000, 0x0000000086f00000| Untracked 
|  86|0x0000000087000000, 0x0000000087000000, 0x0000000087100000|  0%| F|  |TAMS 0x0000000087000000, 0x0000000087000000| Untracked 
|  87|0x0000000087100000, 0x0000000087100000, 0x0000000087200000|  0%| F|  |TAMS 0x0000000087100000, 0x0000000087100000| Untracked 
|  88|0x0000000087200000, 0x0000000087200000, 0x0000000087300000|  0%| F|  |TAMS 0x0000000087200000, 0x0000000087200000| Untracked 
|  89|0x0000000087300000, 0x0000000087300000, 0x0000000087400000|  0%| F|  |TAMS 0x0000000087300000, 0x0000000087300000| Untracked 
|  90|0x0000000087400000, 0x0000000087400000, 0x0000000087500000|  0%| F|  |TAMS 0x0000000087400000, 0x0000000087400000| Untracked 
|  91|0x0000000087500000, 0x0000000087500000, 0x0000000087600000|  0%| F|  |TAMS 0x0000000087500000, 0x0000000087500000| Untracked 
|  92|0x0000000087600000, 0x0000000087600000, 0x0000000087700000|  0%| F|  |TAMS 0x0000000087600000, 0x0000000087600000| Untracked 
|  93|0x0000000087700000, 0x0000000087700000, 0x0000000087800000|  0%| F|  |TAMS 0x0000000087700000, 0x0000000087700000| Untracked 
|  94|0x0000000087800000, 0x00000000878fae60, 0x0000000087900000| 98%| S|CS|TAMS 0x0000000087800000, 0x0000000087800000| Complete 
|  95|0x0000000087900000, 0x0000000087a00000, 0x0000000087a00000|100%| S|CS|TAMS 0x0000000087900000, 0x0000000087900000| Complete 
|  96|0x0000000087a00000, 0x0000000087a00000, 0x0000000087b00000|  0%| F|  |TAMS 0x0000000087a00000, 0x0000000087a00000| Untracked 
|  97|0x0000000087b00000, 0x0000000087b00000, 0x0000000087c00000|  0%| F|  |TAMS 0x0000000087b00000, 0x0000000087b00000| Untracked 
|  98|0x0000000087c00000, 0x0000000087c00000, 0x0000000087d00000|  0%| F|  |TAMS 0x0000000087c00000, 0x0000000087c00000| Untracked 
|  99|0x0000000087d00000, 0x0000000087d00000, 0x0000000087e00000|  0%| F|  |TAMS 0x0000000087d00000, 0x0000000087d00000| Untracked 
| 100|0x0000000087e00000, 0x0000000087e00000, 0x0000000087f00000|  0%| F|  |TAMS 0x0000000087e00000, 0x0000000087e00000| Untracked 
| 101|0x0000000087f00000, 0x0000000087f00000, 0x0000000088000000|  0%| F|  |TAMS 0x0000000087f00000, 0x0000000087f00000| Untracked 
| 102|0x0000000088000000, 0x0000000088000000, 0x0000000088100000|  0%| F|  |TAMS 0x0000000088000000, 0x0000000088000000| Untracked 
| 103|0x0000000088100000, 0x0000000088100000, 0x0000000088200000|  0%| F|  |TAMS 0x0000000088100000, 0x0000000088100000| Untracked 
| 104|0x0000000088200000, 0x0000000088200000, 0x0000000088300000|  0%| F|  |TAMS 0x0000000088200000, 0x0000000088200000| Untracked 
| 105|0x0000000088300000, 0x0000000088300000, 0x0000000088400000|  0%| F|  |TAMS 0x0000000088300000, 0x0000000088300000| Untracked 
| 106|0x0000000088400000, 0x0000000088400000, 0x0000000088500000|  0%| F|  |TAMS 0x0000000088400000, 0x0000000088400000| Untracked 
| 107|0x0000000088500000, 0x0000000088500000, 0x0000000088600000|  0%| F|  |TAMS 0x0000000088500000, 0x0000000088500000| Untracked 
| 108|0x0000000088600000, 0x0000000088600000, 0x0000000088700000|  0%| F|  |TAMS 0x0000000088600000, 0x0000000088600000| Untracked 
| 109|0x0000000088700000, 0x0000000088700000, 0x0000000088800000|  0%| F|  |TAMS 0x0000000088700000, 0x0000000088700000| Untracked 
| 110|0x0000000088800000, 0x0000000088800000, 0x0000000088900000|  0%| F|  |TAMS 0x0000000088800000, 0x0000000088800000| Untracked 
| 111|0x0000000088900000, 0x0000000088900000, 0x0000000088a00000|  0%| F|  |TAMS 0x0000000088900000, 0x0000000088900000| Untracked 
| 112|0x0000000088a00000, 0x0000000088a00000, 0x0000000088b00000|  0%| F|  |TAMS 0x0000000088a00000, 0x0000000088a00000| Untracked 
| 113|0x0000000088b00000, 0x0000000088b00000, 0x0000000088c00000|  0%| F|  |TAMS 0x0000000088b00000, 0x0000000088b00000| Untracked 
| 114|0x0000000088c00000, 0x0000000088c00000, 0x0000000088d00000|  0%| F|  |TAMS 0x0000000088c00000, 0x0000000088c00000| Untracked 
| 115|0x0000000088d00000, 0x0000000088d00000, 0x0000000088e00000|  0%| F|  |TAMS 0x0000000088d00000, 0x0000000088d00000| Untracked 
| 116|0x0000000088e00000, 0x0000000088e00000, 0x0000000088f00000|  0%| F|  |TAMS 0x0000000088e00000, 0x0000000088e00000| Untracked 
| 117|0x0000000088f00000, 0x0000000088f00000, 0x0000000089000000|  0%| F|  |TAMS 0x0000000088f00000, 0x0000000088f00000| Untracked 
| 118|0x0000000089000000, 0x0000000089000000, 0x0000000089100000|  0%| F|  |TAMS 0x0000000089000000, 0x0000000089000000| Untracked 
| 119|0x0000000089100000, 0x0000000089100000, 0x0000000089200000|  0%| F|  |TAMS 0x0000000089100000, 0x0000000089100000| Untracked 
| 120|0x0000000089200000, 0x0000000089200000, 0x0000000089300000|  0%| F|  |TAMS 0x0000000089200000, 0x0000000089200000| Untracked 
| 121|0x0000000089300000, 0x0000000089300000, 0x0000000089400000|  0%| F|  |TAMS 0x0000000089300000, 0x0000000089300000| Untracked 
| 122|0x0000000089400000, 0x0000000089400000, 0x0000000089500000|  0%| F|  |TAMS 0x0000000089400000, 0x0000000089400000| Untracked 
| 123|0x0000000089500000, 0x0000000089500000, 0x0000000089600000|  0%| F|  |TAMS 0x0000000089500000, 0x0000000089500000| Untracked 
| 124|0x0000000089600000, 0x0000000089600000, 0x0000000089700000|  0%| F|  |TAMS 0x0000000089600000, 0x0000000089600000| Untracked 
| 125|0x0000000089700000, 0x0000000089800000, 0x0000000089800000|100%| E|  |TAMS 0x0000000089700000, 0x0000000089700000| Complete 
| 126|0x0000000089800000, 0x0000000089900000, 0x0000000089900000|100%| E|CS|TAMS 0x0000000089800000, 0x0000000089800000| Complete 
| 127|0x0000000089900000, 0x0000000089a00000, 0x0000000089a00000|100%| E|CS|TAMS 0x0000000089900000, 0x0000000089900000| Complete 

Card table byte_map: [0x00000237c74d0000,0x00000237c78d0000] _byte_map_base: 0x00000237c70c3000

Marking Bits (Prev, Next): (CMBitMap*) 0x00000237b05bd2e0, (CMBitMap*) 0x00000237b05bd320
 Prev Bits: [0x00000237c7cd0000, 0x00000237c9c68000)
 Next Bits: [0x00000237c9c70000, 0x00000237cbc08000)

Polling page: 0x00000237ae510000

Metaspace:

Usage:
  Non-class:      9.39 MB used.
      Class:      1.30 MB used.
       Both:     10.69 MB used.

Virtual space:
  Non-class space:       16.00 MB reserved,       9.44 MB ( 59%) committed,  2 nodes.
      Class space:        1.00 GB reserved,       1.38 MB ( <1%) committed,  1 nodes.
             Both:        1.02 GB reserved,      10.81 MB (  1%) committed. 

Chunk freelists:
   Non-Class:  1.57 MB
       Class:  2.44 MB
        Both:  4.01 MB

MaxMetaspaceSize: unlimited
CompressedClassSpaceSize: 1.00 GB
Initial GC threshold: 21.00 MB
Current GC threshold: 21.00 MB
CDS: on
MetaspaceReclaimPolicy: balanced
 - commit_granule_bytes: 65536.
 - commit_granule_words: 8192.
 - virtual_space_node_default_size: 1048576.
 - enlarge_chunks_in_place: 1.
 - new_chunks_are_fully_committed: 0.
 - uncommit_free_chunks: 1.
 - use_allocation_guard: 0.
 - handle_deallocations: 1.


Internal statistics:

num_allocs_failed_limit: 0.
num_arena_births: 44.
num_arena_deaths: 0.
num_vsnodes_births: 3.
num_vsnodes_deaths: 0.
num_space_committed: 173.
num_space_uncommitted: 0.
num_chunks_returned_to_freelist: 0.
num_chunks_taken_from_freelist: 387.
num_chunk_merges: 0.
num_chunk_splits: 275.
num_chunks_enlarged: 222.
num_purges: 0.
num_inconsistent_stats: 0.

CodeHeap 'non-profiled nmethods': size=120000Kb used=801Kb max_used=801Kb free=119198Kb
 bounds [0x00000237bf860000, 0x00000237bfad0000, 0x00000237c6d90000]
CodeHeap 'profiled nmethods': size=120000Kb used=3654Kb max_used=3654Kb free=116345Kb
 bounds [0x00000237b8330000, 0x00000237b86d0000, 0x00000237bf860000]
CodeHeap 'non-nmethods': size=5760Kb used=1170Kb max_used=1195Kb free=4589Kb
 bounds [0x00000237b7d90000, 0x00000237b8000000, 0x00000237b8330000]
 total_blobs=2342 nmethods=1883 adapters=371
 compilation: enabled
              stopped_count=0, restarted_count=0
 full_count=0

Compilation events (20 events):
Event: 3.680 Thread 0x00000237ce600d40 1875       1       org.codehaus.plexus.classworlds.realm.Entry::getPackageName (5 bytes)
Event: 3.680 Thread 0x00000237ce600d40 nmethod 1875 0x00000237bf928390 code [0x00000237bf928520, 0x00000237bf9285f8]
Event: 3.680 Thread 0x00000237ce600d40 1877       3       org.codehaus.plexus.classworlds.realm.Entry::compareTo (13 bytes)
Event: 3.680 Thread 0x00000237ce600d40 nmethod 1877 0x00000237b86be690 code [0x00000237b86be840, 0x00000237b86be9e8]
Event: 3.680 Thread 0x00000237ce600d40 1876       3       org.codehaus.plexus.classworlds.realm.Entry::compareTo (9 bytes)
Event: 3.680 Thread 0x00000237ce600d40 nmethod 1876 0x00000237b86beb10 code [0x00000237b86becc0, 0x00000237b86befc8]
Event: 3.681 Thread 0x00000237ce600d40 1878       3       com.google.inject.internal.InjectorImpl::isProvider (13 bytes)
Event: 3.681 Thread 0x00000237ce600d40 nmethod 1878 0x00000237b86bf110 code [0x00000237b86bf2c0, 0x00000237b86bf538]
Event: 3.682 Thread 0x00000237ce600d40 1881       3       org.eclipse.sisu.bean.DeclaredMembers$MemberIterator::next (5 bytes)
Event: 3.682 Thread 0x00000237ce600d40 nmethod 1881 0x00000237b86bf690 code [0x00000237b86bf860, 0x00000237b86bfb58]
Event: 3.682 Thread 0x00000237ce600d40 1882       3       org.eclipse.sisu.bean.DeclaredMembers$MemberIterator::next (32 bytes)
Event: 3.682 Thread 0x00000237ce600d40 nmethod 1882 0x00000237b86bfd10 code [0x00000237b86bfec0, 0x00000237b86c0158]
Event: 3.682 Thread 0x00000237ce600d40 1883       3       java.lang.System::checkKey (34 bytes)
Event: 3.683 Thread 0x00000237ce600d40 nmethod 1883 0x00000237b86c0290 code [0x00000237b86c0460, 0x00000237b86c0818]
Event: 3.684 Thread 0x00000237ce600d40 1885       3       com.google.common.collect.AbstractMapBasedMultimap::get (31 bytes)
Event: 3.684 Thread 0x00000237ce600d40 nmethod 1885 0x00000237b86c0990 code [0x00000237b86c0b60, 0x00000237b86c1048]
Event: 3.685 Thread 0x00000237ce600d40 1886       3       org.eclipse.sisu.bean.BeanPropertyField::getName (8 bytes)
Event: 3.685 Thread 0x00000237ce600d40 nmethod 1886 0x00000237b86c1190 code [0x00000237b86c1320, 0x00000237b86c1458]
Event: 3.685 Thread 0x00000237ce600d40 1887       3       com.google.inject.internal.InternalContext::pushDependency (18 bytes)
Event: 3.685 Thread 0x00000237ce600d40 nmethod 1887 0x00000237b86c1510 code [0x00000237b86c16c0, 0x00000237b86c1868]

GC Heap History (4 events):
Event: 1.627 GC heap before
{Heap before GC invocations=0 (full 0):
 garbage-first heap   total 131072K, used 23552K [0x0000000081a00000, 0x0000000100000000)
  region size 1024K, 23 young (23552K), 0 survivors (0K)
 Metaspace       used 5831K, committed 6016K, reserved 1056768K
  class space    used 667K, committed 768K, reserved 1048576K
}
Event: 1.632 GC heap after
{Heap after GC invocations=1 (full 0):
 garbage-first heap   total 131072K, used 4139K [0x0000000081a00000, 0x0000000100000000)
  region size 1024K, 3 young (3072K), 3 survivors (3072K)
 Metaspace       used 5831K, committed 6016K, reserved 1056768K
  class space    used 667K, committed 768K, reserved 1048576K
}
Event: 3.449 GC heap before
{Heap before GC invocations=1 (full 0):
 garbage-first heap   total 131072K, used 33835K [0x0000000081a00000, 0x0000000100000000)
  region size 1024K, 32 young (32768K), 3 survivors (3072K)
 Metaspace       used 10480K, committed 10624K, reserved 1064960K
  class space    used 1269K, committed 1344K, reserved 1048576K
}
Event: 3.454 GC heap after
{Heap after GC invocations=2 (full 0):
 garbage-first heap   total 131072K, used 6190K [0x0000000081a00000, 0x0000000100000000)
  region size 1024K, 2 young (2048K), 2 survivors (2048K)
 Metaspace       used 10480K, committed 10624K, reserved 1064960K
  class space    used 1269K, committed 1344K, reserved 1048576K
}

Deoptimization events (20 events):
Event: 1.901 Thread 0x00000237b057e680 Uncommon trap: trap_request=0xffffffc6 fr.pc=0x00000237bf8acce8 relative=0x0000000000001728
Event: 1.901 Thread 0x00000237b057e680 Uncommon trap: reason=bimorphic_or_optimized_type_check action=maybe_recompile pc=0x00000237bf8acce8 method=java.util.HashMap.putVal(ILjava/lang/Object;Ljava/lang/Object;ZZ)Ljava/lang/Object; @ 91 c2
Event: 1.901 Thread 0x00000237b057e680 DEOPT PACKING pc=0x00000237bf8acce8 sp=0x0000004ff04fd700
Event: 1.901 Thread 0x00000237b057e680 DEOPT UNPACKING pc=0x00000237b7de23a3 sp=0x0000004ff04fd658 mode 2
Event: 1.967 Thread 0x00000237b057e680 Uncommon trap: trap_request=0xffffffc6 fr.pc=0x00000237bf8acce8 relative=0x0000000000001728
Event: 1.967 Thread 0x00000237b057e680 Uncommon trap: reason=bimorphic_or_optimized_type_check action=maybe_recompile pc=0x00000237bf8acce8 method=java.util.HashMap.putVal(ILjava/lang/Object;Ljava/lang/Object;ZZ)Ljava/lang/Object; @ 91 c2
Event: 1.967 Thread 0x00000237b057e680 DEOPT PACKING pc=0x00000237bf8acce8 sp=0x0000004ff04fd700
Event: 1.967 Thread 0x00000237b057e680 DEOPT UNPACKING pc=0x00000237b7de23a3 sp=0x0000004ff04fd658 mode 2
Event: 2.029 Thread 0x00000237b057e680 Uncommon trap: trap_request=0xffffffc6 fr.pc=0x00000237bf8acce8 relative=0x0000000000001728
Event: 2.029 Thread 0x00000237b057e680 Uncommon trap: reason=bimorphic_or_optimized_type_check action=maybe_recompile pc=0x00000237bf8acce8 method=java.util.HashMap.putVal(ILjava/lang/Object;Ljava/lang/Object;ZZ)Ljava/lang/Object; @ 91 c2
Event: 2.029 Thread 0x00000237b057e680 DEOPT PACKING pc=0x00000237bf8acce8 sp=0x0000004ff04fd700
Event: 2.029 Thread 0x00000237b057e680 DEOPT UNPACKING pc=0x00000237b7de23a3 sp=0x0000004ff04fd658 mode 2
Event: 2.116 Thread 0x00000237b057e680 Uncommon trap: trap_request=0xffffff45 fr.pc=0x00000237bf8f5264 relative=0x00000000000004c4
Event: 2.116 Thread 0x00000237b057e680 Uncommon trap: reason=unstable_if action=reinterpret pc=0x00000237bf8f5264 method=java.lang.String.<init>([CIILjava/lang/Void;)V @ 5 c2
Event: 2.116 Thread 0x00000237b057e680 DEOPT PACKING pc=0x00000237bf8f5264 sp=0x0000004ff04fdc80
Event: 2.116 Thread 0x00000237b057e680 DEOPT UNPACKING pc=0x00000237b7de23a3 sp=0x0000004ff04fdb18 mode 2
Event: 2.280 Thread 0x00000237b057e680 Uncommon trap: trap_request=0xffffff45 fr.pc=0x00000237bf8ef9d8 relative=0x0000000000000438
Event: 2.280 Thread 0x00000237b057e680 Uncommon trap: reason=unstable_if action=reinterpret pc=0x00000237bf8ef9d8 method=java.lang.String.<init>([CIILjava/lang/Void;)V @ 5 c2
Event: 2.280 Thread 0x00000237b057e680 DEOPT PACKING pc=0x00000237bf8ef9d8 sp=0x0000004ff04fdc30
Event: 2.280 Thread 0x00000237b057e680 DEOPT UNPACKING pc=0x00000237b7de23a3 sp=0x0000004ff04fdb78 mode 2

Classes unloaded (0 events):
No events

Classes redefined (0 events):
No events

Internal exceptions (7 events):
Event: 0.085 Thread 0x00000237cf0edea0 Exception <a 'java/lang/NoSuchMethodError'{0x00000000898f0a28}: 'java.lang.Object java.lang.invoke.DirectMethodHandle$Holder.invokeStaticInit(java.lang.Object)'> (0x00000000898f0a28) 
thrown [t:\workspace\open\src\hotspot\share\interpreter\linkResolver.cpp, line 766]
Event: 0.093 Thread 0x00000237cf0edea0 Exception <a 'java/lang/NoSuchMethodError'{0x00000000898fe8c8}: 'void java.lang.invoke.DirectMethodHandle$Holder.invokeStatic(java.lang.Object, java.lang.Object)'> (0x00000000898fe8c8) 
thrown [t:\workspace\open\src\hotspot\share\interpreter\linkResolver.cpp, line 766]
Event: 0.187 Thread 0x00000237b057e680 Exception <a 'java/lang/NoSuchMethodError'{0x0000000089433ce0}: 'java.lang.Object java.lang.invoke.DirectMethodHandle$Holder.invokeStaticInit(java.lang.Object, int, int, int, int)'> (0x0000000089433ce0) 
thrown [t:\workspace\open\src\hotspot\share\interpreter\linkResolver.cpp, line 766]
Event: 0.241 Thread 0x00000237b057e680 Exception <a 'java/lang/NoSuchMethodError'{0x000000008933cbf8}: 'java.lang.Object java.lang.invoke.DirectMethodHandle$Holder.invokeStaticInit(java.lang.Object, java.lang.Object, int, int, int, int)'> (0x000000008933cbf8) 
thrown [t:\workspace\open\src\hotspot\share\interpreter\linkResolver.cpp, line 766]
Event: 1.181 Thread 0x00000237b057e680 Exception <a 'java/lang/NoSuchMethodError'{0x00000000888493b0}: 'java.lang.Object java.lang.invoke.DirectMethodHandle$Holder.newInvokeSpecial(java.lang.Object, java.lang.Object, java.lang.Object, java.lang.Object, java.lang.Object)'> (0x00000000888493b0) 
thrown [t:\workspace\open\src\hotspot\share\interpreter\linkResolver.cpp, line 766]
Event: 3.647 Thread 0x00000237b057e680 Exception <a 'java/lang/NoClassDefFoundError'{0x00000000898a9b58}: com/google/inject/servlet/ServletModuleTargetVisitor> (0x00000000898a9b58) 
thrown [t:\workspace\open\src\hotspot\share\classfile\systemDictionary.cpp, line 245]
Event: 3.647 Thread 0x00000237b057e680 Exception <a 'java/lang/NoClassDefFoundError'{0x00000000898ab708}: javax/annotation/Priority> (0x00000000898ab708) 
thrown [t:\workspace\open\src\hotspot\share\classfile\systemDictionary.cpp, line 245]

VM Operations (20 events):
Event: 1.342 Executing VM operation: Cleanup
Event: 1.343 Executing VM operation: Cleanup done
Event: 1.627 Executing VM operation: G1CollectForAllocation
Event: 1.632 Executing VM operation: G1CollectForAllocation done
Event: 2.397 Executing VM operation: HandshakeAllThreads
Event: 2.397 Executing VM operation: HandshakeAllThreads done
Event: 2.866 Executing VM operation: HandshakeAllThreads
Event: 2.866 Executing VM operation: HandshakeAllThreads done
Event: 2.866 Executing VM operation: Cleanup
Event: 2.866 Executing VM operation: Cleanup done
Event: 2.876 Executing VM operation: HandshakeAllThreads
Event: 2.876 Executing VM operation: HandshakeAllThreads done
Event: 3.387 Executing VM operation: HandshakeAllThreads
Event: 3.387 Executing VM operation: HandshakeAllThreads done
Event: 3.389 Executing VM operation: HandshakeAllThreads
Event: 3.389 Executing VM operation: HandshakeAllThreads done
Event: 3.449 Executing VM operation: G1CollectForAllocation
Event: 3.454 Executing VM operation: G1CollectForAllocation done
Event: 3.571 Executing VM operation: HandshakeAllThreads
Event: 3.571 Executing VM operation: HandshakeAllThreads done

Events (20 events):
Event: 3.112 loading class sun/reflect/generics/repository/ConstructorRepository
Event: 3.112 loading class sun/reflect/generics/repository/ConstructorRepository done
Event: 3.112 loading class sun/reflect/generics/tree/VoidDescriptor
Event: 3.112 loading class sun/reflect/generics/tree/VoidDescriptor done
Event: 3.112 loading class sun/reflect/generics/tree/MethodTypeSignature
Event: 3.112 loading class sun/reflect/generics/tree/MethodTypeSignature done
Event: 3.122 Thread 0x00000237d06938e0 Thread exited: 0x00000237d06938e0
Event: 3.159 loading class sun/reflect/generics/repository/FieldRepository
Event: 3.159 loading class sun/reflect/generics/repository/FieldRepository done
Event: 3.429 loading class sun/reflect/generics/scope/MethodScope
Event: 3.429 loading class sun/reflect/generics/scope/MethodScope done
Event: 3.429 loading class sun/reflect/generics/repository/MethodRepository
Event: 3.429 loading class sun/reflect/generics/repository/MethodRepository done
Event: 3.506 loading class java/util/ConcurrentModificationException
Event: 3.528 loading class java/util/ConcurrentModificationException done
Event: 3.576 loading class jdk/internal/reflect/UnsafeObjectFieldAccessorImpl
Event: 3.630 loading class jdk/internal/reflect/UnsafeObjectFieldAccessorImpl done
Event: 3.647 loading class java/lang/ClassFormatError
Event: 3.647 loading class java/lang/ClassFormatError done
Event: 3.685 loading class java/util/concurrent/ThreadPoolExecutor


Dynamic libraries:
0x00007ff7f1fa0000 - 0x00007ff7f1fb0000 	C:\Program Files\Java\jdk-17.0.1\bin\java.exe
0x00007fff91c70000 - 0x00007fff91e65000 	C:\WINDOWS\SYSTEM32\ntdll.dll
0x00007fff8ff50000 - 0x00007fff9000e000 	C:\WINDOWS\System32\KERNEL32.DLL
0x00007fff8f510000 - 0x00007fff8f7d8000 	C:\WINDOWS\System32\KERNELBASE.dll
0x00007fff8f880000 - 0x00007fff8f980000 	C:\WINDOWS\System32\ucrtbase.dll
0x00007fff78700000 - 0x00007fff78718000 	C:\Program Files\Java\jdk-17.0.1\bin\jli.dll
0x00007fff786e0000 - 0x00007fff786fa000 	C:\Program Files\Java\jdk-17.0.1\bin\VCRUNTIME140.dll
0x00007fff90c00000 - 0x00007fff90cac000 	C:\WINDOWS\System32\ADVAPI32.dll
0x00007fff90db0000 - 0x00007fff90e4e000 	C:\WINDOWS\System32\msvcrt.dll
0x00007fff90e80000 - 0x00007fff90f1b000 	C:\WINDOWS\System32\sechost.dll
0x00007fff918f0000 - 0x00007fff91a1a000 	C:\WINDOWS\System32\RPCRT4.dll
0x00007fff90f90000 - 0x00007fff91131000 	C:\WINDOWS\System32\USER32.dll
0x00007fff72d50000 - 0x00007fff72fea000 	C:\WINDOWS\WinSxS\amd64_microsoft.windows.common-controls_6595b64144ccf1df_6.0.19041.1110_none_60b5254171f9507e\COMCTL32.dll
0x00007fff8f980000 - 0x00007fff8f9a2000 	C:\WINDOWS\System32\win32u.dll
0x00007fff90e50000 - 0x00007fff90e7b000 	C:\WINDOWS\System32\GDI32.dll
0x00007fff8fb10000 - 0x00007fff8fc1d000 	C:\WINDOWS\System32\gdi32full.dll
0x00007fff8f7e0000 - 0x00007fff8f87d000 	C:\WINDOWS\System32\msvcp_win.dll
0x00007fff85280000 - 0x00007fff8528a000 	C:\WINDOWS\SYSTEM32\VERSION.dll
0x00007fff90d80000 - 0x00007fff90db0000 	C:\WINDOWS\System32\IMM32.DLL
0x00007fff88d20000 - 0x00007fff88d2c000 	C:\Program Files\Java\jdk-17.0.1\bin\vcruntime140_1.dll
0x00007fff65970000 - 0x00007fff659fd000 	C:\Program Files\Java\jdk-17.0.1\bin\msvcp140.dll
0x00007fff499e0000 - 0x00007fff4a59e000 	C:\Program Files\Java\jdk-17.0.1\bin\server\jvm.dll
0x00007fff90f80000 - 0x00007fff90f88000 	C:\WINDOWS\System32\PSAPI.DLL
0x00007fff71f80000 - 0x00007fff71f89000 	C:\WINDOWS\SYSTEM32\WSOCK32.dll
0x00007fff7a1c0000 - 0x00007fff7a1e7000 	C:\WINDOWS\SYSTEM32\WINMM.dll
0x00007fff908a0000 - 0x00007fff9090b000 	C:\WINDOWS\System32\WS2_32.dll
0x00007fff8df20000 - 0x00007fff8df32000 	C:\WINDOWS\SYSTEM32\kernel.appcore.dll
0x00007fff786d0000 - 0x00007fff786da000 	C:\Program Files\Java\jdk-17.0.1\bin\jimage.dll
0x00007fff8d900000 - 0x00007fff8dae4000 	C:\WINDOWS\SYSTEM32\DBGHELP.DLL
0x00007fff76b70000 - 0x00007fff76b9c000 	C:\WINDOWS\SYSTEM32\dbgcore.DLL
0x00007fff8f480000 - 0x00007fff8f502000 	C:\WINDOWS\System32\bcryptPrimitives.dll
0x00007fff786c0000 - 0x00007fff786ce000 	C:\Program Files\Java\jdk-17.0.1\bin\instrument.dll
0x00007fff71520000 - 0x00007fff71545000 	C:\Program Files\Java\jdk-17.0.1\bin\java.dll
0x00007fff65890000 - 0x00007fff65966000 	C:\Program Files\Java\jdk-17.0.1\bin\svml.dll
0x00007fff911a0000 - 0x00007fff918e4000 	C:\WINDOWS\System32\SHELL32.dll
0x00007fff8d0a0000 - 0x00007fff8d834000 	C:\WINDOWS\SYSTEM32\windows.storage.dll
0x00007fff90010000 - 0x00007fff90365000 	C:\WINDOWS\System32\combase.dll
0x00007fff8edd0000 - 0x00007fff8edfe000 	C:\WINDOWS\SYSTEM32\Wldp.dll
0x00007fff8fcb0000 - 0x00007fff8fd5d000 	C:\WINDOWS\System32\SHCORE.dll
0x00007fff91140000 - 0x00007fff91195000 	C:\WINDOWS\System32\shlwapi.dll
0x00007fff8f2c0000 - 0x00007fff8f2df000 	C:\WINDOWS\SYSTEM32\profapi.dll
0x00007fff713e0000 - 0x00007fff713f8000 	C:\Program Files\Java\jdk-17.0.1\bin\zip.dll
0x00007fff713c0000 - 0x00007fff713d9000 	C:\Program Files\Java\jdk-17.0.1\bin\net.dll
0x00007fff7c0b0000 - 0x00007fff7c1bc000 	C:\WINDOWS\SYSTEM32\WINHTTP.dll
0x00007fff8eb30000 - 0x00007fff8eb9a000 	C:\WINDOWS\system32\mswsock.dll
0x00007fff713a0000 - 0x00007fff713b5000 	C:\Program Files\Java\jdk-17.0.1\bin\nio.dll
0x00007fff71380000 - 0x00007fff7139a000 	C:\Program Files\JetBrains\IntelliJ IDEA 2021.1.3\bin\breakgen64.dll
0x00007fff786b0000 - 0x00007fff786c0000 	C:\Program Files\Java\jdk-17.0.1\bin\verify.dll
0x00007fff8ed20000 - 0x00007fff8ed38000 	C:\WINDOWS\SYSTEM32\CRYPTSP.dll
0x00007fff8e440000 - 0x00007fff8e474000 	C:\WINDOWS\system32\rsaenh.dll
0x00007fff8fc80000 - 0x00007fff8fca7000 	C:\WINDOWS\System32\bcrypt.dll
0x00007fff8f240000 - 0x00007fff8f26e000 	C:\WINDOWS\SYSTEM32\USERENV.dll
0x00007fff8ed40000 - 0x00007fff8ed4c000 	C:\WINDOWS\SYSTEM32\CRYPTBASE.dll
0x00007fff8e7d0000 - 0x00007fff8e80b000 	C:\WINDOWS\SYSTEM32\IPHLPAPI.DLL
0x00007fff90880000 - 0x00007fff90888000 	C:\WINDOWS\System32\NSI.dll
0x00007fff88080000 - 0x00007fff88097000 	C:\WINDOWS\SYSTEM32\dhcpcsvc6.DLL
0x00007fff865d0000 - 0x00007fff865ed000 	C:\WINDOWS\SYSTEM32\dhcpcsvc.DLL
0x00007fff8e810000 - 0x00007fff8e8db000 	C:\WINDOWS\SYSTEM32\DNSAPI.dll
0x00007fff71080000 - 0x00007fff7108a000 	C:\Users\yoniy\AppData\Local\Temp\jansi-1.17.1-1419635976161842858.dll
0x00007fff71050000 - 0x00007fff7105a000 	C:\Users\yoniy\AppData\Local\Temp\jansi-1.17.1-16026058931145767680.dll

dbghelp: loaded successfully - version: 4.0.5 - missing functions: none
symbol engine: initialized successfully - sym options: 0x614 - pdb path: .;C:\Program Files\Java\jdk-17.0.1\bin;C:\WINDOWS\SYSTEM32;C:\WINDOWS\WinSxS\amd64_microsoft.windows.common-controls_6595b64144ccf1df_6.0.19041.1110_none_60b5254171f9507e;C:\Program Files\Java\jdk-17.0.1\bin\server;C:\Program Files\JetBrains\IntelliJ IDEA 2021.1.3\bin;C:\Users\yoniy\AppData\Local\Temp

VM Arguments:
jvm_args: -Dmaven.multiModuleProjectDirectory=C:\Users\yoniy\IdeaProjects\HMO_Prototype -Dmaven.home=C:\Program Files\JetBrains\IntelliJ IDEA 2021.1.3\plugins\maven\lib\maven3 -Dclassworlds.conf=C:\Program Files\JetBrains\IntelliJ IDEA 2021.1.3\plugins\maven\lib\maven3\bin\m2.conf -Dmaven.ext.class.path=C:\Program Files\JetBrains\IntelliJ IDEA 2021.1.3\plugins\maven\lib\maven-event-listener.jar -javaagent:C:\Program Files\JetBrains\IntelliJ IDEA 2021.1.3\lib\idea_rt.jar=54661:C:\Program Files\JetBrains\IntelliJ IDEA 2021.1.3\bin -Dfile.encoding=UTF-8 
java_command: org.codehaus.classworlds.Launcher -Didea.version=2021.1.3 clean
java_class_path (initial): C:\Program Files\JetBrains\IntelliJ IDEA 2021.1.3\plugins\maven\lib\maven3\boot\plexus-classworlds-2.6.0.jar;C:\Program Files\JetBrains\IntelliJ IDEA 2021.1.3\plugins\maven\lib\maven3\boot\plexus-classworlds.license
Launcher Type: SUN_STANDARD

[Global flags]
     intx CICompilerCount                          = 4                                         {product} {ergonomic}
     uint ConcGCThreads                            = 2                                         {product} {ergonomic}
     uint G1ConcRefinementThreads                  = 8                                         {product} {ergonomic}
   size_t G1HeapRegionSize                         = 1048576                                   {product} {ergonomic}
    uintx GCDrainStackTargetSize                   = 64                                        {product} {ergonomic}
   size_t InitialHeapSize                          = 134217728                                 {product} {ergonomic}
   size_t MarkStackSize                            = 4194304                                   {product} {ergonomic}
   size_t MaxHeapSize                              = 2120220672                                {product} {ergonomic}
   size_t MaxNewSize                               = 1271922688                                {product} {ergonomic}
   size_t MinHeapDeltaBytes                        = 1048576                                   {product} {ergonomic}
   size_t MinHeapSize                              = 8388608                                   {product} {ergonomic}
    uintx NonNMethodCodeHeapSize                   = 5839372                                {pd product} {ergonomic}
    uintx NonProfiledCodeHeapSize                  = 122909434                              {pd product} {ergonomic}
    uintx ProfiledCodeHeapSize                     = 122909434                              {pd product} {ergonomic}
    uintx ReservedCodeCacheSize                    = 251658240                              {pd product} {ergonomic}
     bool SegmentedCodeCache                       = true                                      {product} {ergonomic}
   size_t SoftMaxHeapSize                          = 2120220672                             {manageable} {ergonomic}
     bool UseCompressedClassPointers               = true                           {product lp64_product} {ergonomic}
     bool UseCompressedOops                        = true                           {product lp64_product} {ergonomic}
     bool UseG1GC                                  = true                                      {product} {ergonomic}
     bool UseLargePagesIndividualAllocation        = false                                  {pd product} {ergonomic}

Logging:
Log output configuration:
 #0: stdout all=warning uptime,level,tags
 #1: stderr all=off uptime,level,tags

Environment Variables:
PATH=C:\Program Files\Common Files\Oracle\Java\javapath;C:\Program Files (x86)\Intel\iCLS Client\;C:\Program Files\Intel\iCLS Client\;C:\WINDOWS\system32;C:\WINDOWS;C:\WINDOWS\System32\Wbem;C:\WINDOWS\System32\WindowsPowerShell\v1.0\;C:\Program Files\Intel\WiFi\bin\;C:\Program Files\Common Files\Intel\WirelessCommon\;C:\Program Files (x86)\Intel\Intel(R) Management Engine Components\DAL;C:\Program Files\Intel\Intel(R) Management Engine Components\DAL;C:\Program Files (x86)\Intel\Intel(R) Management Engine Components\IPT;C:\Program Files\Intel\Intel(R) Management Engine Components\IPT;C:\WINDOWS\System32\OpenSSH\;C:\Program Files\Git\cmd;C:\Program Files\MySQL\MySQL Shell 8.0\bin\;C:\Users\yoniy\AppData\Local\Microsoft\WindowsApps;C:\Program Files\JetBrains\IntelliJ IDEA Community Edition 2021.2.3\bin;;C:\Users\yoniy\AppData\Local\GitHubDesktop\bin
USERNAME=yoniy
OS=Windows_NT
PROCESSOR_IDENTIFIER=Intel64 Family 6 Model 142 Stepping 10, GenuineIntel



---------------  S Y S T E M  ---------------

OS:
 Windows 10 , 64 bit Build 19041 (10.0.19041.1348)
OS uptime: 5 days 10:38 hours

CPU: total 8 (initial active 8) (4 cores per cpu, 2 threads per core) family 6 model 142 stepping 10 microcode 0xb4, cx8, cmov, fxsr, ht, mmx, 3dnowpref, sse, sse2, sse3, ssse3, sse4.1, sse4.2, popcnt, lzcnt, tsc, tscinvbit, avx, avx2, aes, erms, clmul, bmi1, bmi2, adx, fma, vzeroupper, clflush, clflushopt

Memory: 4k page, system-wide physical 8087M (760M free)
TotalPageFile size 12183M (AvailPageFile size 3M)
current process WorkingSet (physical memory assigned to process): 104M, peak: 104M
current process commit charge ("private bytes"): 238M, peak: 239M

vm_info: Java HotSpot(TM) 64-Bit Server VM (17.0.1+12-LTS-39) for windows-amd64 JRE (17.0.1+12-LTS-39), built on Sep 27 2021 18:41:35 by "mach5one" with MS VC++ 16.8 (VS2019)

END.
