#
# There is insufficient memory for the Java Runtime Environment to continue.
# Native memory allocation (mmap) failed to map 134217728 bytes for G1 virtual space
# Possible reasons:
#   The system is out of physical RAM or swap space
#   The process is running with CompressedOops enabled, and the Java Heap may be blocking the growth of the native heap
# Possible solutions:
#   Reduce memory load on the system
#   Increase physical memory or swap space
#   Check if swap backing store is full
#   Decrease Java heap size (-Xmx/-Xms)
#   Decrease number of Java threads
#   Decrease Java thread stack sizes (-Xss)
#   Set larger code cache with -XX:ReservedCodeCacheSize=
#   JVM is running with Unscaled Compressed Oops mode in which the Java heap is
#     placed in the first 4GB address space. The Java Heap base address is the
#     maximum limit for the native heap growth. Please use -XX:HeapBaseMinAddress
#     to set the Java Heap base and to place the Java Heap above 4GB virtual address.
# This output file may be truncated or incomplete.
#
#  Out of Memory Error (os_windows.cpp:3469), pid=15236, tid=17756
#
# JRE version:  (17.0.1+12) (build )
# Java VM: Java HotSpot(TM) 64-Bit Server VM (17.0.1+12-LTS-39, mixed mode, sharing, tiered, compressed oops, compressed class ptrs, g1 gc, windows-amd64)
# No core dump will be written. Minidumps are not enabled by default on client versions of Windows
#

---------------  S U M M A R Y ------------

Command Line: C:\Users\yoniy\AppData\Local\Temp\surefire120183593554719819\surefirebooter12130521295499494716.jar C:\Users\yoniy\AppData\Local\Temp\surefire120183593554719819 2022-01-11T10-17-01_714-jvmRun1 surefire9310933525143141482tmp surefire_09105279410328258059tmp

Host: Intel(R) Core(TM) i5-8250U CPU @ 1.60GHz, 8 cores, 7G,  Windows 10 , 64 bit Build 19041 (10.0.19041.1348)
Time: Tue Jan 11 10:17:07 2022  Windows 10 , 64 bit Build 19041 (10.0.19041.1348) elapsed time: 0.010034 seconds (0d 0h 0m 0s)

---------------  T H R E A D  ---------------

Current thread (0x000001433a7acb60):  JavaThread "Unknown thread" [_thread_in_vm, id=17756, stack(0x0000000240100000,0x0000000240200000)]

Stack: [0x0000000240100000,0x0000000240200000]
Native frames: (J=compiled Java code, j=interpreted, Vv=VM code, C=native code)
V  [jvm.dll+0x66fa1a]
V  [jvm.dll+0x7ce5a4]
V  [jvm.dll+0x7cfd4e]
V  [jvm.dll+0x7d03b3]
V  [jvm.dll+0x242b05]
V  [jvm.dll+0x66ca39]
V  [jvm.dll+0x661502]
V  [jvm.dll+0x30081b]
V  [jvm.dll+0x307da6]
V  [jvm.dll+0x357a1e]
V  [jvm.dll+0x357c4f]
V  [jvm.dll+0x2d7ad8]
V  [jvm.dll+0x2d8a44]
V  [jvm.dll+0x7a01e1]
V  [jvm.dll+0x365791]
V  [jvm.dll+0x77f6cc]
V  [jvm.dll+0x3e812f]
V  [jvm.dll+0x3e9bd1]
C  [jli.dll+0x527b]
C  [ucrtbase.dll+0x21bb2]
C  [KERNEL32.DLL+0x17034]
C  [ntdll.dll+0x52651]


---------------  P R O C E S S  ---------------

Threads class SMR info:
_java_thread_list=0x00007fff4a4b7818, length=0, elements={
}

Java Threads: ( => current thread )

Other Threads:
  0x000001433a7eaab0 GCTaskThread "GC Thread#0" [stack: 0x0000000240200000,0x0000000240300000] [id=17048]
  0x000001433a7fc5d0 ConcurrentGCThread "G1 Main Marker" [stack: 0x0000000240300000,0x0000000240400000] [id=12416]
  0x000001433a7fcef0 ConcurrentGCThread "G1 Conc#0" [stack: 0x0000000240400000,0x0000000240500000] [id=14224]

[error occurred during error reporting (printing all threads), id 0xc0000005, EXCEPTION_ACCESS_VIOLATION (0xc0000005) at pc=0x00007fff49d084b7]

VM state: not at safepoint (not fully initialized)

VM Mutex/Monitor currently owned by a thread:  ([mutex/lock_event])
[0x000001433a7a8050] Heap_lock - owner thread: 0x000001433a7acb60

Heap address: 0x0000000081a00000, size: 2022 MB, Compressed Oops mode: 32-bit

CDS archive(s) mapped at: [0x0000000000000000-0x0000000000000000-0x0000000000000000), size 0, SharedBaseAddress: 0x0000000800000000, ArchiveRelocationMode: 0.
Narrow klass base: 0x0000000000000000, Narrow klass shift: 0, Narrow klass range: 0x0

GC Precious Log:
<Empty>

Heap:
 garbage-first heap   total 0K, used 0K [0x0000000081a00000, 0x0000000100000000)
  region size 1024K, 0 young (0K), 0 survivors (0K)

[error occurred during error reporting (printing heap information), id 0xc0000005, EXCEPTION_ACCESS_VIOLATION (0xc0000005) at pc=0x00007fff4a0e8d89]

GC Heap History (0 events):
No events

Deoptimization events (0 events):
No events

Classes unloaded (0 events):
No events

Classes redefined (0 events):
No events

Internal exceptions (0 events):
No events

VM Operations (0 events):
No events

Events (1 events):
Event: 0.006 Loaded shared library C:\Program Files\Java\jdk-17.0.1\bin\java.dll


Dynamic libraries:
0x00007ff7f1fa0000 - 0x00007ff7f1fb0000 	C:\Program Files\Java\jdk-17.0.1\bin\java.exe
0x00007fff91c70000 - 0x00007fff91e65000 	C:\WINDOWS\SYSTEM32\ntdll.dll
0x00007fff8ff50000 - 0x00007fff9000e000 	C:\WINDOWS\System32\KERNEL32.DLL
0x00007fff8f510000 - 0x00007fff8f7d8000 	C:\WINDOWS\System32\KERNELBASE.dll
0x00007fff8f880000 - 0x00007fff8f980000 	C:\WINDOWS\System32\ucrtbase.dll
0x00007fff786e0000 - 0x00007fff786f8000 	C:\Program Files\Java\jdk-17.0.1\bin\jli.dll
0x00007fff78700000 - 0x00007fff7871a000 	C:\Program Files\Java\jdk-17.0.1\bin\VCRUNTIME140.dll
0x00007fff90c00000 - 0x00007fff90cac000 	C:\WINDOWS\System32\ADVAPI32.dll
0x00007fff90db0000 - 0x00007fff90e4e000 	C:\WINDOWS\System32\msvcrt.dll
0x00007fff90e80000 - 0x00007fff90f1b000 	C:\WINDOWS\System32\sechost.dll
0x00007fff918f0000 - 0x00007fff91a1a000 	C:\WINDOWS\System32\RPCRT4.dll
0x00007fff90f90000 - 0x00007fff91131000 	C:\WINDOWS\System32\USER32.dll
0x00007fff8f980000 - 0x00007fff8f9a2000 	C:\WINDOWS\System32\win32u.dll
0x00007fff72d50000 - 0x00007fff72fea000 	C:\WINDOWS\WinSxS\amd64_microsoft.windows.common-controls_6595b64144ccf1df_6.0.19041.1110_none_60b5254171f9507e\COMCTL32.dll
0x00007fff90e50000 - 0x00007fff90e7b000 	C:\WINDOWS\System32\GDI32.dll
0x00007fff8fb10000 - 0x00007fff8fc1d000 	C:\WINDOWS\System32\gdi32full.dll
0x00007fff8f7e0000 - 0x00007fff8f87d000 	C:\WINDOWS\System32\msvcp_win.dll
0x00007fff85280000 - 0x00007fff8528a000 	C:\WINDOWS\SYSTEM32\VERSION.dll
0x00007fff90d80000 - 0x00007fff90db0000 	C:\WINDOWS\System32\IMM32.DLL
0x00007fff88d20000 - 0x00007fff88d2c000 	C:\Program Files\Java\jdk-17.0.1\bin\vcruntime140_1.dll
0x00007fff65970000 - 0x00007fff659fd000 	C:\Program Files\Java\jdk-17.0.1\bin\msvcp140.dll
0x00007fff49a20000 - 0x00007fff4a5de000 	C:\Program Files\Java\jdk-17.0.1\bin\server\jvm.dll
0x00007fff90f80000 - 0x00007fff90f88000 	C:\WINDOWS\System32\PSAPI.DLL
0x00007fff7a1c0000 - 0x00007fff7a1e7000 	C:\WINDOWS\SYSTEM32\WINMM.dll
0x00007fff71f80000 - 0x00007fff71f89000 	C:\WINDOWS\SYSTEM32\WSOCK32.dll
0x00007fff908a0000 - 0x00007fff9090b000 	C:\WINDOWS\System32\WS2_32.dll
0x00007fff8df20000 - 0x00007fff8df32000 	C:\WINDOWS\SYSTEM32\kernel.appcore.dll
0x00007fff786d0000 - 0x00007fff786da000 	C:\Program Files\Java\jdk-17.0.1\bin\jimage.dll
0x00007fff8d900000 - 0x00007fff8dae4000 	C:\WINDOWS\SYSTEM32\DBGHELP.DLL
0x00007fff76b70000 - 0x00007fff76b9c000 	C:\WINDOWS\SYSTEM32\dbgcore.DLL
0x00007fff8f480000 - 0x00007fff8f502000 	C:\WINDOWS\System32\bcryptPrimitives.dll
0x00007fff71520000 - 0x00007fff71545000 	C:\Program Files\Java\jdk-17.0.1\bin\java.dll

dbghelp: loaded successfully - version: 4.0.5 - missing functions: none
symbol engine: initialized successfully - sym options: 0x614 - pdb path: .;C:\Program Files\Java\jdk-17.0.1\bin;C:\WINDOWS\SYSTEM32;C:\WINDOWS\WinSxS\amd64_microsoft.windows.common-controls_6595b64144ccf1df_6.0.19041.1110_none_60b5254171f9507e;C:\Program Files\Java\jdk-17.0.1\bin\server

VM Arguments:
java_command: C:\Users\yoniy\AppData\Local\Temp\surefire120183593554719819\surefirebooter12130521295499494716.jar C:\Users\yoniy\AppData\Local\Temp\surefire120183593554719819 2022-01-11T10-17-01_714-jvmRun1 surefire9310933525143141482tmp surefire_09105279410328258059tmp
java_class_path (initial): C:\Users\yoniy\AppData\Local\Temp\surefire120183593554719819\surefirebooter12130521295499494716.jar
Launcher Type: SUN_STANDARD

[Global flags]
     intx CICompilerCount                          = 4                                         {product} {ergonomic}
     uint ConcGCThreads                            = 2                                         {product} {ergonomic}
     uint G1ConcRefinementThreads                  = 8                                         {product} {ergonomic}
   size_t G1HeapRegionSize                         = 1048576                                   {product} {ergonomic}
    uintx GCDrainStackTargetSize                   = 64                                        {product} {ergonomic}
   size_t InitialHeapSize                          = 134217728                                 {product} {ergonomic}
   size_t MarkStackSize                            = 4194304                                   {product} {ergonomic}
   size_t MaxHeapSize                              = 2120220672                                {product} {ergonomic}
   size_t MinHeapDeltaBytes                        = 1048576                                   {product} {ergonomic}
   size_t MinHeapSize                              = 8388608                                   {product} {ergonomic}
    uintx NonNMethodCodeHeapSize                   = 5839372                                {pd product} {ergonomic}
    uintx NonProfiledCodeHeapSize                  = 122909434                              {pd product} {ergonomic}
    uintx ProfiledCodeHeapSize                     = 122909434                              {pd product} {ergonomic}
    uintx ReservedCodeCacheSize                    = 251658240                              {pd product} {ergonomic}
     bool SegmentedCodeCache                       = true                                      {product} {ergonomic}
   size_t SoftMaxHeapSize                          = 2120220672                             {manageable} {ergonomic}
     bool UseCompressedClassPointers               = true                           {product lp64_product} {ergonomic}
     bool UseCompressedOops                        = true                           {product lp64_product} {ergonomic}
     bool UseG1GC                                  = true                                      {product} {ergonomic}
     bool UseLargePagesIndividualAllocation        = false                                  {pd product} {ergonomic}

Logging:
Log output configuration:
 #0: stdout all=warning uptime,level,tags
 #1: stderr all=off uptime,level,tags

Environment Variables:
PATH=C:\Program Files\Common Files\Oracle\Java\javapath;C:\Program Files (x86)\Intel\iCLS Client\;C:\Program Files\Intel\iCLS Client\;C:\WINDOWS\system32;C:\WINDOWS;C:\WINDOWS\System32\Wbem;C:\WINDOWS\System32\WindowsPowerShell\v1.0\;C:\Program Files\Intel\WiFi\bin\;C:\Program Files\Common Files\Intel\WirelessCommon\;C:\Program Files (x86)\Intel\Intel(R) Management Engine Components\DAL;C:\Program Files\Intel\Intel(R) Management Engine Components\DAL;C:\Program Files (x86)\Intel\Intel(R) Management Engine Components\IPT;C:\Program Files\Intel\Intel(R) Management Engine Components\IPT;C:\WINDOWS\System32\OpenSSH\;C:\Program Files\Git\cmd;C:\Program Files\MySQL\MySQL Shell 8.0\bin\;C:\Users\yoniy\AppData\Local\Microsoft\WindowsApps;C:\Program Files\JetBrains\IntelliJ IDEA Community Edition 2021.2.3\bin;;C:\Users\yoniy\AppData\Local\GitHubDesktop\bin
USERNAME=yoniy
OS=Windows_NT
PROCESSOR_IDENTIFIER=Intel64 Family 6 Model 142 Stepping 10, GenuineIntel



---------------  S Y S T E M  ---------------

OS:
 Windows 10 , 64 bit Build 19041 (10.0.19041.1348)
OS uptime: 5 days 10:39 hours

CPU: total 8 (initial active 8) (4 cores per cpu, 2 threads per core) family 6 model 142 stepping 10 microcode 0xb4, cx8, cmov, fxsr, ht, mmx, 3dnowpref, sse, sse2, sse3, ssse3, sse4.1, sse4.2, popcnt, lzcnt, tsc, tscinvbit, avx, avx2, aes, erms, clmul, bmi1, bmi2, adx, fma, vzeroupper, clflush, clflushopt

Memory: 4k page, system-wide physical 8087M (594M free)
TotalPageFile size 12183M (AvailPageFile size 112M)
current process WorkingSet (physical memory assigned to process): 10M, peak: 10M
current process commit charge ("private bytes"): 60M, peak: 188M

vm_info: Java HotSpot(TM) 64-Bit Server VM (17.0.1+12-LTS-39) for windows-amd64 JRE (17.0.1+12-LTS-39), built on Sep 27 2021 18:41:35 by "mach5one" with MS VC++ 16.8 (VS2019)

END.
